{"C:\\Projects\\flowti\\Development\\flowti\\src\\domain\\dataExchange\\BaseQueryEngine.ts": {"path":"C:\\Projects\\flowti\\Development\\flowti\\src\\domain\\dataExchange\\BaseQueryEngine.ts","statementMap":{"0":{"start":{"line":35,"column":21},"end":{"line":35,"column":null}},"1":{"start":{"line":36,"column":27},"end":{"line":36,"column":null}},"2":{"start":{"line":37,"column":22},"end":{"line":37,"column":null}},"3":{"start":{"line":38,"column":25},"end":{"line":38,"column":null}},"4":{"start":{"line":39,"column":27},"end":{"line":39,"column":null}},"5":{"start":{"line":46,"column":8},"end":{"line":46,"column":null}},"6":{"start":{"line":48,"column":2},"end":{"line":50,"column":null}},"7":{"start":{"line":49,"column":3},"end":{"line":49,"column":null}},"8":{"start":{"line":52,"column":24},"end":{"line":54,"column":null}},"9":{"start":{"line":56,"column":19},"end":{"line":56,"column":null}},"10":{"start":{"line":57,"column":34},"end":{"line":75,"column":null}},"11":{"start":{"line":59,"column":39},"end":{"line":65,"column":null}},"12":{"start":{"line":67,"column":4},"end":{"line":71,"column":null}},"13":{"start":{"line":68,"column":5},"end":{"line":70,"column":null}},"14":{"start":{"line":73,"column":4},"end":{"line":73,"column":null}},"15":{"start":{"line":78,"column":21},"end":{"line":80,"column":null}},"16":{"start":{"line":83,"column":19},"end":{"line":85,"column":null}},"17":{"start":{"line":87,"column":2},"end":{"line":87,"column":null}},"18":{"start":{"line":99,"column":15},"end":{"line":99,"column":null}},"19":{"start":{"line":102,"column":2},"end":{"line":104,"column":null}},"20":{"start":{"line":103,"column":3},"end":{"line":103,"column":null}},"21":{"start":{"line":107,"column":15},"end":{"line":107,"column":null}},"22":{"start":{"line":108,"column":2},"end":{"line":110,"column":null}},"23":{"start":{"line":109,"column":3},"end":{"line":109,"column":null}},"24":{"start":{"line":112,"column":2},"end":{"line":112,"column":null}},"25":{"start":{"line":122,"column":2},"end":{"line":122,"column":null}},"26":{"start":{"line":122,"column":32},"end":{"line":122,"column":62}},"27":{"start":{"line":129,"column":2},"end":{"line":129,"column":null}},"28":{"start":{"line":135,"column":2},"end":{"line":137,"column":null}},"29":{"start":{"line":136,"column":3},"end":{"line":136,"column":null}},"30":{"start":{"line":136,"column":40},"end":{"line":136,"column":70}},"31":{"start":{"line":138,"column":2},"end":{"line":138,"column":null}},"32":{"start":{"line":138,"column":38},"end":{"line":138,"column":68}},"33":{"start":{"line":145,"column":2},"end":{"line":147,"column":null}},"34":{"start":{"line":146,"column":3},"end":{"line":146,"column":null}},"35":{"start":{"line":148,"column":2},"end":{"line":148,"column":null}},"36":{"start":{"line":154,"column":2},"end":{"line":186,"column":null}},"37":{"start":{"line":156,"column":4},"end":{"line":158,"column":null}},"38":{"start":{"line":159,"column":4},"end":{"line":159,"column":null}},"39":{"start":{"line":162,"column":4},"end":{"line":164,"column":null}},"40":{"start":{"line":165,"column":4},"end":{"line":165,"column":null}},"41":{"start":{"line":168,"column":4},"end":{"line":168,"column":null}},"42":{"start":{"line":169,"column":4},"end":{"line":169,"column":null}},"43":{"start":{"line":172,"column":4},"end":{"line":174,"column":null}},"44":{"start":{"line":175,"column":4},"end":{"line":175,"column":null}},"45":{"start":{"line":178,"column":20},"end":{"line":178,"column":null}},"46":{"start":{"line":179,"column":4},"end":{"line":179,"column":null}},"47":{"start":{"line":180,"column":4},"end":{"line":180,"column":null}},"48":{"start":{"line":185,"column":4},"end":{"line":185,"column":null}},"49":{"start":{"line":188,"column":2},"end":{"line":188,"column":null}},"50":{"start":{"line":197,"column":2},"end":{"line":197,"column":null}},"51":{"start":{"line":197,"column":12},"end":{"line":197,"column":null}},"52":{"start":{"line":199,"column":2},"end":{"line":206,"column":null}},"53":{"start":{"line":200,"column":3},"end":{"line":205,"column":null}},"54":{"start":{"line":203,"column":5},"end":{"line":203,"column":null}},"55":{"start":{"line":208,"column":2},"end":{"line":215,"column":null}},"56":{"start":{"line":209,"column":3},"end":{"line":214,"column":null}},"57":{"start":{"line":212,"column":5},"end":{"line":212,"column":null}},"58":{"start":{"line":217,"column":2},"end":{"line":217,"column":null}},"59":{"start":{"line":221,"column":2},"end":{"line":226,"column":null}},"60":{"start":{"line":222,"column":17},"end":{"line":224,"column":null}},"61":{"start":{"line":225,"column":3},"end":{"line":225,"column":null}},"62":{"start":{"line":225,"column":14},"end":{"line":225,"column":null}},"63":{"start":{"line":228,"column":2},"end":{"line":228,"column":null}},"64":{"start":{"line":242,"column":16},"end":{"line":242,"column":null}},"65":{"start":{"line":243,"column":18},"end":{"line":243,"column":null}},"66":{"start":{"line":246,"column":2},"end":{"line":251,"column":null}},"67":{"start":{"line":250,"column":3},"end":{"line":250,"column":null}},"68":{"start":{"line":254,"column":2},"end":{"line":257,"column":null}},"69":{"start":{"line":255,"column":3},"end":{"line":255,"column":null}},"70":{"start":{"line":256,"column":3},"end":{"line":256,"column":null}},"71":{"start":{"line":260,"column":24},"end":{"line":260,"column":null}},"72":{"start":{"line":261,"column":2},"end":{"line":263,"column":null}},"73":{"start":{"line":262,"column":3},"end":{"line":262,"column":null}},"74":{"start":{"line":266,"column":30},"end":{"line":266,"column":null}},"75":{"start":{"line":267,"column":2},"end":{"line":274,"column":null}},"76":{"start":{"line":268,"column":3},"end":{"line":273,"column":null}},"77":{"start":{"line":277,"column":19},"end":{"line":277,"column":null}},"78":{"start":{"line":278,"column":2},"end":{"line":280,"column":null}},"79":{"start":{"line":279,"column":3},"end":{"line":279,"column":null}},"80":{"start":{"line":283,"column":28},"end":{"line":283,"column":null}},"81":{"start":{"line":284,"column":2},"end":{"line":291,"column":null}},"82":{"start":{"line":285,"column":3},"end":{"line":290,"column":null}},"83":{"start":{"line":294,"column":20},"end":{"line":294,"column":null}},"84":{"start":{"line":295,"column":2},"end":{"line":302,"column":null}},"85":{"start":{"line":296,"column":3},"end":{"line":301,"column":null}},"86":{"start":{"line":305,"column":2},"end":{"line":305,"column":null}},"87":{"start":{"line":314,"column":2},"end":{"line":314,"column":null}},"88":{"start":{"line":324,"column":2},"end":{"line":324,"column":null}},"89":{"start":{"line":324,"column":39},"end":{"line":324,"column":null}},"90":{"start":{"line":326,"column":41},"end":{"line":326,"column":null}},"91":{"start":{"line":327,"column":2},"end":{"line":331,"column":null}},"92":{"start":{"line":328,"column":3},"end":{"line":330,"column":null}},"93":{"start":{"line":329,"column":4},"end":{"line":329,"column":null}},"94":{"start":{"line":332,"column":2},"end":{"line":332,"column":null}},"95":{"start":{"line":346,"column":2},"end":{"line":346,"column":null}},"96":{"start":{"line":346,"column":39},"end":{"line":346,"column":null}},"97":{"start":{"line":348,"column":53},"end":{"line":348,"column":null}},"98":{"start":{"line":349,"column":2},"end":{"line":358,"column":null}},"99":{"start":{"line":350,"column":3},"end":{"line":357,"column":null}},"100":{"start":{"line":351,"column":16},"end":{"line":351,"column":null}},"101":{"start":{"line":352,"column":39},"end":{"line":352,"column":null}},"102":{"start":{"line":353,"column":4},"end":{"line":355,"column":null}},"103":{"start":{"line":354,"column":5},"end":{"line":354,"column":null}},"104":{"start":{"line":356,"column":4},"end":{"line":356,"column":null}},"105":{"start":{"line":359,"column":2},"end":{"line":359,"column":null}}},"fnMap":{"0":{"name":"(anonymous_0)","decl":{"start":{"line":45,"column":1},"end":{"line":45,"column":15}},"loc":{"start":{"line":45,"column":52},"end":{"line":88,"column":null}},"line":45},"1":{"name":"(anonymous_1)","decl":{"start":{"line":58,"column":3},"end":{"line":58,"column":4}},"loc":{"start":{"line":58,"column":35},"end":{"line":74,"column":null}},"line":58},"2":{"name":"(anonymous_2)","decl":{"start":{"line":94,"column":1},"end":{"line":94,"column":null}},"loc":{"start":{"line":98,"column":20},"end":{"line":113,"column":null}},"line":98},"3":{"name":"(anonymous_3)","decl":{"start":{"line":118,"column":1},"end":{"line":118,"column":null}},"loc":{"start":{"line":121,"column":20},"end":{"line":123,"column":null}},"line":121},"4":{"name":"(anonymous_4)","decl":{"start":{"line":122,"column":22},"end":{"line":122,"column":23}},"loc":{"start":{"line":122,"column":32},"end":{"line":122,"column":62}},"line":122},"5":{"name":"(anonymous_5)","decl":{"start":{"line":128,"column":1},"end":{"line":128,"column":16}},"loc":{"start":{"line":128,"column":79},"end":{"line":130,"column":null}},"line":128},"6":{"name":"(anonymous_6)","decl":{"start":{"line":134,"column":9},"end":{"line":134,"column":22}},"loc":{"start":{"line":134,"column":76},"end":{"line":139,"column":null}},"line":134},"7":{"name":"(anonymous_7)","decl":{"start":{"line":136,"column":33},"end":{"line":136,"column":34}},"loc":{"start":{"line":136,"column":40},"end":{"line":136,"column":70}},"line":136},"8":{"name":"(anonymous_8)","decl":{"start":{"line":138,"column":31},"end":{"line":138,"column":32}},"loc":{"start":{"line":138,"column":38},"end":{"line":138,"column":68}},"line":138},"9":{"name":"(anonymous_9)","decl":{"start":{"line":141,"column":9},"end":{"line":141,"column":null}},"loc":{"start":{"line":144,"column":12},"end":{"line":149,"column":null}},"line":144},"10":{"name":"(anonymous_10)","decl":{"start":{"line":151,"column":9},"end":{"line":151,"column":24}},"loc":{"start":{"line":151,"column":74},"end":{"line":189,"column":null}},"line":151},"11":{"name":"(anonymous_11)","decl":{"start":{"line":194,"column":9},"end":{"line":194,"column":null}},"loc":{"start":{"line":196,"column":32},"end":{"line":218,"column":null}},"line":196},"12":{"name":"(anonymous_12)","decl":{"start":{"line":202,"column":28},"end":{"line":202,"column":29}},"loc":{"start":{"line":203,"column":5},"end":{"line":203,"column":null}},"line":203},"13":{"name":"(anonymous_13)","decl":{"start":{"line":211,"column":27},"end":{"line":211,"column":28}},"loc":{"start":{"line":212,"column":5},"end":{"line":212,"column":null}},"line":212},"14":{"name":"(anonymous_14)","decl":{"start":{"line":220,"column":9},"end":{"line":220,"column":24}},"loc":{"start":{"line":220,"column":69},"end":{"line":229,"column":null}},"line":220},"15":{"name":"(anonymous_15)","decl":{"start":{"line":241,"column":1},"end":{"line":241,"column":23}},"loc":{"start":{"line":241,"column":49},"end":{"line":306,"column":null}},"line":241},"16":{"name":"(anonymous_16)","decl":{"start":{"line":308,"column":9},"end":{"line":308,"column":null}},"loc":{"start":{"line":313,"column":15},"end":{"line":315,"column":null}},"line":313},"17":{"name":"(anonymous_17)","decl":{"start":{"line":321,"column":9},"end":{"line":321,"column":null}},"loc":{"start":{"line":323,"column":39},"end":{"line":333,"column":null}},"line":323},"18":{"name":"(anonymous_18)","decl":{"start":{"line":343,"column":9},"end":{"line":343,"column":null}},"loc":{"start":{"line":345,"column":51},"end":{"line":360,"column":null}},"line":345}},"branchMap":{"0":{"loc":{"start":{"line":48,"column":2},"end":{"line":50,"column":null}},"type":"if","locations":[{"start":{"line":48,"column":2},"end":{"line":50,"column":null}},{"start":{},"end":{}}],"line":48},"1":{"loc":{"start":{"line":56,"column":19},"end":{"line":56,"column":null}},"type":"cond-expr","locations":[{"start":{"line":56,"column":46},"end":{"line":56,"column":58}},{"start":{"line":56,"column":58},"end":{"line":56,"column":null}}],"line":56},"2":{"loc":{"start":{"line":60,"column":18},"end":{"line":60,"column":38}},"type":"binary-expr","locations":[{"start":{"line":60,"column":18},"end":{"line":60,"column":28}},{"start":{"line":60,"column":28},"end":{"line":60,"column":38}}],"line":60},"3":{"loc":{"start":{"line":61,"column":18},"end":{"line":61,"column":35}},"type":"binary-expr","locations":[{"start":{"line":61,"column":18},"end":{"line":61,"column":28}},{"start":{"line":61,"column":28},"end":{"line":61,"column":35}}],"line":61},"4":{"loc":{"start":{"line":62,"column":12},"end":{"line":64,"column":null}},"type":"cond-expr","locations":[{"start":{"line":63,"column":8},"end":{"line":63,"column":null}},{"start":{"line":64,"column":8},"end":{"line":64,"column":null}}],"line":62},"5":{"loc":{"start":{"line":67,"column":4},"end":{"line":71,"column":null}},"type":"if","locations":[{"start":{"line":67,"column":4},"end":{"line":71,"column":null}},{"start":{},"end":{}}],"line":67},"6":{"loc":{"start":{"line":102,"column":2},"end":{"line":104,"column":null}},"type":"if","locations":[{"start":{"line":102,"column":2},"end":{"line":104,"column":null}},{"start":{},"end":{}}],"line":102},"7":{"loc":{"start":{"line":108,"column":2},"end":{"line":110,"column":null}},"type":"if","locations":[{"start":{"line":108,"column":2},"end":{"line":110,"column":null}},{"start":{},"end":{}}],"line":108},"8":{"loc":{"start":{"line":135,"column":2},"end":{"line":137,"column":null}},"type":"if","locations":[{"start":{"line":135,"column":2},"end":{"line":137,"column":null}},{"start":{},"end":{}}],"line":135},"9":{"loc":{"start":{"line":145,"column":2},"end":{"line":147,"column":null}},"type":"if","locations":[{"start":{"line":145,"column":2},"end":{"line":147,"column":null}},{"start":{},"end":{}}],"line":145},"10":{"loc":{"start":{"line":154,"column":2},"end":{"line":186,"column":null}},"type":"switch","locations":[{"start":{"line":155,"column":3},"end":{"line":159,"column":null}},{"start":{"line":161,"column":3},"end":{"line":165,"column":null}},{"start":{"line":167,"column":3},"end":{"line":169,"column":null}},{"start":{"line":171,"column":3},"end":{"line":175,"column":null}},{"start":{"line":177,"column":3},"end":{"line":181,"column":null}},{"start":{"line":183,"column":3},"end":{"line":185,"column":null}}],"line":154},"11":{"loc":{"start":{"line":157,"column":5},"end":{"line":158,"column":null}},"type":"binary-expr","locations":[{"start":{"line":157,"column":5},"end":{"line":157,"column":null}},{"start":{"line":158,"column":5},"end":{"line":158,"column":null}}],"line":157},"12":{"loc":{"start":{"line":179,"column":13},"end":{"line":179,"column":null}},"type":"binary-expr","locations":[{"start":{"line":179,"column":13},"end":{"line":179,"column":38}},{"start":{"line":179,"column":38},"end":{"line":179,"column":null}}],"line":179},"13":{"loc":{"start":{"line":188,"column":9},"end":{"line":188,"column":null}},"type":"cond-expr","locations":[{"start":{"line":188,"column":26},"end":{"line":188,"column":36}},{"start":{"line":188,"column":36},"end":{"line":188,"column":null}}],"line":188},"14":{"loc":{"start":{"line":197,"column":2},"end":{"line":197,"column":null}},"type":"if","locations":[{"start":{"line":197,"column":2},"end":{"line":197,"column":null}},{"start":{},"end":{}}],"line":197},"15":{"loc":{"start":{"line":199,"column":2},"end":{"line":206,"column":null}},"type":"if","locations":[{"start":{"line":199,"column":2},"end":{"line":206,"column":null}},{"start":{},"end":{}}],"line":199},"16":{"loc":{"start":{"line":208,"column":2},"end":{"line":215,"column":null}},"type":"if","locations":[{"start":{"line":208,"column":2},"end":{"line":215,"column":null}},{"start":{},"end":{}}],"line":208},"17":{"loc":{"start":{"line":221,"column":2},"end":{"line":226,"column":null}},"type":"if","locations":[{"start":{"line":221,"column":2},"end":{"line":226,"column":null}},{"start":{},"end":{}}],"line":221},"18":{"loc":{"start":{"line":221,"column":6},"end":{"line":221,"column":73}},"type":"binary-expr","locations":[{"start":{"line":221,"column":6},"end":{"line":221,"column":34}},{"start":{"line":221,"column":34},"end":{"line":221,"column":51}},{"start":{"line":221,"column":51},"end":{"line":221,"column":73}}],"line":221},"19":{"loc":{"start":{"line":225,"column":3},"end":{"line":225,"column":null}},"type":"if","locations":[{"start":{"line":225,"column":3},"end":{"line":225,"column":null}},{"start":{},"end":{}}],"line":225},"20":{"loc":{"start":{"line":246,"column":2},"end":{"line":251,"column":null}},"type":"if","locations":[{"start":{"line":246,"column":2},"end":{"line":251,"column":null}},{"start":{},"end":{}}],"line":246},"21":{"loc":{"start":{"line":247,"column":4},"end":{"line":248,"column":null}},"type":"binary-expr","locations":[{"start":{"line":247,"column":4},"end":{"line":247,"column":33}},{"start":{"line":247,"column":33},"end":{"line":247,"column":null}},{"start":{"line":248,"column":4},"end":{"line":248,"column":33}},{"start":{"line":248,"column":33},"end":{"line":248,"column":null}}],"line":247},"22":{"loc":{"start":{"line":254,"column":2},"end":{"line":257,"column":null}},"type":"if","locations":[{"start":{"line":254,"column":2},"end":{"line":257,"column":null}},{"start":{},"end":{}}],"line":254},"23":{"loc":{"start":{"line":261,"column":2},"end":{"line":263,"column":null}},"type":"if","locations":[{"start":{"line":261,"column":2},"end":{"line":263,"column":null}},{"start":{},"end":{}}],"line":261},"24":{"loc":{"start":{"line":267,"column":2},"end":{"line":274,"column":null}},"type":"if","locations":[{"start":{"line":267,"column":2},"end":{"line":274,"column":null}},{"start":{},"end":{}}],"line":267},"25":{"loc":{"start":{"line":278,"column":2},"end":{"line":280,"column":null}},"type":"if","locations":[{"start":{"line":278,"column":2},"end":{"line":280,"column":null}},{"start":{},"end":{}}],"line":278},"26":{"loc":{"start":{"line":284,"column":2},"end":{"line":291,"column":null}},"type":"if","locations":[{"start":{"line":284,"column":2},"end":{"line":291,"column":null}},{"start":{},"end":{}}],"line":284},"27":{"loc":{"start":{"line":295,"column":2},"end":{"line":302,"column":null}},"type":"if","locations":[{"start":{"line":295,"column":2},"end":{"line":302,"column":null}},{"start":{},"end":{}}],"line":295},"28":{"loc":{"start":{"line":324,"column":2},"end":{"line":324,"column":null}},"type":"if","locations":[{"start":{"line":324,"column":2},"end":{"line":324,"column":null}},{"start":{},"end":{}}],"line":324},"29":{"loc":{"start":{"line":324,"column":6},"end":{"line":324,"column":39}},"type":"binary-expr","locations":[{"start":{"line":324,"column":6},"end":{"line":324,"column":14}},{"start":{"line":324,"column":14},"end":{"line":324,"column":39}}],"line":324},"30":{"loc":{"start":{"line":328,"column":3},"end":{"line":330,"column":null}},"type":"if","locations":[{"start":{"line":328,"column":3},"end":{"line":330,"column":null}},{"start":{},"end":{}}],"line":328},"31":{"loc":{"start":{"line":328,"column":7},"end":{"line":328,"column":42}},"type":"binary-expr","locations":[{"start":{"line":328,"column":7},"end":{"line":328,"column":28}},{"start":{"line":328,"column":28},"end":{"line":328,"column":42}}],"line":328},"32":{"loc":{"start":{"line":332,"column":9},"end":{"line":332,"column":null}},"type":"cond-expr","locations":[{"start":{"line":332,"column":42},"end":{"line":332,"column":51}},{"start":{"line":332,"column":51},"end":{"line":332,"column":null}}],"line":332},"33":{"loc":{"start":{"line":346,"column":2},"end":{"line":346,"column":null}},"type":"if","locations":[{"start":{"line":346,"column":2},"end":{"line":346,"column":null}},{"start":{},"end":{}}],"line":346},"34":{"loc":{"start":{"line":346,"column":6},"end":{"line":346,"column":39}},"type":"binary-expr","locations":[{"start":{"line":346,"column":6},"end":{"line":346,"column":14}},{"start":{"line":346,"column":14},"end":{"line":346,"column":39}}],"line":346},"35":{"loc":{"start":{"line":350,"column":3},"end":{"line":357,"column":null}},"type":"if","locations":[{"start":{"line":350,"column":3},"end":{"line":357,"column":null}},{"start":{},"end":{}}],"line":350},"36":{"loc":{"start":{"line":350,"column":7},"end":{"line":350,"column":62}},"type":"binary-expr","locations":[{"start":{"line":350,"column":7},"end":{"line":350,"column":14}},{"start":{"line":350,"column":14},"end":{"line":350,"column":41}},{"start":{"line":350,"column":41},"end":{"line":350,"column":62}}],"line":350},"37":{"loc":{"start":{"line":353,"column":4},"end":{"line":355,"column":null}},"type":"if","locations":[{"start":{"line":353,"column":4},"end":{"line":355,"column":null}},{"start":{},"end":{}}],"line":353},"38":{"loc":{"start":{"line":359,"column":9},"end":{"line":359,"column":null}},"type":"cond-expr","locations":[{"start":{"line":359,"column":42},"end":{"line":359,"column":51}},{"start":{"line":359,"column":51},"end":{"line":359,"column":null}}],"line":359}},"s":{"0":4,"1":4,"2":4,"3":4,"4":4,"5":21,"6":21,"7":1,"8":20,"9":20,"10":21,"11":22,"12":22,"13":2,"14":22,"15":21,"16":21,"17":21,"18":4,"19":4,"20":3,"21":4,"22":4,"23":1,"24":4,"25":12,"26":60,"27":6,"28":60,"29":54,"30":56,"31":6,"32":11,"33":67,"34":0,"35":67,"36":67,"37":6,"38":6,"39":12,"40":12,"41":27,"42":27,"43":6,"44":6,"45":16,"46":16,"47":16,"48":0,"49":67,"50":22,"51":13,"52":9,"53":9,"54":10,"55":0,"56":0,"57":0,"58":0,"59":10,"60":0,"61":0,"62":0,"63":10,"64":18,"65":18,"66":18,"67":1,"68":18,"69":2,"70":2,"71":18,"72":18,"73":2,"74":16,"75":16,"76":4,"77":12,"78":12,"79":8,"80":4,"81":4,"82":1,"83":3,"84":3,"85":3,"86":0,"87":18,"88":20,"89":18,"90":2,"91":2,"92":4,"93":4,"94":2,"95":20,"96":18,"97":2,"98":2,"99":4,"100":4,"101":4,"102":4,"103":4,"104":4,"105":2},"f":{"0":21,"1":22,"2":4,"3":12,"4":60,"5":6,"6":60,"7":56,"8":11,"9":67,"10":67,"11":22,"12":10,"13":0,"14":10,"15":18,"16":18,"17":20,"18":20},"b":{"0":[1,20],"1":[20,0],"2":[22,0],"3":[22,0],"4":[5,17],"5":[2,20],"6":[3,1],"7":[1,3],"8":[54,6],"9":[0,67],"10":[6,12,27,6,16,0],"11":[6,4],"12":[16,12],"13":[6,61],"14":[13,9],"15":[9,0],"16":[0,0],"17":[0,10],"18":[10,0,0],"19":[0,0],"20":[1,17],"21":[18,1,17,0],"22":[2,16],"23":[2,16],"24":[4,12],"25":[8,4],"26":[1,3],"27":[3,0],"28":[18,2],"29":[20,2],"30":[4,0],"31":[4,4],"32":[2,0],"33":[18,2],"34":[20,2],"35":[4,0],"36":[4,4,4],"37":[4,0],"38":[2,0]},"meta":{"lastBranch":39,"lastFunction":19,"lastStatement":106,"seen":{"s:35:21:35:Infinity":0,"s:36:27:36:Infinity":1,"s:37:22:37:Infinity":2,"s:38:25:38:Infinity":3,"s:39:27:39:Infinity":4,"f:45:1:45:15":0,"s:46:8:46:Infinity":5,"b:48:2:50:Infinity:undefined:undefined:undefined:undefined":0,"s:48:2:50:Infinity":6,"s:49:3:49:Infinity":7,"s:52:24:54:Infinity":8,"s:56:19:56:Infinity":9,"b:56:46:56:58:56:58:56:Infinity":1,"s:57:34:75:Infinity":10,"f:58:3:58:4":1,"s:59:39:65:Infinity":11,"b:60:18:60:28:60:28:60:38":2,"b:61:18:61:28:61:28:61:35":3,"b:63:8:63:Infinity:64:8:64:Infinity":4,"b:67:4:71:Infinity:undefined:undefined:undefined:undefined":5,"s:67:4:71:Infinity":12,"s:68:5:70:Infinity":13,"s:73:4:73:Infinity":14,"s:78:21:80:Infinity":15,"s:83:19:85:Infinity":16,"s:87:2:87:Infinity":17,"f:94:1:94:Infinity":2,"s:99:15:99:Infinity":18,"b:102:2:104:Infinity:undefined:undefined:undefined:undefined":6,"s:102:2:104:Infinity":19,"s:103:3:103:Infinity":20,"s:107:15:107:Infinity":21,"b:108:2:110:Infinity:undefined:undefined:undefined:undefined":7,"s:108:2:110:Infinity":22,"s:109:3:109:Infinity":23,"s:112:2:112:Infinity":24,"f:118:1:118:Infinity":3,"s:122:2:122:Infinity":25,"f:122:22:122:23":4,"s:122:32:122:62":26,"f:128:1:128:16":5,"s:129:2:129:Infinity":27,"f:134:9:134:22":6,"b:135:2:137:Infinity:undefined:undefined:undefined:undefined":8,"s:135:2:137:Infinity":28,"s:136:3:136:Infinity":29,"f:136:33:136:34":7,"s:136:40:136:70":30,"s:138:2:138:Infinity":31,"f:138:31:138:32":8,"s:138:38:138:68":32,"f:141:9:141:Infinity":9,"b:145:2:147:Infinity:undefined:undefined:undefined:undefined":9,"s:145:2:147:Infinity":33,"s:146:3:146:Infinity":34,"s:148:2:148:Infinity":35,"f:151:9:151:24":10,"b:155:3:159:Infinity:161:3:165:Infinity:167:3:169:Infinity:171:3:175:Infinity:177:3:181:Infinity:183:3:185:Infinity":10,"s:154:2:186:Infinity":36,"s:156:4:158:Infinity":37,"b:157:5:157:Infinity:158:5:158:Infinity":11,"s:159:4:159:Infinity":38,"s:162:4:164:Infinity":39,"s:165:4:165:Infinity":40,"s:168:4:168:Infinity":41,"s:169:4:169:Infinity":42,"s:172:4:174:Infinity":43,"s:175:4:175:Infinity":44,"s:178:20:178:Infinity":45,"s:179:4:179:Infinity":46,"b:179:13:179:38:179:38:179:Infinity":12,"s:180:4:180:Infinity":47,"s:185:4:185:Infinity":48,"s:188:2:188:Infinity":49,"b:188:26:188:36:188:36:188:Infinity":13,"f:194:9:194:Infinity":11,"b:197:2:197:Infinity:undefined:undefined:undefined:undefined":14,"s:197:2:197:Infinity":50,"s:197:12:197:Infinity":51,"b:199:2:206:Infinity:undefined:undefined:undefined:undefined":15,"s:199:2:206:Infinity":52,"s:200:3:205:Infinity":53,"f:202:28:202:29":12,"s:203:5:203:Infinity":54,"b:208:2:215:Infinity:undefined:undefined:undefined:undefined":16,"s:208:2:215:Infinity":55,"s:209:3:214:Infinity":56,"f:211:27:211:28":13,"s:212:5:212:Infinity":57,"s:217:2:217:Infinity":58,"f:220:9:220:24":14,"b:221:2:226:Infinity:undefined:undefined:undefined:undefined":17,"s:221:2:226:Infinity":59,"b:221:6:221:34:221:34:221:51:221:51:221:73":18,"s:222:17:224:Infinity":60,"b:225:3:225:Infinity:undefined:undefined:undefined:undefined":19,"s:225:3:225:Infinity":61,"s:225:14:225:Infinity":62,"s:228:2:228:Infinity":63,"f:241:1:241:23":15,"s:242:16:242:Infinity":64,"s:243:18:243:Infinity":65,"b:246:2:251:Infinity:undefined:undefined:undefined:undefined":20,"s:246:2:251:Infinity":66,"b:247:4:247:33:247:33:247:Infinity:248:4:248:33:248:33:248:Infinity":21,"s:250:3:250:Infinity":67,"b:254:2:257:Infinity:undefined:undefined:undefined:undefined":22,"s:254:2:257:Infinity":68,"s:255:3:255:Infinity":69,"s:256:3:256:Infinity":70,"s:260:24:260:Infinity":71,"b:261:2:263:Infinity:undefined:undefined:undefined:undefined":23,"s:261:2:263:Infinity":72,"s:262:3:262:Infinity":73,"s:266:30:266:Infinity":74,"b:267:2:274:Infinity:undefined:undefined:undefined:undefined":24,"s:267:2:274:Infinity":75,"s:268:3:273:Infinity":76,"s:277:19:277:Infinity":77,"b:278:2:280:Infinity:undefined:undefined:undefined:undefined":25,"s:278:2:280:Infinity":78,"s:279:3:279:Infinity":79,"s:283:28:283:Infinity":80,"b:284:2:291:Infinity:undefined:undefined:undefined:undefined":26,"s:284:2:291:Infinity":81,"s:285:3:290:Infinity":82,"s:294:20:294:Infinity":83,"b:295:2:302:Infinity:undefined:undefined:undefined:undefined":27,"s:295:2:302:Infinity":84,"s:296:3:301:Infinity":85,"s:305:2:305:Infinity":86,"f:308:9:308:Infinity":16,"s:314:2:314:Infinity":87,"f:321:9:321:Infinity":17,"b:324:2:324:Infinity:undefined:undefined:undefined:undefined":28,"s:324:2:324:Infinity":88,"b:324:6:324:14:324:14:324:39":29,"s:324:39:324:Infinity":89,"s:326:41:326:Infinity":90,"s:327:2:331:Infinity":91,"b:328:3:330:Infinity:undefined:undefined:undefined:undefined":30,"s:328:3:330:Infinity":92,"b:328:7:328:28:328:28:328:42":31,"s:329:4:329:Infinity":93,"s:332:2:332:Infinity":94,"b:332:42:332:51:332:51:332:Infinity":32,"f:343:9:343:Infinity":18,"b:346:2:346:Infinity:undefined:undefined:undefined:undefined":33,"s:346:2:346:Infinity":95,"b:346:6:346:14:346:14:346:39":34,"s:346:39:346:Infinity":96,"s:348:53:348:Infinity":97,"s:349:2:358:Infinity":98,"b:350:3:357:Infinity:undefined:undefined:undefined:undefined":35,"s:350:3:357:Infinity":99,"b:350:7:350:14:350:14:350:41:350:41:350:62":36,"s:351:16:351:Infinity":100,"s:352:39:352:Infinity":101,"b:353:4:355:Infinity:undefined:undefined:undefined:undefined":37,"s:353:4:355:Infinity":102,"s:354:5:354:Infinity":103,"s:356:4:356:Infinity":104,"s:359:2:359:Infinity":105,"b:359:42:359:51:359:51:359:Infinity":38}}}
,"C:\\Projects\\flowti\\Development\\flowti\\src\\domain\\dataExchange\\ConfigDocService.ts": {"path":"C:\\Projects\\flowti\\Development\\flowti\\src\\domain\\dataExchange\\ConfigDocService.ts","statementMap":{"0":{"start":{"line":49,"column":34},"end":{"line":49,"column":null}},"1":{"start":{"line":50,"column":25},"end":{"line":50,"column":null}},"2":{"start":{"line":53,"column":21},"end":{"line":53,"column":49}},"3":{"start":{"line":58,"column":2},"end":{"line":58,"column":null}},"4":{"start":{"line":62,"column":2},"end":{"line":62,"column":null}},"5":{"start":{"line":66,"column":2},"end":{"line":66,"column":null}},"6":{"start":{"line":70,"column":2},"end":{"line":70,"column":null}},"7":{"start":{"line":74,"column":2},"end":{"line":74,"column":null}},"8":{"start":{"line":81,"column":2},"end":{"line":81,"column":null}},"9":{"start":{"line":85,"column":2},"end":{"line":85,"column":null}},"10":{"start":{"line":89,"column":2},"end":{"line":89,"column":null}},"11":{"start":{"line":93,"column":2},"end":{"line":93,"column":null}},"12":{"start":{"line":97,"column":2},"end":{"line":97,"column":null}},"13":{"start":{"line":108,"column":18},"end":{"line":108,"column":null}},"14":{"start":{"line":109,"column":8},"end":{"line":109,"column":null}},"15":{"start":{"line":110,"column":8},"end":{"line":110,"column":null}},"16":{"start":{"line":112,"column":2},"end":{"line":118,"column":null}},"17":{"start":{"line":119,"column":2},"end":{"line":119,"column":null}},"18":{"start":{"line":125,"column":18},"end":{"line":125,"column":null}},"19":{"start":{"line":126,"column":16},"end":{"line":126,"column":null}},"20":{"start":{"line":126,"column":60},"end":{"line":126,"column":91}},"21":{"start":{"line":127,"column":16},"end":{"line":127,"column":null}},"22":{"start":{"line":129,"column":8},"end":{"line":135,"column":null}},"23":{"start":{"line":137,"column":2},"end":{"line":143,"column":null}},"24":{"start":{"line":144,"column":2},"end":{"line":144,"column":null}},"25":{"start":{"line":150,"column":2},"end":{"line":150,"column":null}},"26":{"start":{"line":150,"column":36},"end":{"line":150,"column":null}},"27":{"start":{"line":151,"column":2},"end":{"line":166,"column":null}},"28":{"start":{"line":152,"column":16},"end":{"line":152,"column":null}},"29":{"start":{"line":153,"column":21},"end":{"line":153,"column":null}},"30":{"start":{"line":154,"column":9},"end":{"line":154,"column":null}},"31":{"start":{"line":156,"column":3},"end":{"line":163,"column":null}},"32":{"start":{"line":165,"column":3},"end":{"line":165,"column":null}},"33":{"start":{"line":172,"column":2},"end":{"line":172,"column":null}},"34":{"start":{"line":172,"column":36},"end":{"line":172,"column":null}},"35":{"start":{"line":173,"column":2},"end":{"line":188,"column":null}},"36":{"start":{"line":174,"column":16},"end":{"line":174,"column":null}},"37":{"start":{"line":175,"column":21},"end":{"line":175,"column":null}},"38":{"start":{"line":176,"column":9},"end":{"line":176,"column":null}},"39":{"start":{"line":178,"column":3},"end":{"line":185,"column":null}},"40":{"start":{"line":187,"column":3},"end":{"line":187,"column":null}},"41":{"start":{"line":194,"column":2},"end":{"line":194,"column":null}},"42":{"start":{"line":194,"column":36},"end":{"line":194,"column":null}},"43":{"start":{"line":195,"column":2},"end":{"line":217,"column":null}},"44":{"start":{"line":196,"column":16},"end":{"line":196,"column":null}},"45":{"start":{"line":197,"column":21},"end":{"line":197,"column":null}},"46":{"start":{"line":198,"column":9},"end":{"line":205,"column":null}},"47":{"start":{"line":201,"column":30},"end":{"line":201,"column":null}},"48":{"start":{"line":207,"column":3},"end":{"line":214,"column":null}},"49":{"start":{"line":216,"column":3},"end":{"line":216,"column":null}},"50":{"start":{"line":226,"column":15},"end":{"line":226,"column":null}},"51":{"start":{"line":227,"column":16},"end":{"line":227,"column":null}},"52":{"start":{"line":228,"column":2},"end":{"line":234,"column":null}},"53":{"start":{"line":229,"column":15},"end":{"line":229,"column":null}},"54":{"start":{"line":229,"column":52},"end":{"line":229,"column":73}},"55":{"start":{"line":230,"column":3},"end":{"line":230,"column":null}},"56":{"start":{"line":230,"column":12},"end":{"line":230,"column":null}},"57":{"start":{"line":232,"column":15},"end":{"line":232,"column":null}},"58":{"start":{"line":232,"column":52},"end":{"line":232,"column":73}},"59":{"start":{"line":233,"column":3},"end":{"line":233,"column":null}},"60":{"start":{"line":233,"column":12},"end":{"line":233,"column":null}},"61":{"start":{"line":235,"column":2},"end":{"line":235,"column":null}},"62":{"start":{"line":239,"column":8},"end":{"line":239,"column":null}},"63":{"start":{"line":239,"column":71},"end":{"line":239,"column":90}},"64":{"start":{"line":240,"column":2},"end":{"line":243,"column":null}},"65":{"start":{"line":241,"column":3},"end":{"line":241,"column":null}},"66":{"start":{"line":242,"column":3},"end":{"line":242,"column":null}},"67":{"start":{"line":244,"column":2},"end":{"line":244,"column":null}},"68":{"start":{"line":250,"column":16},"end":{"line":250,"column":null}},"69":{"start":{"line":251,"column":21},"end":{"line":251,"column":null}},"70":{"start":{"line":253,"column":2},"end":{"line":266,"column":null}},"71":{"start":{"line":254,"column":3},"end":{"line":254,"column":null}},"72":{"start":{"line":254,"column":35},"end":{"line":254,"column":null}},"73":{"start":{"line":255,"column":3},"end":{"line":255,"column":null}},"74":{"start":{"line":256,"column":3},"end":{"line":265,"column":null}},"75":{"start":{"line":257,"column":4},"end":{"line":259,"column":null}},"76":{"start":{"line":258,"column":5},"end":{"line":258,"column":null}},"77":{"start":{"line":258,"column":21},"end":{"line":258,"column":null}},"78":{"start":{"line":260,"column":4},"end":{"line":264,"column":null}},"79":{"start":{"line":261,"column":5},"end":{"line":263,"column":null}},"80":{"start":{"line":262,"column":6},"end":{"line":262,"column":null}},"81":{"start":{"line":268,"column":2},"end":{"line":278,"column":null}},"82":{"start":{"line":269,"column":3},"end":{"line":269,"column":null}},"83":{"start":{"line":269,"column":34},"end":{"line":269,"column":null}},"84":{"start":{"line":270,"column":3},"end":{"line":272,"column":null}},"85":{"start":{"line":271,"column":4},"end":{"line":271,"column":null}},"86":{"start":{"line":271,"column":20},"end":{"line":271,"column":null}},"87":{"start":{"line":273,"column":3},"end":{"line":277,"column":null}},"88":{"start":{"line":274,"column":4},"end":{"line":276,"column":null}},"89":{"start":{"line":275,"column":5},"end":{"line":275,"column":null}},"90":{"start":{"line":280,"column":2},"end":{"line":285,"column":null}},"91":{"start":{"line":281,"column":3},"end":{"line":281,"column":null}},"92":{"start":{"line":281,"column":34},"end":{"line":281,"column":null}},"93":{"start":{"line":282,"column":3},"end":{"line":284,"column":null}},"94":{"start":{"line":283,"column":4},"end":{"line":283,"column":null}},"95":{"start":{"line":287,"column":2},"end":{"line":287,"column":null}},"96":{"start":{"line":291,"column":2},"end":{"line":291,"column":null}},"97":{"start":{"line":291,"column":36},"end":{"line":291,"column":null}},"98":{"start":{"line":292,"column":2},"end":{"line":325,"column":null}},"99":{"start":{"line":293,"column":16},"end":{"line":293,"column":null}},"100":{"start":{"line":294,"column":17},"end":{"line":294,"column":null}},"101":{"start":{"line":295,"column":20},"end":{"line":295,"column":null}},"102":{"start":{"line":297,"column":21},"end":{"line":300,"column":null}},"103":{"start":{"line":302,"column":9},"end":{"line":312,"column":null}},"104":{"start":{"line":307,"column":59},"end":{"line":307,"column":82}},"105":{"start":{"line":308,"column":59},"end":{"line":308,"column":82}},"106":{"start":{"line":309,"column":59},"end":{"line":309,"column":82}},"107":{"start":{"line":314,"column":3},"end":{"line":321,"column":null}},"108":{"start":{"line":322,"column":3},"end":{"line":322,"column":null}},"109":{"start":{"line":324,"column":3},"end":{"line":324,"column":null}},"110":{"start":{"line":331,"column":20},"end":{"line":331,"column":null}},"111":{"start":{"line":332,"column":22},"end":{"line":332,"column":null}},"112":{"start":{"line":334,"column":19},"end":{"line":339,"column":null}},"113":{"start":{"line":341,"column":2},"end":{"line":365,"column":null}},"114":{"start":{"line":342,"column":21},"end":{"line":342,"column":null}},"115":{"start":{"line":343,"column":20},"end":{"line":345,"column":null}},"116":{"start":{"line":344,"column":19},"end":{"line":344,"column":42}},"117":{"start":{"line":345,"column":16},"end":{"line":345,"column":87}},"118":{"start":{"line":347,"column":33},"end":{"line":358,"column":null}},"119":{"start":{"line":360,"column":3},"end":{"line":364,"column":null}},"120":{"start":{"line":372,"column":19},"end":{"line":372,"column":null}},"121":{"start":{"line":373,"column":2},"end":{"line":373,"column":null}},"122":{"start":{"line":373,"column":17},"end":{"line":373,"column":null}},"123":{"start":{"line":375,"column":17},"end":{"line":375,"column":null}},"124":{"start":{"line":376,"column":24},"end":{"line":376,"column":null}},"125":{"start":{"line":378,"column":19},"end":{"line":383,"column":null}},"126":{"start":{"line":385,"column":2},"end":{"line":409,"column":null}},"127":{"start":{"line":386,"column":21},"end":{"line":386,"column":null}},"128":{"start":{"line":387,"column":20},"end":{"line":389,"column":null}},"129":{"start":{"line":388,"column":19},"end":{"line":388,"column":42}},"130":{"start":{"line":389,"column":16},"end":{"line":389,"column":85}},"131":{"start":{"line":391,"column":33},"end":{"line":402,"column":null}},"132":{"start":{"line":404,"column":3},"end":{"line":408,"column":null}},"133":{"start":{"line":422,"column":2},"end":{"line":433,"column":null}},"134":{"start":{"line":423,"column":20},"end":{"line":423,"column":null}},"135":{"start":{"line":424,"column":22},"end":{"line":424,"column":null}},"136":{"start":{"line":425,"column":3},"end":{"line":430,"column":null}},"137":{"start":{"line":426,"column":18},"end":{"line":426,"column":null}},"138":{"start":{"line":427,"column":4},"end":{"line":429,"column":null}},"139":{"start":{"line":428,"column":5},"end":{"line":428,"column":null}},"140":{"start":{"line":434,"column":2},"end":{"line":434,"column":null}}},"fnMap":{"0":{"name":"(anonymous_0)","decl":{"start":{"line":53,"column":1},"end":{"line":53,"column":21}},"loc":{"start":{"line":53,"column":49},"end":{"line":53,"column":null}},"line":53},"1":{"name":"(anonymous_1)","decl":{"start":{"line":57,"column":1},"end":{"line":57,"column":32}},"loc":{"start":{"line":57,"column":32},"end":{"line":59,"column":null}},"line":57},"2":{"name":"(anonymous_2)","decl":{"start":{"line":61,"column":1},"end":{"line":61,"column":32}},"loc":{"start":{"line":61,"column":32},"end":{"line":63,"column":null}},"line":61},"3":{"name":"(anonymous_3)","decl":{"start":{"line":65,"column":1},"end":{"line":65,"column":35}},"loc":{"start":{"line":65,"column":35},"end":{"line":67,"column":null}},"line":65},"4":{"name":"(anonymous_4)","decl":{"start":{"line":69,"column":1},"end":{"line":69,"column":30}},"loc":{"start":{"line":69,"column":30},"end":{"line":71,"column":null}},"line":69},"5":{"name":"(anonymous_5)","decl":{"start":{"line":73,"column":1},"end":{"line":73,"column":15}},"loc":{"start":{"line":73,"column":40},"end":{"line":75,"column":null}},"line":73},"6":{"name":"(anonymous_6)","decl":{"start":{"line":77,"column":1},"end":{"line":77,"column":null}},"loc":{"start":{"line":80,"column":11},"end":{"line":82,"column":null}},"line":80},"7":{"name":"(anonymous_7)","decl":{"start":{"line":84,"column":1},"end":{"line":84,"column":20}},"loc":{"start":{"line":84,"column":50},"end":{"line":86,"column":null}},"line":84},"8":{"name":"(anonymous_8)","decl":{"start":{"line":88,"column":1},"end":{"line":88,"column":20}},"loc":{"start":{"line":88,"column":50},"end":{"line":90,"column":null}},"line":88},"9":{"name":"(anonymous_9)","decl":{"start":{"line":92,"column":1},"end":{"line":92,"column":17}},"loc":{"start":{"line":92,"column":44},"end":{"line":94,"column":null}},"line":92},"10":{"name":"(anonymous_10)","decl":{"start":{"line":96,"column":1},"end":{"line":96,"column":16}},"loc":{"start":{"line":96,"column":42},"end":{"line":98,"column":null}},"line":96},"11":{"name":"(anonymous_11)","decl":{"start":{"line":102,"column":7},"end":{"line":102,"column":null}},"loc":{"start":{"line":107,"column":20},"end":{"line":120,"column":null}},"line":107},"12":{"name":"(anonymous_12)","decl":{"start":{"line":124,"column":7},"end":{"line":124,"column":25}},"loc":{"start":{"line":124,"column":64},"end":{"line":145,"column":null}},"line":124},"13":{"name":"(anonymous_13)","decl":{"start":{"line":126,"column":53},"end":{"line":126,"column":54}},"loc":{"start":{"line":126,"column":60},"end":{"line":126,"column":91}},"line":126},"14":{"name":"(anonymous_14)","decl":{"start":{"line":149,"column":7},"end":{"line":149,"column":29}},"loc":{"start":{"line":149,"column":71},"end":{"line":167,"column":null}},"line":149},"15":{"name":"(anonymous_15)","decl":{"start":{"line":171,"column":7},"end":{"line":171,"column":29}},"loc":{"start":{"line":171,"column":71},"end":{"line":189,"column":null}},"line":171},"16":{"name":"(anonymous_16)","decl":{"start":{"line":193,"column":7},"end":{"line":193,"column":31}},"loc":{"start":{"line":193,"column":82},"end":{"line":218,"column":null}},"line":193},"17":{"name":"(anonymous_17)","decl":{"start":{"line":201,"column":22},"end":{"line":201,"column":23}},"loc":{"start":{"line":201,"column":30},"end":{"line":201,"column":null}},"line":201},"18":{"name":"(anonymous_18)","decl":{"start":{"line":222,"column":7},"end":{"line":222,"column":null}},"loc":{"start":{"line":225,"column":20},"end":{"line":236,"column":null}},"line":225},"19":{"name":"(anonymous_19)","decl":{"start":{"line":229,"column":45},"end":{"line":229,"column":46}},"loc":{"start":{"line":229,"column":52},"end":{"line":229,"column":73}},"line":229},"20":{"name":"(anonymous_20)","decl":{"start":{"line":232,"column":45},"end":{"line":232,"column":46}},"loc":{"start":{"line":232,"column":52},"end":{"line":232,"column":73}},"line":232},"21":{"name":"(anonymous_21)","decl":{"start":{"line":238,"column":7},"end":{"line":238,"column":25}},"loc":{"start":{"line":238,"column":62},"end":{"line":245,"column":null}},"line":238},"22":{"name":"(anonymous_22)","decl":{"start":{"line":239,"column":64},"end":{"line":239,"column":65}},"loc":{"start":{"line":239,"column":71},"end":{"line":239,"column":90}},"line":239},"23":{"name":"(anonymous_23)","decl":{"start":{"line":249,"column":7},"end":{"line":249,"column":29}},"loc":{"start":{"line":249,"column":62},"end":{"line":288,"column":null}},"line":249},"24":{"name":"(anonymous_24)","decl":{"start":{"line":290,"column":15},"end":{"line":290,"column":29}},"loc":{"start":{"line":290,"column":84},"end":{"line":326,"column":null}},"line":290},"25":{"name":"(anonymous_25)","decl":{"start":{"line":307,"column":52},"end":{"line":307,"column":53}},"loc":{"start":{"line":307,"column":59},"end":{"line":307,"column":82}},"line":307},"26":{"name":"(anonymous_26)","decl":{"start":{"line":308,"column":52},"end":{"line":308,"column":53}},"loc":{"start":{"line":308,"column":59},"end":{"line":308,"column":82}},"line":308},"27":{"name":"(anonymous_27)","decl":{"start":{"line":309,"column":52},"end":{"line":309,"column":53}},"loc":{"start":{"line":309,"column":59},"end":{"line":309,"column":82}},"line":309},"28":{"name":"(anonymous_28)","decl":{"start":{"line":330,"column":15},"end":{"line":330,"column":35}},"loc":{"start":{"line":330,"column":68},"end":{"line":366,"column":null}},"line":330},"29":{"name":"(anonymous_29)","decl":{"start":{"line":344,"column":12},"end":{"line":344,"column":13}},"loc":{"start":{"line":344,"column":19},"end":{"line":344,"column":42}},"line":344},"30":{"name":"(anonymous_30)","decl":{"start":{"line":345,"column":9},"end":{"line":345,"column":10}},"loc":{"start":{"line":345,"column":16},"end":{"line":345,"column":87}},"line":345},"31":{"name":"(anonymous_31)","decl":{"start":{"line":368,"column":1},"end":{"line":368,"column":null}},"loc":{"start":{"line":371,"column":9},"end":{"line":410,"column":null}},"line":371},"32":{"name":"(anonymous_32)","decl":{"start":{"line":388,"column":12},"end":{"line":388,"column":13}},"loc":{"start":{"line":388,"column":19},"end":{"line":388,"column":42}},"line":388},"33":{"name":"(anonymous_33)","decl":{"start":{"line":389,"column":9},"end":{"line":389,"column":10}},"loc":{"start":{"line":389,"column":16},"end":{"line":389,"column":85}},"line":389},"34":{"name":"(anonymous_34)","decl":{"start":{"line":418,"column":15},"end":{"line":418,"column":null}},"loc":{"start":{"line":421,"column":32},"end":{"line":435,"column":null}},"line":421}},"branchMap":{"0":{"loc":{"start":{"line":109,"column":8},"end":{"line":109,"column":null}},"type":"binary-expr","locations":[{"start":{"line":109,"column":8},"end":{"line":109,"column":47}},{"start":{"line":109,"column":47},"end":{"line":109,"column":null}}],"line":109},"1":{"loc":{"start":{"line":150,"column":2},"end":{"line":150,"column":null}},"type":"if","locations":[{"start":{"line":150,"column":2},"end":{"line":150,"column":null}},{"start":{},"end":{}}],"line":150},"2":{"loc":{"start":{"line":172,"column":2},"end":{"line":172,"column":null}},"type":"if","locations":[{"start":{"line":172,"column":2},"end":{"line":172,"column":null}},{"start":{},"end":{}}],"line":172},"3":{"loc":{"start":{"line":194,"column":2},"end":{"line":194,"column":null}},"type":"if","locations":[{"start":{"line":194,"column":2},"end":{"line":194,"column":null}},{"start":{},"end":{}}],"line":194},"4":{"loc":{"start":{"line":228,"column":2},"end":{"line":234,"column":null}},"type":"if","locations":[{"start":{"line":228,"column":2},"end":{"line":234,"column":null}},{"start":{"line":231,"column":9},"end":{"line":234,"column":null}}],"line":228},"5":{"loc":{"start":{"line":230,"column":3},"end":{"line":230,"column":null}},"type":"if","locations":[{"start":{"line":230,"column":3},"end":{"line":230,"column":null}},{"start":{},"end":{}}],"line":230},"6":{"loc":{"start":{"line":233,"column":3},"end":{"line":233,"column":null}},"type":"if","locations":[{"start":{"line":233,"column":3},"end":{"line":233,"column":null}},{"start":{},"end":{}}],"line":233},"7":{"loc":{"start":{"line":239,"column":16},"end":{"line":239,"column":59}},"type":"binary-expr","locations":[{"start":{"line":239,"column":16},"end":{"line":239,"column":55}},{"start":{"line":239,"column":55},"end":{"line":239,"column":59}}],"line":239},"8":{"loc":{"start":{"line":240,"column":2},"end":{"line":243,"column":null}},"type":"if","locations":[{"start":{"line":240,"column":2},"end":{"line":243,"column":null}},{"start":{},"end":{}}],"line":240},"9":{"loc":{"start":{"line":253,"column":21},"end":{"line":253,"column":49}},"type":"binary-expr","locations":[{"start":{"line":253,"column":21},"end":{"line":253,"column":45}},{"start":{"line":253,"column":45},"end":{"line":253,"column":49}}],"line":253},"10":{"loc":{"start":{"line":254,"column":3},"end":{"line":254,"column":null}},"type":"if","locations":[{"start":{"line":254,"column":3},"end":{"line":254,"column":null}},{"start":{},"end":{}}],"line":254},"11":{"loc":{"start":{"line":258,"column":5},"end":{"line":258,"column":null}},"type":"if","locations":[{"start":{"line":258,"column":5},"end":{"line":258,"column":null}},{"start":{},"end":{}}],"line":258},"12":{"loc":{"start":{"line":260,"column":4},"end":{"line":264,"column":null}},"type":"if","locations":[{"start":{"line":260,"column":4},"end":{"line":264,"column":null}},{"start":{},"end":{}}],"line":260},"13":{"loc":{"start":{"line":269,"column":3},"end":{"line":269,"column":null}},"type":"if","locations":[{"start":{"line":269,"column":3},"end":{"line":269,"column":null}},{"start":{},"end":{}}],"line":269},"14":{"loc":{"start":{"line":271,"column":4},"end":{"line":271,"column":null}},"type":"if","locations":[{"start":{"line":271,"column":4},"end":{"line":271,"column":null}},{"start":{},"end":{}}],"line":271},"15":{"loc":{"start":{"line":273,"column":3},"end":{"line":277,"column":null}},"type":"if","locations":[{"start":{"line":273,"column":3},"end":{"line":277,"column":null}},{"start":{},"end":{}}],"line":273},"16":{"loc":{"start":{"line":281,"column":3},"end":{"line":281,"column":null}},"type":"if","locations":[{"start":{"line":281,"column":3},"end":{"line":281,"column":null}},{"start":{},"end":{}}],"line":281},"17":{"loc":{"start":{"line":291,"column":2},"end":{"line":291,"column":null}},"type":"if","locations":[{"start":{"line":291,"column":2},"end":{"line":291,"column":null}},{"start":{},"end":{}}],"line":291},"18":{"loc":{"start":{"line":307,"column":17},"end":{"line":307,"column":45}},"type":"binary-expr","locations":[{"start":{"line":307,"column":17},"end":{"line":307,"column":41}},{"start":{"line":307,"column":41},"end":{"line":307,"column":45}}],"line":307},"19":{"loc":{"start":{"line":373,"column":2},"end":{"line":373,"column":null}},"type":"if","locations":[{"start":{"line":373,"column":2},"end":{"line":373,"column":null}},{"start":{},"end":{}}],"line":373},"20":{"loc":{"start":{"line":375,"column":17},"end":{"line":375,"column":null}},"type":"cond-expr","locations":[{"start":{"line":375,"column":45},"end":{"line":375,"column":58}},{"start":{"line":375,"column":58},"end":{"line":375,"column":null}}],"line":375},"21":{"loc":{"start":{"line":375,"column":58},"end":{"line":375,"column":null}},"type":"cond-expr","locations":[{"start":{"line":375,"column":84},"end":{"line":375,"column":95}},{"start":{"line":375,"column":95},"end":{"line":375,"column":null}}],"line":375},"22":{"loc":{"start":{"line":420,"column":2},"end":{"line":420,"column":null}},"type":"default-arg","locations":[{"start":{"line":420,"column":23},"end":{"line":420,"column":null}}],"line":420},"23":{"loc":{"start":{"line":425,"column":3},"end":{"line":430,"column":null}},"type":"if","locations":[{"start":{"line":425,"column":3},"end":{"line":430,"column":null}},{"start":{},"end":{}}],"line":425},"24":{"loc":{"start":{"line":427,"column":4},"end":{"line":429,"column":null}},"type":"if","locations":[{"start":{"line":427,"column":4},"end":{"line":429,"column":null}},{"start":{},"end":{}}],"line":427},"25":{"loc":{"start":{"line":427,"column":8},"end":{"line":427,"column":47}},"type":"binary-expr","locations":[{"start":{"line":427,"column":8},"end":{"line":427,"column":17}},{"start":{"line":427,"column":17},"end":{"line":427,"column":47}}],"line":427}},"s":{"0":3,"1":3,"2":131,"3":2,"4":2,"5":2,"6":2,"7":6,"8":16,"9":4,"10":6,"11":1,"12":10,"13":5,"14":5,"15":5,"16":5,"17":5,"18":3,"19":3,"20":1,"21":3,"22":3,"23":3,"24":3,"25":13,"26":6,"27":7,"28":7,"29":7,"30":7,"31":7,"32":0,"33":16,"34":13,"35":3,"36":3,"37":3,"38":3,"39":3,"40":0,"41":36,"42":32,"43":4,"44":4,"45":4,"46":4,"47":3,"48":4,"49":0,"50":4,"51":4,"52":4,"53":2,"54":1,"55":2,"56":1,"57":2,"58":1,"59":2,"60":1,"61":4,"62":2,"63":1,"64":2,"65":1,"66":1,"67":1,"68":14,"69":14,"70":14,"71":11,"72":1,"73":10,"74":10,"75":10,"76":10,"77":10,"78":10,"79":3,"80":3,"81":14,"82":2,"83":0,"84":2,"85":2,"86":2,"87":2,"88":1,"89":1,"90":14,"91":1,"92":0,"93":1,"94":2,"95":14,"96":14,"97":5,"98":9,"99":9,"100":9,"101":9,"102":9,"103":9,"104":6,"105":2,"106":1,"107":14,"108":9,"109":0,"110":9,"111":9,"112":9,"113":9,"114":36,"115":36,"116":144,"117":108,"118":36,"119":36,"120":43,"121":43,"122":1,"123":42,"124":43,"125":43,"126":43,"127":168,"128":168,"129":672,"130":504,"131":168,"132":168,"133":23,"134":23,"135":2,"136":2,"137":2,"138":2,"139":1,"140":22},"f":{"0":131,"1":2,"2":2,"3":2,"4":2,"5":6,"6":16,"7":4,"8":6,"9":1,"10":10,"11":5,"12":3,"13":1,"14":13,"15":16,"16":36,"17":3,"18":4,"19":1,"20":1,"21":2,"22":1,"23":14,"24":14,"25":6,"26":2,"27":1,"28":9,"29":144,"30":108,"31":43,"32":672,"33":504,"34":23},"b":{"0":[5,1],"1":[6,7],"2":[13,3],"3":[32,4],"4":[2,2],"5":[1,1],"6":[1,1],"7":[2,0],"8":[1,1],"9":[14,0],"10":[1,10],"11":[10,0],"12":[3,7],"13":[0,2],"14":[2,0],"15":[1,1],"16":[0,1],"17":[5,9],"18":[9,0],"19":[1,42],"20":[23,19],"21":[6,13],"22":[23],"23":[2,0],"24":[1,1],"25":[2,2]},"meta":{"lastBranch":26,"lastFunction":35,"lastStatement":141,"seen":{"s:49:34:49:Infinity":0,"s:50:25:50:Infinity":1,"f:53:1:53:21":0,"s:53:21:53:49":2,"f:57:1:57:32":1,"s:58:2:58:Infinity":3,"f:61:1:61:32":2,"s:62:2:62:Infinity":4,"f:65:1:65:35":3,"s:66:2:66:Infinity":5,"f:69:1:69:30":4,"s:70:2:70:Infinity":6,"f:73:1:73:15":5,"s:74:2:74:Infinity":7,"f:77:1:77:Infinity":6,"s:81:2:81:Infinity":8,"f:84:1:84:20":7,"s:85:2:85:Infinity":9,"f:88:1:88:20":8,"s:89:2:89:Infinity":10,"f:92:1:92:17":9,"s:93:2:93:Infinity":11,"f:96:1:96:16":10,"s:97:2:97:Infinity":12,"f:102:7:102:Infinity":11,"s:108:18:108:Infinity":13,"s:109:8:109:Infinity":14,"b:109:8:109:47:109:47:109:Infinity":0,"s:110:8:110:Infinity":15,"s:112:2:118:Infinity":16,"s:119:2:119:Infinity":17,"f:124:7:124:25":12,"s:125:18:125:Infinity":18,"s:126:16:126:Infinity":19,"f:126:53:126:54":13,"s:126:60:126:91":20,"s:127:16:127:Infinity":21,"s:129:8:135:Infinity":22,"s:137:2:143:Infinity":23,"s:144:2:144:Infinity":24,"f:149:7:149:29":14,"b:150:2:150:Infinity:undefined:undefined:undefined:undefined":1,"s:150:2:150:Infinity":25,"s:150:36:150:Infinity":26,"s:151:2:166:Infinity":27,"s:152:16:152:Infinity":28,"s:153:21:153:Infinity":29,"s:154:9:154:Infinity":30,"s:156:3:163:Infinity":31,"s:165:3:165:Infinity":32,"f:171:7:171:29":15,"b:172:2:172:Infinity:undefined:undefined:undefined:undefined":2,"s:172:2:172:Infinity":33,"s:172:36:172:Infinity":34,"s:173:2:188:Infinity":35,"s:174:16:174:Infinity":36,"s:175:21:175:Infinity":37,"s:176:9:176:Infinity":38,"s:178:3:185:Infinity":39,"s:187:3:187:Infinity":40,"f:193:7:193:31":16,"b:194:2:194:Infinity:undefined:undefined:undefined:undefined":3,"s:194:2:194:Infinity":41,"s:194:36:194:Infinity":42,"s:195:2:217:Infinity":43,"s:196:16:196:Infinity":44,"s:197:21:197:Infinity":45,"s:198:9:205:Infinity":46,"f:201:22:201:23":17,"s:201:30:201:Infinity":47,"s:207:3:214:Infinity":48,"s:216:3:216:Infinity":49,"f:222:7:222:Infinity":18,"s:226:15:226:Infinity":50,"s:227:16:227:Infinity":51,"b:228:2:234:Infinity:231:9:234:Infinity":4,"s:228:2:234:Infinity":52,"s:229:15:229:Infinity":53,"f:229:45:229:46":19,"s:229:52:229:73":54,"b:230:3:230:Infinity:undefined:undefined:undefined:undefined":5,"s:230:3:230:Infinity":55,"s:230:12:230:Infinity":56,"s:232:15:232:Infinity":57,"f:232:45:232:46":20,"s:232:52:232:73":58,"b:233:3:233:Infinity:undefined:undefined:undefined:undefined":6,"s:233:3:233:Infinity":59,"s:233:12:233:Infinity":60,"s:235:2:235:Infinity":61,"f:238:7:238:25":21,"s:239:8:239:Infinity":62,"b:239:16:239:55:239:55:239:59":7,"f:239:64:239:65":22,"s:239:71:239:90":63,"b:240:2:243:Infinity:undefined:undefined:undefined:undefined":8,"s:240:2:243:Infinity":64,"s:241:3:241:Infinity":65,"s:242:3:242:Infinity":66,"s:244:2:244:Infinity":67,"f:249:7:249:29":23,"s:250:16:250:Infinity":68,"s:251:21:251:Infinity":69,"s:253:2:266:Infinity":70,"b:253:21:253:45:253:45:253:49":9,"b:254:3:254:Infinity:undefined:undefined:undefined:undefined":10,"s:254:3:254:Infinity":71,"s:254:35:254:Infinity":72,"s:255:3:255:Infinity":73,"s:256:3:265:Infinity":74,"s:257:4:259:Infinity":75,"b:258:5:258:Infinity:undefined:undefined:undefined:undefined":11,"s:258:5:258:Infinity":76,"s:258:21:258:Infinity":77,"b:260:4:264:Infinity:undefined:undefined:undefined:undefined":12,"s:260:4:264:Infinity":78,"s:261:5:263:Infinity":79,"s:262:6:262:Infinity":80,"s:268:2:278:Infinity":81,"b:269:3:269:Infinity:undefined:undefined:undefined:undefined":13,"s:269:3:269:Infinity":82,"s:269:34:269:Infinity":83,"s:270:3:272:Infinity":84,"b:271:4:271:Infinity:undefined:undefined:undefined:undefined":14,"s:271:4:271:Infinity":85,"s:271:20:271:Infinity":86,"b:273:3:277:Infinity:undefined:undefined:undefined:undefined":15,"s:273:3:277:Infinity":87,"s:274:4:276:Infinity":88,"s:275:5:275:Infinity":89,"s:280:2:285:Infinity":90,"b:281:3:281:Infinity:undefined:undefined:undefined:undefined":16,"s:281:3:281:Infinity":91,"s:281:34:281:Infinity":92,"s:282:3:284:Infinity":93,"s:283:4:283:Infinity":94,"s:287:2:287:Infinity":95,"f:290:15:290:29":24,"b:291:2:291:Infinity:undefined:undefined:undefined:undefined":17,"s:291:2:291:Infinity":96,"s:291:36:291:Infinity":97,"s:292:2:325:Infinity":98,"s:293:16:293:Infinity":99,"s:294:17:294:Infinity":100,"s:295:20:295:Infinity":101,"s:297:21:300:Infinity":102,"s:302:9:312:Infinity":103,"b:307:17:307:41:307:41:307:45":18,"f:307:52:307:53":25,"s:307:59:307:82":104,"f:308:52:308:53":26,"s:308:59:308:82":105,"f:309:52:309:53":27,"s:309:59:309:82":106,"s:314:3:321:Infinity":107,"s:322:3:322:Infinity":108,"s:324:3:324:Infinity":109,"f:330:15:330:35":28,"s:331:20:331:Infinity":110,"s:332:22:332:Infinity":111,"s:334:19:339:Infinity":112,"s:341:2:365:Infinity":113,"s:342:21:342:Infinity":114,"s:343:20:345:Infinity":115,"f:344:12:344:13":29,"s:344:19:344:42":116,"f:345:9:345:10":30,"s:345:16:345:87":117,"s:347:33:358:Infinity":118,"s:360:3:364:Infinity":119,"f:368:1:368:Infinity":31,"s:372:19:372:Infinity":120,"b:373:2:373:Infinity:undefined:undefined:undefined:undefined":19,"s:373:2:373:Infinity":121,"s:373:17:373:Infinity":122,"s:375:17:375:Infinity":123,"b:375:45:375:58:375:58:375:Infinity":20,"b:375:84:375:95:375:95:375:Infinity":21,"s:376:24:376:Infinity":124,"s:378:19:383:Infinity":125,"s:385:2:409:Infinity":126,"s:386:21:386:Infinity":127,"s:387:20:389:Infinity":128,"f:388:12:388:13":32,"s:388:19:388:42":129,"f:389:9:389:10":33,"s:389:16:389:85":130,"s:391:33:402:Infinity":131,"s:404:3:408:Infinity":132,"f:418:15:418:Infinity":34,"b:420:23:420:Infinity":22,"s:422:2:433:Infinity":133,"s:423:20:423:Infinity":134,"s:424:22:424:Infinity":135,"b:425:3:430:Infinity:undefined:undefined:undefined:undefined":23,"s:425:3:430:Infinity":136,"s:426:18:426:Infinity":137,"b:427:4:429:Infinity:undefined:undefined:undefined:undefined":24,"s:427:4:429:Infinity":138,"b:427:8:427:17:427:17:427:47":25,"s:428:5:428:Infinity":139,"s:434:2:434:Infinity":140}}}
,"C:\\Projects\\flowti\\Development\\flowti\\src\\domain\\dataExchange\\ConfigPathTracker.ts": {"path":"C:\\Projects\\flowti\\Development\\flowti\\src\\domain\\dataExchange\\ConfigPathTracker.ts","statementMap":{"0":{"start":{"line":16,"column":21},"end":{"line":16,"column":50}},"1":{"start":{"line":23,"column":16},"end":{"line":23,"column":null}},"2":{"start":{"line":24,"column":16},"end":{"line":24,"column":null}},"3":{"start":{"line":26,"column":2},"end":{"line":31,"column":null}},"4":{"start":{"line":27,"column":3},"end":{"line":30,"column":null}},"5":{"start":{"line":28,"column":4},"end":{"line":28,"column":null}},"6":{"start":{"line":29,"column":4},"end":{"line":29,"column":null}},"7":{"start":{"line":33,"column":2},"end":{"line":42,"column":null}},"8":{"start":{"line":34,"column":3},"end":{"line":37,"column":null}},"9":{"start":{"line":35,"column":4},"end":{"line":35,"column":null}},"10":{"start":{"line":36,"column":4},"end":{"line":36,"column":null}},"11":{"start":{"line":38,"column":3},"end":{"line":41,"column":null}},"12":{"start":{"line":39,"column":4},"end":{"line":39,"column":null}},"13":{"start":{"line":40,"column":4},"end":{"line":40,"column":null}},"14":{"start":{"line":44,"column":2},"end":{"line":51,"column":null}},"15":{"start":{"line":45,"column":3},"end":{"line":50,"column":null}},"16":{"start":{"line":46,"column":4},"end":{"line":49,"column":null}},"17":{"start":{"line":47,"column":5},"end":{"line":47,"column":null}},"18":{"start":{"line":48,"column":5},"end":{"line":48,"column":null}},"19":{"start":{"line":53,"column":2},"end":{"line":56,"column":null}},"20":{"start":{"line":54,"column":3},"end":{"line":54,"column":null}},"21":{"start":{"line":55,"column":3},"end":{"line":55,"column":null}},"22":{"start":{"line":64,"column":16},"end":{"line":64,"column":null}},"23":{"start":{"line":65,"column":16},"end":{"line":65,"column":null}},"24":{"start":{"line":66,"column":20},"end":{"line":66,"column":null}},"25":{"start":{"line":68,"column":2},"end":{"line":84,"column":null}},"26":{"start":{"line":69,"column":3},"end":{"line":75,"column":null}},"27":{"start":{"line":73,"column":4},"end":{"line":73,"column":null}},"28":{"start":{"line":74,"column":4},"end":{"line":74,"column":null}},"29":{"start":{"line":76,"column":3},"end":{"line":83,"column":null}},"30":{"start":{"line":81,"column":4},"end":{"line":81,"column":null}},"31":{"start":{"line":82,"column":4},"end":{"line":82,"column":null}},"32":{"start":{"line":86,"column":2},"end":{"line":104,"column":null}},"33":{"start":{"line":87,"column":3},"end":{"line":95,"column":null}},"34":{"start":{"line":92,"column":4},"end":{"line":93,"column":null}},"35":{"start":{"line":94,"column":4},"end":{"line":94,"column":null}},"36":{"start":{"line":96,"column":3},"end":{"line":103,"column":null}},"37":{"start":{"line":100,"column":4},"end":{"line":101,"column":null}},"38":{"start":{"line":102,"column":4},"end":{"line":102,"column":null}},"39":{"start":{"line":106,"column":2},"end":{"line":120,"column":null}},"40":{"start":{"line":107,"column":3},"end":{"line":113,"column":null}},"41":{"start":{"line":111,"column":4},"end":{"line":111,"column":null}},"42":{"start":{"line":112,"column":4},"end":{"line":112,"column":null}},"43":{"start":{"line":114,"column":3},"end":{"line":119,"column":null}},"44":{"start":{"line":115,"column":4},"end":{"line":118,"column":null}},"45":{"start":{"line":116,"column":5},"end":{"line":116,"column":null}},"46":{"start":{"line":117,"column":5},"end":{"line":117,"column":null}},"47":{"start":{"line":122,"column":2},"end":{"line":125,"column":null}},"48":{"start":{"line":123,"column":3},"end":{"line":123,"column":null}},"49":{"start":{"line":124,"column":3},"end":{"line":124,"column":null}}},"fnMap":{"0":{"name":"(anonymous_0)","decl":{"start":{"line":16,"column":1},"end":{"line":16,"column":21}},"loc":{"start":{"line":16,"column":50},"end":{"line":16,"column":null}},"line":16},"1":{"name":"(anonymous_1)","decl":{"start":{"line":19,"column":7},"end":{"line":19,"column":null}},"loc":{"start":{"line":22,"column":18},"end":{"line":57,"column":null}},"line":22},"2":{"name":"(anonymous_2)","decl":{"start":{"line":60,"column":7},"end":{"line":60,"column":null}},"loc":{"start":{"line":63,"column":18},"end":{"line":126,"column":null}},"line":63}},"branchMap":{"0":{"loc":{"start":{"line":27,"column":3},"end":{"line":30,"column":null}},"type":"if","locations":[{"start":{"line":27,"column":3},"end":{"line":30,"column":null}},{"start":{},"end":{}}],"line":27},"1":{"loc":{"start":{"line":34,"column":3},"end":{"line":37,"column":null}},"type":"if","locations":[{"start":{"line":34,"column":3},"end":{"line":37,"column":null}},{"start":{},"end":{}}],"line":34},"2":{"loc":{"start":{"line":38,"column":3},"end":{"line":41,"column":null}},"type":"if","locations":[{"start":{"line":38,"column":3},"end":{"line":41,"column":null}},{"start":{},"end":{}}],"line":38},"3":{"loc":{"start":{"line":38,"column":7},"end":{"line":38,"column":54}},"type":"binary-expr","locations":[{"start":{"line":38,"column":7},"end":{"line":38,"column":26}},{"start":{"line":38,"column":26},"end":{"line":38,"column":54}}],"line":38},"4":{"loc":{"start":{"line":44,"column":21},"end":{"line":44,"column":49}},"type":"binary-expr","locations":[{"start":{"line":44,"column":21},"end":{"line":44,"column":45}},{"start":{"line":44,"column":45},"end":{"line":44,"column":49}}],"line":44},"5":{"loc":{"start":{"line":46,"column":4},"end":{"line":49,"column":null}},"type":"if","locations":[{"start":{"line":46,"column":4},"end":{"line":49,"column":null}},{"start":{},"end":{}}],"line":46},"6":{"loc":{"start":{"line":53,"column":2},"end":{"line":56,"column":null}},"type":"if","locations":[{"start":{"line":53,"column":2},"end":{"line":56,"column":null}},{"start":{},"end":{}}],"line":53},"7":{"loc":{"start":{"line":69,"column":3},"end":{"line":75,"column":null}},"type":"if","locations":[{"start":{"line":69,"column":3},"end":{"line":75,"column":null}},{"start":{},"end":{}}],"line":69},"8":{"loc":{"start":{"line":70,"column":4},"end":{"line":71,"column":null}},"type":"binary-expr","locations":[{"start":{"line":70,"column":4},"end":{"line":70,"column":null}},{"start":{"line":71,"column":4},"end":{"line":71,"column":null}}],"line":70},"9":{"loc":{"start":{"line":76,"column":3},"end":{"line":83,"column":null}},"type":"if","locations":[{"start":{"line":76,"column":3},"end":{"line":83,"column":null}},{"start":{},"end":{}}],"line":76},"10":{"loc":{"start":{"line":77,"column":4},"end":{"line":79,"column":null}},"type":"binary-expr","locations":[{"start":{"line":77,"column":4},"end":{"line":77,"column":null}},{"start":{"line":78,"column":5},"end":{"line":78,"column":null}},{"start":{"line":79,"column":5},"end":{"line":79,"column":null}}],"line":77},"11":{"loc":{"start":{"line":87,"column":3},"end":{"line":95,"column":null}},"type":"if","locations":[{"start":{"line":87,"column":3},"end":{"line":95,"column":null}},{"start":{},"end":{}}],"line":87},"12":{"loc":{"start":{"line":88,"column":4},"end":{"line":90,"column":null}},"type":"binary-expr","locations":[{"start":{"line":88,"column":4},"end":{"line":88,"column":null}},{"start":{"line":89,"column":5},"end":{"line":89,"column":null}},{"start":{"line":90,"column":5},"end":{"line":90,"column":null}}],"line":88},"13":{"loc":{"start":{"line":96,"column":3},"end":{"line":103,"column":null}},"type":"if","locations":[{"start":{"line":96,"column":3},"end":{"line":103,"column":null}},{"start":{},"end":{}}],"line":96},"14":{"loc":{"start":{"line":97,"column":4},"end":{"line":98,"column":null}},"type":"binary-expr","locations":[{"start":{"line":97,"column":4},"end":{"line":97,"column":null}},{"start":{"line":98,"column":4},"end":{"line":98,"column":null}}],"line":97},"15":{"loc":{"start":{"line":106,"column":21},"end":{"line":106,"column":49}},"type":"binary-expr","locations":[{"start":{"line":106,"column":21},"end":{"line":106,"column":45}},{"start":{"line":106,"column":45},"end":{"line":106,"column":49}}],"line":106},"16":{"loc":{"start":{"line":107,"column":3},"end":{"line":113,"column":null}},"type":"if","locations":[{"start":{"line":107,"column":3},"end":{"line":113,"column":null}},{"start":{},"end":{}}],"line":107},"17":{"loc":{"start":{"line":108,"column":4},"end":{"line":109,"column":null}},"type":"binary-expr","locations":[{"start":{"line":108,"column":4},"end":{"line":108,"column":null}},{"start":{"line":109,"column":4},"end":{"line":109,"column":null}}],"line":108},"18":{"loc":{"start":{"line":115,"column":4},"end":{"line":118,"column":null}},"type":"if","locations":[{"start":{"line":115,"column":4},"end":{"line":118,"column":null}},{"start":{},"end":{}}],"line":115},"19":{"loc":{"start":{"line":122,"column":2},"end":{"line":125,"column":null}},"type":"if","locations":[{"start":{"line":122,"column":2},"end":{"line":125,"column":null}},{"start":{},"end":{}}],"line":122}},"s":{"0":103,"1":15,"2":15,"3":15,"4":4,"5":3,"6":3,"7":15,"8":9,"9":4,"10":4,"11":9,"12":2,"13":2,"14":15,"15":3,"16":3,"17":2,"18":2,"19":15,"20":10,"21":10,"22":20,"23":20,"24":20,"25":20,"26":10,"27":7,"28":7,"29":10,"30":3,"31":3,"32":20,"33":6,"34":2,"35":2,"36":6,"37":4,"38":4,"39":20,"40":6,"41":3,"42":3,"43":6,"44":3,"45":3,"46":3,"47":20,"48":15,"49":15},"f":{"0":103,"1":15,"2":20},"b":{"0":[3,1],"1":[4,5],"2":[2,7],"3":[9,7],"4":[15,6],"5":[2,1],"6":[10,5],"7":[7,3],"8":[10,6],"9":[3,7],"10":[10,9,9],"11":[2,4],"12":[6,2,2],"13":[4,2],"14":[6,5],"15":[20,6],"16":[3,3],"17":[6,6],"18":[3,0],"19":[15,5]},"meta":{"lastBranch":20,"lastFunction":3,"lastStatement":50,"seen":{"f:16:1:16:21":0,"s:16:21:16:50":0,"f:19:7:19:Infinity":1,"s:23:16:23:Infinity":1,"s:24:16:24:Infinity":2,"s:26:2:31:Infinity":3,"b:27:3:30:Infinity:undefined:undefined:undefined:undefined":0,"s:27:3:30:Infinity":4,"s:28:4:28:Infinity":5,"s:29:4:29:Infinity":6,"s:33:2:42:Infinity":7,"b:34:3:37:Infinity:undefined:undefined:undefined:undefined":1,"s:34:3:37:Infinity":8,"s:35:4:35:Infinity":9,"s:36:4:36:Infinity":10,"b:38:3:41:Infinity:undefined:undefined:undefined:undefined":2,"s:38:3:41:Infinity":11,"b:38:7:38:26:38:26:38:54":3,"s:39:4:39:Infinity":12,"s:40:4:40:Infinity":13,"s:44:2:51:Infinity":14,"b:44:21:44:45:44:45:44:49":4,"s:45:3:50:Infinity":15,"b:46:4:49:Infinity:undefined:undefined:undefined:undefined":5,"s:46:4:49:Infinity":16,"s:47:5:47:Infinity":17,"s:48:5:48:Infinity":18,"b:53:2:56:Infinity:undefined:undefined:undefined:undefined":6,"s:53:2:56:Infinity":19,"s:54:3:54:Infinity":20,"s:55:3:55:Infinity":21,"f:60:7:60:Infinity":2,"s:64:16:64:Infinity":22,"s:65:16:65:Infinity":23,"s:66:20:66:Infinity":24,"s:68:2:84:Infinity":25,"b:69:3:75:Infinity:undefined:undefined:undefined:undefined":7,"s:69:3:75:Infinity":26,"b:70:4:70:Infinity:71:4:71:Infinity":8,"s:73:4:73:Infinity":27,"s:74:4:74:Infinity":28,"b:76:3:83:Infinity:undefined:undefined:undefined:undefined":9,"s:76:3:83:Infinity":29,"b:77:4:77:Infinity:78:5:78:Infinity:79:5:79:Infinity":10,"s:81:4:81:Infinity":30,"s:82:4:82:Infinity":31,"s:86:2:104:Infinity":32,"b:87:3:95:Infinity:undefined:undefined:undefined:undefined":11,"s:87:3:95:Infinity":33,"b:88:4:88:Infinity:89:5:89:Infinity:90:5:90:Infinity":12,"s:92:4:93:Infinity":34,"s:94:4:94:Infinity":35,"b:96:3:103:Infinity:undefined:undefined:undefined:undefined":13,"s:96:3:103:Infinity":36,"b:97:4:97:Infinity:98:4:98:Infinity":14,"s:100:4:101:Infinity":37,"s:102:4:102:Infinity":38,"s:106:2:120:Infinity":39,"b:106:21:106:45:106:45:106:49":15,"b:107:3:113:Infinity:undefined:undefined:undefined:undefined":16,"s:107:3:113:Infinity":40,"b:108:4:108:Infinity:109:4:109:Infinity":17,"s:111:4:111:Infinity":41,"s:112:4:112:Infinity":42,"s:114:3:119:Infinity":43,"b:115:4:118:Infinity:undefined:undefined:undefined:undefined":18,"s:115:4:118:Infinity":44,"s:116:5:116:Infinity":45,"s:117:5:117:Infinity":46,"b:122:2:125:Infinity:undefined:undefined:undefined:undefined":19,"s:122:2:125:Infinity":47,"s:123:3:123:Infinity":48,"s:124:3:124:Infinity":49}}}
,"C:\\Projects\\flowti\\Development\\flowti\\src\\domain\\dataExchange\\CsvParser.ts": {"path":"C:\\Projects\\flowti\\Development\\flowti\\src\\domain\\dataExchange\\CsvParser.ts","statementMap":{"0":{"start":{"line":28,"column":17},"end":{"line":33,"column":null}},"1":{"start":{"line":35,"column":15},"end":{"line":35,"column":null}},"2":{"start":{"line":36,"column":20},"end":{"line":36,"column":null}},"3":{"start":{"line":38,"column":2},"end":{"line":40,"column":null}},"4":{"start":{"line":39,"column":3},"end":{"line":39,"column":null}},"5":{"start":{"line":42,"column":18},"end":{"line":44,"column":null}},"6":{"start":{"line":44,"column":27},"end":{"line":44,"column":44}},"7":{"start":{"line":45,"column":15},"end":{"line":45,"column":null}},"8":{"start":{"line":47,"column":2},"end":{"line":52,"column":null}},"9":{"start":{"line":68,"column":20},"end":{"line":68,"column":null}},"10":{"start":{"line":69,"column":2},"end":{"line":75,"column":null}},"11":{"start":{"line":72,"column":28},"end":{"line":72,"column":60}},"12":{"start":{"line":72,"column":47},"end":{"line":72,"column":59}}},"fnMap":{"0":{"name":"(anonymous_0)","decl":{"start":{"line":27,"column":1},"end":{"line":27,"column":7}},"loc":{"start":{"line":27,"column":62},"end":{"line":53,"column":null}},"line":27},"1":{"name":"(anonymous_1)","decl":{"start":{"line":44,"column":17},"end":{"line":44,"column":18}},"loc":{"start":{"line":44,"column":27},"end":{"line":44,"column":44}},"line":44},"2":{"name":"(anonymous_2)","decl":{"start":{"line":63,"column":1},"end":{"line":63,"column":null}},"loc":{"start":{"line":67,"column":11},"end":{"line":76,"column":null}},"line":67},"3":{"name":"(anonymous_3)","decl":{"start":{"line":72,"column":19},"end":{"line":72,"column":20}},"loc":{"start":{"line":72,"column":28},"end":{"line":72,"column":60}},"line":72},"4":{"name":"(anonymous_4)","decl":{"start":{"line":72,"column":40},"end":{"line":72,"column":41}},"loc":{"start":{"line":72,"column":47},"end":{"line":72,"column":59}},"line":72}},"branchMap":{"0":{"loc":{"start":{"line":38,"column":2},"end":{"line":40,"column":null}},"type":"if","locations":[{"start":{"line":38,"column":2},"end":{"line":40,"column":null}},{"start":{},"end":{}}],"line":38},"1":{"loc":{"start":{"line":39,"column":67},"end":{"line":39,"column":93}},"type":"binary-expr","locations":[{"start":{"line":39,"column":67},"end":{"line":39,"column":89}},{"start":{"line":39,"column":89},"end":{"line":39,"column":93}}],"line":39},"2":{"loc":{"start":{"line":42,"column":18},"end":{"line":44,"column":null}},"type":"cond-expr","locations":[{"start":{"line":43,"column":5},"end":{"line":43,"column":null}},{"start":{"line":44,"column":5},"end":{"line":44,"column":null}}],"line":42},"3":{"loc":{"start":{"line":45,"column":15},"end":{"line":45,"column":null}},"type":"cond-expr","locations":[{"start":{"line":45,"column":27},"end":{"line":45,"column":43}},{"start":{"line":45,"column":43},"end":{"line":45,"column":null}}],"line":45},"4":{"loc":{"start":{"line":68,"column":20},"end":{"line":68,"column":null}},"type":"cond-expr","locations":[{"start":{"line":68,"column":39},"end":{"line":68,"column":46}},{"start":{"line":68,"column":46},"end":{"line":68,"column":null}}],"line":68},"5":{"loc":{"start":{"line":72,"column":47},"end":{"line":72,"column":59}},"type":"binary-expr","locations":[{"start":{"line":72,"column":47},"end":{"line":72,"column":57}},{"start":{"line":72,"column":57},"end":{"line":72,"column":59}}],"line":72}},"s":{"0":27,"1":27,"2":27,"3":27,"4":1,"5":26,"6":2,"7":27,"8":27,"9":27,"10":27,"11":66,"12":137},"f":{"0":27,"1":2,"2":27,"3":66,"4":137},"b":{"0":[1,26],"1":[1,1],"2":[25,1],"3":[25,1],"4":[2,25],"5":[137,1]},"meta":{"lastBranch":6,"lastFunction":5,"lastStatement":13,"seen":{"f:27:1:27:7":0,"s:28:17:33:Infinity":0,"s:35:15:35:Infinity":1,"s:36:20:36:Infinity":2,"b:38:2:40:Infinity:undefined:undefined:undefined:undefined":0,"s:38:2:40:Infinity":3,"s:39:3:39:Infinity":4,"b:39:67:39:89:39:89:39:93":1,"s:42:18:44:Infinity":5,"b:43:5:43:Infinity:44:5:44:Infinity":2,"f:44:17:44:18":1,"s:44:27:44:44":6,"s:45:15:45:Infinity":7,"b:45:27:45:43:45:43:45:Infinity":3,"s:47:2:52:Infinity":8,"f:63:1:63:Infinity":2,"s:68:20:68:Infinity":9,"b:68:39:68:46:68:46:68:Infinity":4,"s:69:2:75:Infinity":10,"f:72:19:72:20":3,"s:72:28:72:60":11,"f:72:40:72:41":4,"s:72:47:72:59":12,"b:72:47:72:57:72:57:72:59":5}}}
,"C:\\Projects\\flowti\\Development\\flowti\\src\\domain\\dataExchange\\DataDictionaryBuilder.ts": {"path":"C:\\Projects\\flowti\\Development\\flowti\\src\\domain\\dataExchange\\DataDictionaryBuilder.ts","statementMap":{"0":{"start":{"line":11,"column":13},"end":{"line":11,"column":null}},"1":{"start":{"line":13,"column":21},"end":{"line":25,"column":null}},"2":{"start":{"line":14,"column":14},"end":{"line":14,"column":null}},"3":{"start":{"line":15,"column":2},"end":{"line":23,"column":null}},"4":{"start":{"line":16,"column":3},"end":{"line":21,"column":null}},"5":{"start":{"line":22,"column":3},"end":{"line":22,"column":null}},"6":{"start":{"line":24,"column":2},"end":{"line":24,"column":null}},"7":{"start":{"line":27,"column":17},"end":{"line":30,"column":null}},"8":{"start":{"line":28,"column":2},"end":{"line":28,"column":null}},"9":{"start":{"line":28,"column":24},"end":{"line":28,"column":null}},"10":{"start":{"line":29,"column":2},"end":{"line":29,"column":null}},"11":{"start":{"line":29,"column":43},"end":{"line":29,"column":null}},"12":{"start":{"line":32,"column":1},"end":{"line":60,"column":null}},"13":{"start":{"line":33,"column":2},"end":{"line":45,"column":null}},"14":{"start":{"line":34,"column":3},"end":{"line":34,"column":null}},"15":{"start":{"line":34,"column":20},"end":{"line":34,"column":null}},"16":{"start":{"line":35,"column":17},"end":{"line":35,"column":null}},"17":{"start":{"line":36,"column":3},"end":{"line":40,"column":null}},"18":{"start":{"line":41,"column":3},"end":{"line":43,"column":null}},"19":{"start":{"line":42,"column":4},"end":{"line":42,"column":null}},"20":{"start":{"line":44,"column":3},"end":{"line":44,"column":null}},"21":{"start":{"line":44,"column":21},"end":{"line":44,"column":null}},"22":{"start":{"line":46,"column":2},"end":{"line":59,"column":null}},"23":{"start":{"line":47,"column":3},"end":{"line":58,"column":null}},"24":{"start":{"line":48,"column":18},"end":{"line":48,"column":null}},"25":{"start":{"line":49,"column":4},"end":{"line":53,"column":null}},"26":{"start":{"line":54,"column":4},"end":{"line":56,"column":null}},"27":{"start":{"line":55,"column":5},"end":{"line":55,"column":null}},"28":{"start":{"line":57,"column":4},"end":{"line":57,"column":null}},"29":{"start":{"line":57,"column":22},"end":{"line":57,"column":null}},"30":{"start":{"line":62,"column":1},"end":{"line":72,"column":null}},"31":{"start":{"line":63,"column":2},"end":{"line":71,"column":null}},"32":{"start":{"line":64,"column":17},"end":{"line":64,"column":null}},"33":{"start":{"line":65,"column":3},"end":{"line":69,"column":null}},"34":{"start":{"line":70,"column":3},"end":{"line":70,"column":null}},"35":{"start":{"line":70,"column":21},"end":{"line":70,"column":null}},"36":{"start":{"line":74,"column":1},"end":{"line":120,"column":null}},"37":{"start":{"line":75,"column":21},"end":{"line":75,"column":null}},"38":{"start":{"line":76,"column":2},"end":{"line":76,"column":null}},"39":{"start":{"line":76,"column":21},"end":{"line":76,"column":null}},"40":{"start":{"line":77,"column":2},"end":{"line":119,"column":null}},"41":{"start":{"line":78,"column":3},"end":{"line":80,"column":null}},"42":{"start":{"line":79,"column":4},"end":{"line":79,"column":null}},"43":{"start":{"line":81,"column":3},"end":{"line":87,"column":null}},"44":{"start":{"line":81,"column":45},"end":{"line":81,"column":67}},"45":{"start":{"line":82,"column":4},"end":{"line":86,"column":null}},"46":{"start":{"line":88,"column":3},"end":{"line":102,"column":null}},"47":{"start":{"line":89,"column":4},"end":{"line":89,"column":null}},"48":{"start":{"line":89,"column":21},"end":{"line":89,"column":null}},"49":{"start":{"line":90,"column":18},"end":{"line":90,"column":null}},"50":{"start":{"line":91,"column":4},"end":{"line":91,"column":null}},"51":{"start":{"line":91,"column":23},"end":{"line":91,"column":null}},"52":{"start":{"line":92,"column":4},"end":{"line":98,"column":null}},"53":{"start":{"line":92,"column":41},"end":{"line":92,"column":63}},"54":{"start":{"line":93,"column":5},"end":{"line":97,"column":null}},"55":{"start":{"line":99,"column":4},"end":{"line":101,"column":null}},"56":{"start":{"line":100,"column":5},"end":{"line":100,"column":null}},"57":{"start":{"line":103,"column":3},"end":{"line":118,"column":null}},"58":{"start":{"line":104,"column":4},"end":{"line":117,"column":null}},"59":{"start":{"line":105,"column":19},"end":{"line":105,"column":null}},"60":{"start":{"line":106,"column":5},"end":{"line":106,"column":null}},"61":{"start":{"line":106,"column":24},"end":{"line":106,"column":null}},"62":{"start":{"line":107,"column":5},"end":{"line":113,"column":null}},"63":{"start":{"line":107,"column":42},"end":{"line":107,"column":64}},"64":{"start":{"line":108,"column":6},"end":{"line":112,"column":null}},"65":{"start":{"line":114,"column":5},"end":{"line":116,"column":null}},"66":{"start":{"line":115,"column":6},"end":{"line":115,"column":null}},"67":{"start":{"line":122,"column":1},"end":{"line":124,"column":null}},"68":{"start":{"line":123,"column":2},"end":{"line":123,"column":null}}},"fnMap":{"0":{"name":"buildDataDictionary","decl":{"start":{"line":10,"column":16},"end":{"line":10,"column":36}},"loc":{"start":{"line":10,"column":95},"end":{"line":125,"column":null}},"line":10},"1":{"name":"(anonymous_1)","decl":{"start":{"line":13,"column":21},"end":{"line":13,"column":22}},"loc":{"start":{"line":13,"column":60},"end":{"line":25,"column":null}},"line":13},"2":{"name":"(anonymous_2)","decl":{"start":{"line":27,"column":17},"end":{"line":27,"column":18}},"loc":{"start":{"line":27,"column":73},"end":{"line":30,"column":null}},"line":27},"3":{"name":"(anonymous_3)","decl":{"start":{"line":81,"column":38},"end":{"line":81,"column":39}},"loc":{"start":{"line":81,"column":45},"end":{"line":81,"column":67}},"line":81},"4":{"name":"(anonymous_4)","decl":{
[...]
loc":{"start":{"line":65,"column":12},"end":{"line":65,"column":85}},"type":"binary-expr","locations":[{"start":{"line":65,"column":12},"end":{"line":65,"column":35}},{"start":{"line":65,"column":35},"end":{"line":65,"column":58}},{"start":{"line":65,"column":58},"end":{"line":65,"column":85}}],"line":65},"12":{"loc":{"start":{"line":68,"column":1},"end":{"line":68,"column":null}},"type":"if","locations":[{"start":{"line":68,"column":1},"end":{"line":68,"column":null}},{"start":{},"end":{}}],"line":68}},"s":{"0":2,"1":14,"2":2,"3":14,"4":1,"5":1,"6":1,"7":1,"8":1,"9":1,"10":2,"11":1,"12":2,"13":2,"14":1,"15":12,"16":7,"17":8,"18":6,"19":6,"20":6,"21":6,"22":3,"23":3,"24":1,"25":6,"26":2,"27":4,"28":4},"f":{"0":2,"1":14,"2":14,"3":12,"4":7,"5":8,"6":6,"7":6},"b":{"0":[2,1],"1":[1,1,1,1,1,1,2,1,2,2,1],"2":[1,1],"3":[1,0],"4":[1,1],"5":[2,1],"6":[12,1],"7":[4,2],"8":[3,3],"9":[6,5,4],"10":[1,2],"11":[3,1,1],"12":[2,4]},"meta":{"lastBranch":13,"lastFunction":8,"lastStatement":29,"seen":{"f:10:16:10:37":0,"s:11:13:11:Infinity":0,"f:11:43:11:44":1,"s:11:67:11:80":1,"s:12:1:12:Infinity":2,"b:12:8:12:22:12:22:12:Infinity":0,"f:16:16:16:36":2,"b:18:2:18:Infinity:19:2:19:Infinity:20:2:20:Infinity:21:2:21:Infinity:22:2:22:Infinity:23:2:23:Infinity:24:2:25:Infinity:26:2:27:Infinity:28:2:29:Infinity:30:2:30:Infinity:31:2:31:Infinity":1,"s:17:1:32:Infinity":3,"s:18:20:18:Infinity":4,"s:19:24:19:Infinity":5,"s:20:24:20:Infinity":6,"s:21:20:21:Infinity":7,"s:22:22:22:Infinity":8,"s:23:19:23:Infinity":9,"s:25:3:25:Infinity":10,"b:25:29:25:71:25:71:25:Infinity":2,"s:27:3:27:Infinity":11,"b:27:29:27:71:27:71:27:Infinity":3,"s:29:3:29:Infinity":12,"b:29:42:29:67:29:67:29:Infinity":4,"s:30:20:30:Infinity":13,"b:30:27:30:52:30:52:30:Infinity":5,"s:31:11:31:Infinity":14,"f:36:16:36:36":3,"s:37:1:37:Infinity":15,"b:37:1:37:27:37:27:37:Infinity":6,"f:41:16:41:32":4,"s:42:1:42:Infinity":16,"f:46:16:46:34":5,"s:47:1:47:Infinity":17,"f:51:16:51:32":6,"s:52:1:52:Infinity":18,"b:52:17:52:43:52:43:52:Infinity":7,"f:56:16:56:Infinity":7,"s:61:18:61:Infinity":19,"s:62:19:62:Infinity":20,"b:63:1:67:Infinity:65:1:67:Infinity":8,"s:63:1:67:Infinity":21,"b:63:5:63:28:63:28:63:51:63:51:63:78":9,"s:64:2:64:Infinity":22,"b:65:1:67:Infinity:undefined:undefined:undefined:undefined":10,"s:65:1:67:Infinity":23,"b:65:12:65:35:65:35:65:58:65:58:65:85":11,"s:66:2:66:Infinity":24,"b:68:1:68:Infinity:undefined:undefined:undefined:undefined":12,"s:68:1:68:Infinity":25,"s:68:31:68:Infinity":26,"s:69:16:69:Infinity":27,"s:70:1:70:Infinity":28}}}
,"C:\\Projects\\flowti\\Development\\flowti\\src\\utils\\TypedStorage.ts": {"path":"C:\\Projects\\flowti\\Development\\flowti\\src\\utils\\TypedStorage.ts","statementMap":{"0":{"start":{"line":20,"column":21},"end":{"line":20,"column":null}},"1":{"start":{"line":41,"column":10},"end":{"line":41,"column":null}},"2":{"start":{"line":42,"column":10},"end":{"line":42,"column":null}},"3":{"start":{"line":46,"column":16},"end":{"line":46,"column":null}},"4":{"start":{"line":47,"column":2},"end":{"line":47,"column":null}},"5":{"start":{"line":51,"column":2},"end":{"line":57,"column":null}},"6":{"start":{"line":52,"column":26},"end":{"line":52,"column":null}},"7":{"start":{"line":53,"column":3},"end":{"line":56,"column":null}},"8":{"start":{"line":61,"column":2},"end":{"line":66,"column":null}},"9":{"start":{"line":62,"column":3},"end":{"line":62,"column":null}},"10":{"start":{"line":64,"column":3},"end":{"line":64,"column":null}},"11":{"start":{"line":65,"column":3},"end":{"line":65,"column":null}},"12":{"start":{"line":70,"column":2},"end":{"line":76,"column":null}},"13":{"start":{"line":71,"column":3},"end":{"line":71,"column":null}},"14":{"start":{"line":72,"column":3},"end":{"line":72,"column":null}},"15":{"start":{"line":74,"column":3},"end":{"line":74,"column":null}},"16":{"start":{"line":75,"column":3},"end":{"line":75,"column":null}}},"fnMap":{"0":{"name":"(anonymous_0)","decl":{"start":{"line":40,"column":1},"end":{"line":40,"column":null}},"loc":{"start":{"line":43,"column":3},"end":{"line":43,"column":null}},"line":43},"1":{"name":"(anonymous_1)","decl":{"start":{"line":45,"column":7},"end":{"line":45,"column":38}},"loc":{"start":{"line":45,"column":38},"end":{"line":48,"column":null}},"line":45},"2":{"name":"(anonymous_2)","decl":{"start":{"line":50,"column":7},"end":{"line":50,"column":12}},"loc":{"start":{"line":50,"column":37},"end":{"line":58,"column":null}},"line":50},"3":{"name":"(anonymous_3)","decl":{"start":{"line":51,"column":41},"end":{"line":51,"column":53}},"loc":{"start":{"line":51,"column":53},"end":{"line":57,"column":3}},"line":51},"4":{"name":"(anonymous_4)","decl":{"start":{"line":60,"column":7},"end":{"line":60,"column":16}},"loc":{"start":{"line":60,"column":54},"end":{"line":67,"column":null}},"line":60},"5":{"name":"(anonymous_5)","decl":{"start":{"line":69,"column":7},"end":{"line":69,"column":16}},"loc":{"start":{"line":69,"column":44},"end":{"line":77,"column":null}},"line":69}},"branchMap":{"0":{"loc":{"start":{"line":52,"column":26},"end":{"line":52,"column":null}},"type":"binary-expr","locations":[{"start":{"line":52,"column":26},"end":{"line":52,"column":67}},{"start":{"line":52,"column":67},"end":{"line":52,"column":null}}],"line":52}},"s":{"0":1,"1":10,"2":10,"3":6,"4":6,"5":6,"6":6,"7":6,"8":0,"9":0,"10":0,"11":0,"12":0,"13":0,"14":0,"15":0,"16":0},"f":{"0":10,"1":6,"2":6,"3":6,"4":0,"5":0},"b":{"0":[6,1]},"meta":{"lastBranch":1,"lastFunction":6,"lastStatement":17,"seen":{"s:20:21:20:Infinity":0,"f:40:1:40:Infinity":0,"s:41:10:41:Infinity":1,"s:42:10:42:Infinity":2,"f:45:7:45:38":1,"s:46:16:46:Infinity":3,"s:47:2:47:Infinity":4,"f:50:7:50:12":2,"s:51:2:57:Infinity":5,"f:51:41:51:53":3,"s:52:26:52:Infinity":6,"b:52:26:52:67:52:67:52:Infinity":0,"s:53:3:56:Infinity":7,"f:60:7:60:16":4,"s:61:2:66:Infinity":8,"s:62:3:62:Infinity":9,"s:64:3:64:Infinity":10,"s:65:3:65:Infinity":11,"f:69:7:69:16":5,"s:70:2:76:Infinity":12,"s:71:3:71:Infinity":13,"s:72:3:72:Infinity":14,"s:74:3:74:Infinity":15,"s:75:3:75:Infinity":16}}}
,"C:\\Projects\\flowti\\Development\\flowti\\src\\utils\\glob.ts": {"path":"C:\\Projects\\flowti\\Development\\flowti\\src\\utils\\glob.ts","statementMap":{"0":{"start":{"line":12,"column":18},"end":{"line":12,"column":null}},"1":{"start":{"line":15,"column":16},"end":{"line":15,"column":null}},"2":{"start":{"line":16,"column":1},"end":{"line":16,"column":null}},"3":{"start":{"line":16,"column":13},"end":{"line":16,"column":null}},"4":{"start":{"line":18,"column":18},"end":{"line":32,"column":null}},"5":{"start":{"line":34,"column":15},"end":{"line":34,"column":null}},"6":{"start":{"line":35,"column":1},"end":{"line":35,"column":null}},"7":{"start":{"line":36,"column":1},"end":{"line":36,"column":null}},"8":{"start":{"line":40,"column":1},"end":{"line":40,"column":null}}},"fnMap":{"0":{"name":"compileGlob","decl":{"start":{"line":14,"column":9},"end":{"line":14,"column":21}},"loc":{"start":{"line":14,"column":46},"end":{"line":37,"column":null}},"line":14},"1":{"name":"matchGlob","decl":{"start":{"line":39,"column":16},"end":{"line":39,"column":26}},"loc":{"start":{"line":39,"column":67},"end":{"line":41,"column":null}},"line":39}},"branchMap":{"0":{"loc":{"start":{"line":16,"column":1},"end":{"line":16,"column":null}},"type":"if","locations":[{"start":{"line":16,"column":1},"end":{"line":16,"column":null}},{"start":{},"end":{}}],"line":16}},"s":{"0":3,"1":33,"2":33,"3":18,"4":15,"5":15,"6":15,"7":15,"8":33},"f":{"0":33,"1":33},"b":{"0":[18,15]},"meta":{"lastBranch":1,"lastFunction":2,"lastStatement":9,"seen":{"s:12:18:12:Infinity":0,"f:14:9:14:21":0,"s:15:16:15:Infinity":1,"b:16:1:16:Infinity:undefined:undefined:undefined:undefined":0,"s:16:1:16:Infinity":2,"s:16:13:16:Infinity":3,"s:18:18:32:Infinity":4,"s:34:15:34:Infinity":5,"s:35:1:35:Infinity":6,"s:36:1:36:Infinity":7,"f:39:16:39:26":1,"s:40:1:40:Infinity":8}}}
,"C:\\Projects\\flowti\\Development\\flowti\\src\\utils\\helpers.ts": {"path":"C:\\Projects\\flowti\\Development\\flowti\\src\\utils\\helpers.ts","statementMap":{"0":{"start":{"line":11,"column":1},"end":{"line":11,"column":null}},"1":{"start":{"line":11,"column":45},"end":{"line":11,"column":null}},"2":{"start":{"line":12,"column":16},"end":{"line":12,"column":null}},"3":{"start":{"line":13,"column":1},"end":{"line":13,"column":null}},"4":{"start":{"line":24,"column":1},"end":{"line":24,"column":null}},"5":{"start":{"line":24,"column":53},"end":{"line":24,"column":null}},"6":{"start":{"line":25,"column":19},"end":{"line":25,"column":null}},"7":{"start":{"line":26,"column":1},"end":{"line":26,"column":null}},"8":{"start":{"line":26,"column":55},"end":{"line":26,"column":null}},"9":{"start":{"line":27,"column":16},"end":{"line":27,"column":null}},"10":{"start":{"line":28,"column":1},"end":{"line":28,"column":null}},"11":{"start":{"line":37,"column":1},"end":{"line":39,"column":null}},"12":{"start":{"line":38,"column":2},"end":{"line":38,"column":null}},"13":{"start":{"line":41,"column":1},"end":{"line":45,"column":null}},"14":{"start":{"line":42,"column":13},"end":{"line":42,"column":null}},"15":{"start":{"line":43,"column":12},"end":{"line":43,"column":null}},"16":{"start":{"line":44,"column":2},"end":{"line":44,"column":null}}},"fnMap":{"0":{"name":"extractStringField","decl":{"start":{"line":7,"column":16},"end":{"line":7,"column":null}},"loc":{"start":{"line":10,"column":22},"end":{"line":14,"column":null}},"line":10},"1":{"name":"extractSettingsBoolean","decl":{"start":{"line":20,"column":16},"end":{"line":20,"column":null}},"loc":{"start":{"line":23,"column":23},"end":{"line":29,"column":null}},"line":23},"2":{"name":"generateUUID","decl":{"start":{"line":36,"column":16},"end":{"line":36,"column":37}},"loc":{"start":{"line":36,"column":37},"end":{"line":46,"column":null}},"line":36},"3":{"name":"(anonymous_3)","decl":{"start":{"line":41,"column":64},"end":{"line":41,"column":65}},"loc":{"start":{"line":41,"column":71},"end":{"line":45,"column":2}},"line":41}},"branchMap":{"0":{"loc":{"start":{"line":11,"column":1},"end":{"line":11,"column":null}},"type":"if","locations":[{"start":{"line":11,"column":1},"end":{"line":11,"column":null}},{"start":{},"end":{}}],"line":11},"1":{"loc":{"start":{"line":11,"column":5},"end":{"line":11,"column":45}},"type":"binary-expr","locations":[{"start":{"line":11,"column":5},"end":{"line":11,"column":20}},{"start":{"line":11,"column":20},"end":{"line":11,"column":45}}],"line":11},"2":{"loc":{"start":{"line":13,"column":8},"end":{"line":13,"column":null}},"type":"cond-expr","locations":[{"start":{"line":13,"column":36},"end":{"line":13,"column":44}},{"start":{"line":13,"column":44},"end":{"line":13,"column":null}}],"line":13},"3":{"loc":{"start":{"line":24,"column":1},"end":{"line":24,"column":null}},"type":"if","locations":[{"start":{"line":24,"column":1},"end":{"line":24,"column":null}},{"start":{},"end":{}}],"line":24},"4":{"loc":{"start":{"line":24,"column":5},"end":{"line":24,"column":53}},"type":"binary-expr","locations":[{"start":{"line":24,"column":5},"end":{"line":24,"column":24}},{"start":{"line":24,"column":24},"end":{"line":24,"column":53}}],"line":24},"5":{"loc":{"start":{"line":26,"column":1},"end":{"line":26,"column":null}},"type":"if","locations":[{"start":{"line":26,"column":1},"end":{"line":26,"column":null}},{"start":{},"end":{}}],"line":26},"6":{"loc":{"start":{"line":26,"column":5},"end":{"line":26,"column":55}},"type":"binary-expr","locations":[{"start":{"line":26,"column":5},"end":{"line":26,"column":25}},{"start":{"line":26,"column":25},"end":{"line":26,"column":55}}],"line":26},"7":{"loc":{"start":{"line":28,"column":8},"end":{"line":28,"column":null}},"type":"cond-expr","locations":[{"start":{"line":28,"column":37},"end":{"line":28,"column":45}},{"start":{"line":28,"column":45},"end":{"line":28,"column":null}}],"line":28},"8":{"loc":{"start":{"line":37,"column":1},"end":{"line":39,"column":null}},"type":"if","locations":[{"start":{"line":37,"column":1},"end":{"line":39,"column":null}},{"start":{},"end":{}}],"line":37},"9":{"loc":{"start":{"line":37,"column":5},"end":{"line":37,"column":57}},"type":"binary-expr","locations":[{"start":{"line":37,"column":5},"end":{"line":37,"column":38}},{"start":{"line":37,"column":38},"end":{"line":37,"column":57}}],"line":37},"10":{"loc":{"start":{"line":43,"column":12},"end":{"line":43,"column":null}},"type":"cond-expr","locations":[{"start":{"line":43,"column":24},"end":{"line":43,"column":29}},{"start":{"line":43,"column":29},"end":{"line":43,"column":null}}],"line":43}},"s":{"0":70,"1":3,"2":67,"3":67,"4":16,"5":1,"6":15,"7":15,"8":1,"9":14,"10":14,"11":115,"12":115,"13":0,"14":0,"15":0,"16":0},"f":{"0":70,"1":16,"2":115,"3":0},"b":{"0":[3,67],"1":[70,68],"2":[65,2],"3":[1,15],"4":[16,15],"5":[1,14],"6":[15,14],"7":[12,2],"8":[115,0],"9":[115,115],"10":[0,0]},"meta":{"lastBranch":11,"lastFunction":4,"lastStatement":17,"seen":{"f:7:16:7:Infinity":0,"b:11:1:11:Infinity:undefined:undefined:undefined:undefined":0,"s:11:1:11:Infinity":0,"b:11:5:11:20:11:20:11:45":1,"s:11:45:11:Infinity":1,"s:12:16:12:Infinity":2,"s:13:1:13:Infinity":3,"b:13:36:13:44:13:44:13:Infinity":2,"f:20:16:20:Infinity":1,"b:24:1:24:Infinity:undefined:undefined:undefined:undefined":3,"s:24:1:24:Infinity":4,"b:24:5:24:24:24:24:24:53":4,"s:24:53:24:Infinity":5,"s:25:19:25:Infinity":6,"b:26:1:26:Infinity:undefined:undefined:undefined:undefined":5,"s:26:1:26:Infinity":7,"b:26:5:26:25:26:25:26:55":6,"s:26:55:26:Infinity":8,"s:27:16:27:Infinity":9,"s:28:1:28:Infinity":10,"b:28:37:28:45:28:45:28:Infinity":7,"f:36:16:36:37":2,"b:37:1:39:Infinity:undefined:undefined:undefined:undefined":8,"s:37:1:39:Infinity":11,"b:37:5:37:38:37:38:37:57":9,"s:38:2:38:Infinity":12,"s:41:1:45:Infinity":13,"f:41:64:41:65":3,"s:42:13:42:Infinity":14,"s:43:12:43:Infinity":15,"b:43:24:43:29:43:29:43:Infinity":10,"s:44:2:44:Infinity":16}}}
,"C:\\Projects\\flowti\\Development\\flowti\\src\\utils\\mutex.ts": {"path":"C:\\Projects\\flowti\\Development\\flowti\\src\\utils\\mutex.ts","statementMap":{"0":{"start":{"line":6,"column":1},"end":{"line":6,"column":null}},"1":{"start":{"line":13,"column":15},"end":{"line":13,"column":null}},"2":{"start":{"line":16,"column":15},"end":{"line":18,"column":null}},"3":{"start":{"line":17,"column":3},"end":{"line":17,"column":null}},"4":{"start":{"line":19,"column":2},"end":{"line":19,"column":null}},"5":{"start":{"line":21,"column":2},"end":{"line":21,"column":null}},"6":{"start":{"line":22,"column":2},"end":{"line":30,"column":null}},"7":{"start":{"line":23,"column":3},"end":{"line":23,"column":null}},"8":{"start":{"line":25,"column":3},"end":{"line":25,"column":null}},"9":{"start":{"line":27,"column":3},"end":{"line":29,"column":null}},"10":{"start":{"line":28,"column":4},"end":{"line":28,"column":null}}},"fnMap":{"0":{"name":"(anonymous_0)","decl":{"start":{"line":5,"column":7},"end":{"line":5,"column":13}},"loc":{"start":{"line":5,"column":7},"end":{"line":6,"column":null}},"line":5},"1":{"name":"(anonymous_1)","decl":{"start":{"line":12,"column":7},"end":{"line":12,"column":19}},"loc":{"start":{"line":12,"column":67},"end":{"line":31,"column":null}},"line":12},"2":{"name":"(anonymous_2)","decl":{"start":{"line":16,"column":33},"end":{"line":16,"column":34}},"loc":{"start":{"line":16,"column":46},"end":{"line":18,"column":3}},"line":16}},"branchMap":{"0":{"loc":{"start":{"line":13,"column":15},"end":{"line":13,"column":null}},"type":"binary-expr","locations":[{"start":{"line":13,"column":15},"end":{"line":13,"column":39}},{"start":{"line":13,"column":39},"end":{"line":13,"column":null}}],"line":13},"1":{"loc":{"start":{"line":27,"column":3},"end":{"line":29,"column":null}},"type":"if","locations":[{"start":{"line":27,"column":3},"end":{"line":29,"column":null}},{"start":{},"end":{}}],"line":27}},"s":{"0":121,"1":40,"2":40,"3":40,"4":40,"5":40,"6":40,"7":40,"8":40,"9":40,"10":37},"f":{"0":121,"1":40,"2":40},"b":{"0":[40,37],"1":[37,3]},"meta":{"lastBranch":2,"lastFunction":3,"lastStatement":11,"seen":{"f:5:7:5:13":0,"s:6:1:6:Infinity":0,"f:12:7:12:19":1,"s:13:15:13:Infinity":1,"b:13:15:13:39:13:39:13:Infinity":0,"s:16:15:18:Infinity":2,"f:16:33:16:34":2,"s:17:3:17:Infinity":3,"s:19:2:19:Infinity":4,"s:21:2:21:Infinity":5,"s:22:2:30:Infinity":6,"s:23:3:23:Infinity":7,"s:25:3:25:Infinity":8,"b:27:3:29:Infinity:undefined:undefined:undefined:undefined":1,"s:27:3:29:Infinity":9,"s:28:4:28:Infinity":10}}}
,"C:\\Projects\\flowti\\Development\\flowti\\src\\utils\\pathUtils.ts": {"path":"C:\\Projects\\flowti\\Development\\flowti\\src\\utils\\pathUtils.ts","statementMap":{"0":{"start":{"line":10,"column":1},"end":{"line":10,"column":null}},"1":{"start":{"line":15,"column":20},"end":{"line":15,"column":null}},"2":{"start":{"line":16,"column":1},"end":{"line":16,"column":null}},"3":{"start":{"line":21,"column":20},"end":{"line":21,"column":null}},"4":{"start":{"line":22,"column":13},"end":{"line":22,"column":null}},"5":{"start":{"line":23,"column":1},"end":{"line":23,"column":null}},"6":{"start":{"line":32,"column":1},"end":{"line":36,"column":null}},"7":{"start":{"line":33,"column":2},"end":{"line":35,"column":null}},"8":{"start":{"line":37,"column":16},"end":{"line":37,"column":null}},"9":{"start":{"line":38,"column":1},"end":{"line":38,"column":null}}},"fnMap":{"0":{"name":"normalizeSeparators","decl":{"start":{"line":9,"column":16},"end":{"line":9,"column":36}},"loc":{"start":{"line":9,"column":58},"end":{"line":11,"column":null}},"line":9},"1":{"name":"basename","decl":{"start":{"line":14,"column":16},"end":{"line":14,"column":25}},"loc":{"start":{"line":14,"column":47},"end":{"line":17,"column":null}},"line":14},"2":{"name":"dirname","decl":{"start":{"line":20,"column":16},"end":{"line":20,"column":24}},"loc":{"start":{"line":20,"column":46},"end":{"line":24,"column":null}},"line":20},"3":{"name":"stripExtension","decl":{"start":{"line":31,"column":16},"end":{"line":31,"column":31}},"loc":{"start":{"line":31,"column":71},"end":{"line":39,"column":null}},"line":31}},"branchMap":{"0":{"loc":{"start":{"line":16,"column":8},"end":{"line":16,"column":null}},"type":"binary-expr","locations":[{"start":{"line":16,"column":8},"end":{"line":16,"column":39}},{"start":{"line":16,"column":39},"end":{"line":16,"column":null}}],"line":16},"1":{"loc":{"start":{"line":23,"column":8},"end":{"line":23,"column":null}},"type":"cond-expr","locations":[{"start":{"line":23,"column":21},"end":{"line":23,"column":26}},{"start":{"line":23,"column":26},"end":{"line":23,"column":null}}],"line":23},"2":{"loc":{"start":{"line":32,"column":1},"end":{"line":36,"column":null}},"type":"if","locations":[{"start":{"line":32,"column":1},"end":{"line":36,"column":null}},{"start":{},"end":{}}],"line":32},"3":{"loc":{"start":{"line":33,"column":9},"end":{"line":35,"column":null}},"type":"cond-expr","locations":[{"start":{"line":34,"column":5},"end":{"line":34,"column":null}},{"start":{"line":35,"column":5},"end":{"line":35,"column":null}}],"line":33},"4":{"loc":{"start":{"line":38,"column":8},"end":{"line":38,"column":null}},"type":"cond-expr","locations":[{"start":{"line":38,"column":21},"end":{"line":38,"column":49}},{"start":{"line":38,"column":49},"end":{"line":38,"column":null}}],"line":38}},"s":{"0":225,"1":211,"2":211,"3":11,"4":11,"5":11,"6":79,"7":75,"8":4,"9":4},"f":{"0":225,"1":211,"2":11,"3":79},"b":{"0":[211,0],"1":[3,8],"2":[75,4],"3":[73,2],"4":[2,2]},"meta":{"lastBranch":5,"lastFunction":4,"lastStatement":10,"seen":{"f:9:16:9:36":0,"s:10:1:10:Infinity":0,"f:14:16:14:25":1,"s:15:20:15:Infinity":1,"s:16:1:16:Infinity":2,"b:16:8:16:39:16:39:16:Infinity":0,"f:20:16:20:24":2,"s:21:20:21:Infinity":3,"s:22:13:22:Infinity":4,"s:23:1:23:Infinity":5,"b:23:21:23:26:23:26:23:Infinity":1,"f:31:16:31:31":3,"b:32:1:36:Infinity:undefined:undefined:undefined:undefined":2,"s:32:1:36:Infinity":6,"s:33:2:35:Infinity":7,"b:34:5:34:Infinity:35:5:35:Infinity":3,"s:37:16:37:Infinity":8,"s:38:1:38:Infinity":9,"b:38:21:38:49:38:49:38:Infinity":4}}}
}
