{"numTotalTestSuites":457,"numPassedTestSuites":457,"numFailedTestSuites":0,"numPendingTestSuites":0,"numTotalTests":1364,"numPassedTests":1360,"numFailedTests":0,"numPendingTests":4,"numTodoTests":0,"snapshot":{"added":0,"failure":false,"filesAdded":0,"filesRemoved":0,"filesRemovedList":[],"filesUnmatched":0,"filesUpdated":0,"matched":0,"total":0,"unchecked":0,"uncheckedKeysByFile":[],"unmatched":0,"updated":0,"didUpdate":false},"startTime":1771120634514,"success":true,"testResults":[{"assertionResults":[{"ancestorTitles":["matchGlob","exact match"],"fullName":"matchGlob exact match should match an exact string","status":"passed","title":"should match an exact string","duration":1.4524000000000115,"failureMessages":[],"meta":{}},{"ancestorTitles":["matchGlob","exact match"],"fullName":"matchGlob exact match should not match different strings","status":"passed","title":"should not match different strings","duration":0.23629999999999995,"failureMessages":[],"meta":{}},{"ancestorTitles":["matchGlob","single star (*)"],"fullName":"matchGlob single star (*) should match any characters within a segment","status":"passed","title":"should match any characters within a segment","duration":0.3415999999999997,"failureMessages":[],"meta":{}},{"ancestorTitles":["matchGlob","single star (*)"],"fullName":"matchGlob single star (*) should not match across path separators","status":"passed","title":"should not match across path separators","duration":0.24330000000000496,"failureMessages":[],"meta":{}},{"ancestorTitles":["matchGlob","single star (*)"],"fullName":"matchGlob single star (*) should match with prefix","status":"passed","title":"should match with prefix","duration":0.30700000000001637,"failureMessages":[],"meta":{}},{"ancestorTitles":["matchGlob","double star (**)"],"fullName":"matchGlob double star (**) should match across path separators","status":"passed","title":"should match across path separators","duration":0.3345999999999947,"failureMessages":[],"meta":{}},{"ancestorTitles":["matchGlob","double star (**)"],"fullName":"matchGlob double star (**) should match deeply nested paths","status":"passed","title":"should match deeply nested paths","duration":0.18360000000001264,"failureMessages":[],"meta":{}},{"ancestorTitles":["matchGlob","double star (**)"],"fullName":"matchGlob double star (**) should match at the root level too","status":"passed","title":"should match at the root level too","duration":0.14730000000000132,"failureMessages":[],"meta":{}},{"ancestorTitles":["matchGlob","question mark (?)"],"fullName":"matchGlob question mark (?) should match a single character","status":"passed","title":"should match a single character","duration":0.26209999999997535,"failureMessages":[],"meta":{}},{"ancestorTitles":["matchGlob","question mark (?)"],"fullName":"matchGlob question mark (?) should not match zero or multiple characters","status":"passed","title":"should not match zero or multiple characters","duration":0.22620000000000573,"failureMessages":[],"meta":{}},{"ancestorTitles":["matchGlob","regex special characters"],"fullName":"matchGlob regex special characters should handle dots in patterns","status":"passed","title":"should handle dots in patterns","duration":0.222500000000025,"failureMessages":[],"meta":{}},{"ancestorTitles":["matchGlob","regex special characters"],"fullName":"matchGlob regex special characters should handle parentheses","status":"passed","title":"should handle parentheses","duration":0.14289999999999736,"failureMessages":[],"meta":{}},{"ancestorTitles":["matchGlob","regex special characters"],"fullName":"matchGlob regex special characters should handle brackets","status":"passed","title":"should handle brackets","duration":0.13419999999999277,"failureMessages":[],"meta":{}},{"ancestorTitles":["matchGlob","path patterns"],"fullName":"matchGlob path patterns should match a specific folder prefix","status":"passed","title":"should match a specific folder prefix","duration":0.25900000000001455,"failureMessages":[],"meta":{}},{"ancestorTitles":["matchGlob","path patterns"],"fullName":"matchGlob path patterns should match empty path segments with **","status":"passed","title":"should match empty path segments with **","duration":0.27559999999996876,"failureMessages":[],"meta":{}}],"startTime":1771120638353,"endTime":1771120638358.2756,"status":"passed","message":"","name":"C:/Projects/flowti/Development/flowti/tests/utils/glob.test.ts"},{"assertionResults":[{"ancestorTitles":["extractStringField"],"fullName":"extractStringField should extract a string field from an object","status":"passed","title":"should extract a string field from an object","duration":2.221499999999992,"failureMessages":[],"meta":{}},{"ancestorTitles":["extractStringField"],"fullName":"extractStringField should return undefined for non-string field","status":"passed","title":"should return undefined for non-string field","duration":0.3098000000000525,"failureMessages":[],"meta":{}},{"ancestorTitles":["extractStringField"],"fullName":"extractStringField should return undefined for missing field","status":"passed","title":"should return undefined for missing field","duration":0.20120000000002847,"failureMessages":[],"meta":{}},{"ancestorTitles":["extractStringField"],"fullName":"extractStringField should return undefined for null input","status":"passed","title":"should return undefined for null input","duration":0.18500000000000227,"failureMessages":[],"meta":{}},{"ancestorTitles":["extractStringField"],"fullName":"extractStringField should return undefined for undefined input","status":"passed","title":"should return undefined for undefined input","duration":0.20650000000000546,"failureMessages":[],"meta":{}},{"ancestorTitles":["extractStringField"],"fullName":"extractStringField should return undefined for non-object input","status":"passed","title":"should return undefined for non-object input","duration":0.1471000000000231,"failureMessages":[],"meta":{}},{"ancestorTitles":["extractSettingsBoolean"],"fullName":"extractSettingsBoolean should extract a boolean flag from nested settings","status":"passed","title":"should extract a boolean flag from nested settings","duration":0.23640000000000327,"failureMessages":[],"meta":{}},{"ancestorTitles":["extractSettingsBoolean"],"fullName":"extractSettingsBoolean should return false for false flags","status":"passed","title":"should return false for false flags","duration":0.216700000000003,"failureMessages":[],"meta":{}},{"ancestorTitles":["extractSettingsBoolean"],"fullName":"extractSettingsBoolean should return undefined for missing flag","status":"passed","title":"should return undefined for missing flag","duration":0.21229999999997062,"failureMessages":[],"meta":{}},{"ancestorTitles":["extractSettingsBoolean"],"fullName":"extractSettingsBoolean should return undefined for non-boolean flag","status":"passed","title":"should return undefined for non-boolean flag","duration":0.24630000000001928,"failureMessages":[],"meta":{}},{"ancestorTitles":["extractSettingsBoolean"],"fullName":"extractSettingsBoolean should return undefined for missing settings","status":"passed","title":"should return undefined for missing settings","duration":0.1675000000000182,"failureMessages":[],"meta":{}},{"ancestorTitles":["extractSettingsBoolean"],"fullName":"extractSettingsBoolean should return undefined for null input","status":"passed","title":"should return undefined for null input","duration":0.1342999999999961,"failureMessages":[],"meta":{}},{"ancestorTitles":["generateUUID"],"fullName":"generateUUID should generate a valid UUID v4 string","status":"passed","title":"should generate a valid UUID v4 string","duration":3.4711000000000354,"failureMessages":[],"meta":{}},{"ancestorTitles":["generateUUID"],"fullName":"generateUUID should generate unique UUIDs","status":"passed","title":"should generate unique UUIDs","duration":0.3494000000000028,"failureMessages":[],"meta":{}}],"startTime":1771120638275,"endTime":1771120638284.4712,"status":"passed","message":"","name":"C:/Projects/flowti/Development/flowti/tests/utils/helpers.test.ts"},{"assertionResults":[{"ancestorTitles":["PathMutex"],"fullName":"PathMutex should serialize access to the same path","status":"passed","title":"should serialize access to the same path","duration":82.62289999999996,"failureMessages":[],"meta":{}},{"ancestorTitles":["PathMutex"],"fullName":"PathMutex should allow parallel access to different paths","status":"passed","title":"should allow parallel access to different paths","duration":64.28120000000001,"failureMessages":[],"meta":{}},{"ancestorTitles":["PathMutex"],"fullName":"PathMutex should return the value from the callback","status":"passed","title":"should return the value from the callback","duration":0.32780000000002474,"failureMessages":[],"meta":{}},{"ancestorTitles":["PathMutex"],"fullName":"PathMutex should release lock on error","status":"passed","title":"should release lock on error","duration":2.1777000000000157,"failureMessages":[],"meta":{}},{"ancestorTitles":["PathMutex"],"fullName":"PathMutex should handle triple serialization","status":"passed","title":"should handle triple serialization","duration":59.8236,"failureMessages":[],"meta":{}}],"startTime":1771120634925,"endTime":1771120635134.8235,"status":"passed","message":"","name":"C:/Projects/flowti/Development/flowti/tests/utils/mutex.test.ts"},{"assertionResults":[{"ancestorTitles":["normalizeSeparators"],"fullName":"normalizeSeparators replaces backslashes with forward slashes","status":"passed","title":"replaces backslashes with forward slashes","duration":1.1384000000000185,"failureMessages":[],"meta":{}},{"ancestorTitles":["normalizeSeparators"],"fullName":"normalizeSeparators leaves forward slashes unchanged","status":"passed","title":"leaves forward slashes unchanged","duration":0.1741000000000099,"failureMessages":[],"meta":{}},{"ancestorTitles":["normalizeSeparators"],"fullName":"normalizeSeparators handles empty string","status":"passed","title":"handles empty string","duration":0.1384999999999934,"failureMessages":[],"meta":{}},{"ancestorTitles":["basename"],"fullName":"basename returns the filename from a path","status":"passed","title":"returns the filename from a path","duration":0.18099999999998317,"failureMessages":[],"meta":{}},{"ancestorTitles":["basename"],"fullName":"basename returns the filename for a root-level file","status":"passed","title":"returns the filename for a root-level file","duration":0.14809999999999945,"failureMessages":[],"meta":{}},{"ancestorTitles":["basename"],"fullName":"basename handles backslash paths","status":"passed","title":"handles backslash paths","duration":0.12399999999999523,"failureMessages":[],"meta":{}},{"ancestorTitles":["basename"],"fullName":"basename returns empty string for empty input","status":"passed","title":"returns empty string for empty input","duration":0.1307999999999936,"failureMessages":[],"meta":{}},{"ancestorTitles":["basename"],"fullName":"basename handles trailing slash","status":"passed","title":"handles trailing slash","duration":0.12320000000002551,"failureMessages":[],"meta":{}},{"ancestorTitles":["dirname"],"fullName":"dirname returns the parent directory","status":"passed","title":"returns the parent directory","duration":0.1337000000000046,"failureMessages":[],"meta":{}},{"ancestorTitles":["dirname"],"fullName":"dirname returns empty string for root-level files","status":"passed","title":"returns empty string for root-level files","duration":0.1266999999999996,"failureMessages":[],"meta":{}},{"ancestorTitles":["dirname"],"fullName":"dirname handles backslash paths","status":"passed","title":"handles backslash paths","duration":0.07290000000000418,"failureMessages":[],"meta":{}},{"ancestorTitles":["dirname"],"fullName":"dirname handles nested paths","status":"passed","title":"handles nested paths","duration":0.06700000000000728,"failureMessages":[],"meta":{}},{"ancestorTitles":["stripExtension"],"fullName":"stripExtension strips .md extension","status":"passed","title":"strips .md extension","duration":0.1092999999999904,"failureMessages":[],"meta":{}},{"ancestorTitles":["stripExtension"],"fullName":"stripExtension strips any extension when no specific ext provided","status":"passed","title":"strips any extension when no specific ext provided","duration":0.08220000000000027,"failureMessages":[],"meta":{}},{"ancestorTitles":["stripExtension"],"fullName":"stripExtension only strips specified extension","status":"passed","title":"only strips specified extension","duration":0.05320000000000391,"failureMessages":[],"meta":{}},{"ancestorTitles":["stripExtension"],"fullName":"stripExtension handles files with multiple dots","status":"passed","title":"handles files with multiple dots","duration":0.056199999999989814,"failureMessages":[],"meta":{}},{"ancestorTitles":["stripExtension"],"fullName":"stripExtension handles files with no extension","status":"passed","title":"handles files with no extension","duration":0.04830000000001178,"failureMessages":[],"meta":{}},{"ancestorTitles":["stripExtension"],"fullName":"stripExtension handles hidden files (dot prefix)","status":"passed","title":"handles hidden files (dot prefix)","duration":0.047300000000007,"failureMessages":[],"meta":{}},{"ancestorTitles":["stripExtension"],"fullName":"stripExtension strips generic extension from dotted filename","status":"passed","title":"strips generic extension from dotted filename","duration":0.05830000000000268,"failureMessages":[],"meta":{}}],"startTime":1771120638547,"endTime":1771120638551.0583,"status":"passed","message":"","name":"C:/Projects/flowti/Development/flowti/tests/utils/pathUtils.test.ts"},{"assertionResults":[{"ancestorTitles":["TypedStorage","load"],"fullName":"TypedStorage load should return undefined when key does not exist","status":"passed","title":"should return undefined when key does not exist","duration":2.77049999999997,"failureMessages":[],"meta":{}},{"ancestorTitles":["TypedStorage","load"],"fullName":"TypedStorage load should return stored value when key exists","status":"passed","title":"should return stored value when key exists","duration":1.2466000000000008,"failureMessages":[],"meta":{}},{"ancestorTitles":["TypedStorage","load"],"fullName":"TypedStorage load should return undefined when storage returns null","status":"passed","title":"should return undefined when storage returns null","duration":0.39570000000003347,"failureMessages":[],"meta":{}},{"ancestorTitles":["TypedStorage","load"],"fullName":"TypedStorage load should not affect other keys","status":"passed","title":"should not affect other keys","duration":0.6313999999999851,"failureMessages":[],"meta":{}},{"ancestorTitles":["TypedStorage","save"],"fullName":"TypedStorage save should save state under the configured key","status":"passed","title":"should save state under the configured key","duration":0.6933999999999969,"failureMessages":[],"meta":{}},{"ancestorTitles":["TypedStorage","save"],"fullName":"TypedStorage save should preserve other keys when saving","status":"passed","title":"should preserve other keys when saving","duration":0.3661999999999921,"failureMessages":[],"meta":{}},{"ancestorTitles":["TypedStorage","save"],"fullName":"TypedStorage save should overwrite previous value","status":"passed","title":"should overwrite previous value","duration":0.328899999999976,"failureMessages":[],"meta":{}},{"ancestorTitles":["TypedStorage","save"],"fullName":"TypedStorage save should work with empty initial storage","status":"passed","title":"should work with empty initial storage","duration":1.7834000000000287,"failureMessages":[],"meta":{}},{"ancestorTitles":["TypedStorage","isolation"],"fullName":"TypedStorage isolation should scope two TypedStorage instances to different keys","status":"passed","title":"should scope two TypedStorage instances to different keys","duration":0.5581999999999994,"failureMessages":[],"meta":{}}],"startTime":1771120638092,"endTime":1771120638101.558,"status":"passed","message":"","name":"C:/Projects/flowti/Development/flowti/tests/utils/TypedStorage.test.ts"},{"assertionResults":[{"ancestorTitles":["DataExchangeHubView behavior","config change sync"],"fullName":"DataExchangeHubView behavior config change sync should trigger refresh on dataExchange.config.changed","status":"passed","title":"should trigger refresh on dataExchange.config.changed","duration":3.9517999999999915,"failureMessages":[],"meta":{}},{"ancestorTitles":["DataExchangeHubView behavior","completion events"],"fullName":"DataExchangeHubView behavior completion events should trigger re-render on dataExchange.import.completed","status":"passed","title":"should trigger re-render on dataExchange.import.completed","duration":0.5070999999999799,"failureMessages":[],"meta":{}},{"ancestorTitles":["DataExchangeHubView behavior","completion events"],"fullName":"DataExchangeHubView behavior completion events should trigger re-render on dataExchange.export.completed","status":"passed","title":"should trigger re-render on dataExchange.export.completed","duration":0.38179999999999836,"failureMessages":[],"meta":{}},{"ancestorTitles":["DataExchangeHubView behavior","property doc file tracking"],"fullName":"DataExchangeHubView behavior property doc file tracking should trigger scan on file.created in properties folder","status":"passed","title":"should trigger scan on file.created in properties folder","duration":0.5243000000000393,"failureMessages":[],"meta":{}},{"ancestorTitles":["DataExchangeHubView behavior","property doc file tracking"],"fullName":"DataExchangeHubView behavior property doc file tracking should trigger scan on file.deleted in properties folder","status":"passed","title":"should trigger scan on file.deleted in properties folder","duration":0.3717999999999506,"failureMessages":[],"meta":{}},{"ancestorTitles":["DataExchangeHubView behavior","property doc file tracking"],"fullName":"DataExchangeHubView behavior property doc file tracking should ignore file events outside properties folder","status":"passed","title":"should ignore file events outside properties folder","duration":0.5731999999999857,"failureMessages":[],"meta":{}},{"ancestorTitles":["DataExchangeHubView behavior","state management"],"fullName":"DataExchangeHubView behavior state management should maintain page state","status":"passed","title":"should maintain page state","duration":0.487700000000018,"failureMessages":[],"meta":{}},{"ancestorTitles":["DataExchangeHubView behavior","state management"],"fullName":"DataExchangeHubView behavior state management should maintain selection state across tabs","status":"passed","title":"should maintain selection state across tabs","duration":0.22809999999998354,"failureMessages":[],"meta":{}},{"ancestorTitles":["DataExchangeHubView behavior","state management"],"fullName":"DataExchangeHubView behavior state management should support filter text across all tabs","status":"passed","title":"should support filter text across all tabs","duration":1.0106999999999857,"failureMessages":[],"meta":{}},{"ancestorTitles":["DataExchangeHubView behavior","cleanup on close"],"fullName":"DataExchangeHubView behavior cleanup on close should stop receiving events after all unsubscribes","status":"passed","title":"should stop receiving events after all unsubscribes","duration":1.6725000000000136,"failureMessages":[],"meta":{}}],"startTime":1771120637954,"endTime":1771120637964.6726,"status":"passed","message":"","name":"C:/Projects/flowti/Development/flowti/tests/ui/DataExchangeHubView.test.ts"},{"assertionResults":[{"ancestorTitles":["EventCatalogView behavior","discovery event sync"],"fullName":"EventCatalogView behavior discovery event sync should replace discovered events on discovery.loaded","status":"passed","title":"should replace discovered events on discovery.loaded","duration":9.055600000000027,"failureMessages":[],"meta":{}},{"ancestorTitles":["EventCatalogView behavior","discovery event sync"],"fullName":"EventCatalogView behavior discovery event sync should upsert on discovery.updated (new event)","status":"passed","title":"should upsert on discovery.updated (new event)","duration":0.8456000000000472,"failureMessages":[],"meta":{}},{"ancestorTitles":["EventCatalogView behavior","discovery event sync"],"fullName":"EventCatalogView behavior discovery event sync should upsert on discovery.updated (existing event)","status":"passed","title":"should upsert on discovery.updated (existing event)","duration":1.2013000000000034,"failureMessages":[],"meta":{}},{"ancestorTitles":["EventCatalogView behavior","discovery event sync"],"fullName":"EventCatalogView behavior discovery event sync should remove on discovery.removed","status":"passed","title":"should remove on discovery.removed","duration":0.8307999999999538,"failureMessages":[],"meta":{}},{"ancestorTitles":["EventCatalogView behavior","event filter sync"],"fullName":"EventCatalogView behavior event filter sync should update excluded types on eventFilter.loaded","status":"passed","title":"should update excluded types on eventFilter.loaded","duration":0.7392999999999574,"failureMessages":[],"meta":{}},{"ancestorTitles":["EventCatalogView behavior","event filter sync"],"fullName":"EventCatalogView behavior event filter sync should update excluded types on eventFilter.changed","status":"passed","title":"should update excluded types on eventFilter.changed","duration":0.48929999999995744,"failureMessages":[],"meta":{}},{"ancestorTitles":["EventCatalogView behavior","notification sync"],"fullName":"EventCatalogView behavior notification sync should update notified types on eventNotify.loaded","status":"passed","title":"should update notified types on eventNotify.loaded","duration":0.911200000000008,"failureMessages":[],"meta":{}},{"ancestorTitles":["EventCatalogView behavior","notification sync"],"fullName":"EventCatalogView behavior notification sync should update notified types on eventNotify.changed","status":"passed","title":"should update notified types on eventNotify.changed","duration":0.5587000000000444,"failureMessages":[],"meta":{}},{"ancestorTitles":["EventCatalogView behavior","settings sync"],"fullName":"EventCatalogView behavior settings sync should update catalog state on settings.loaded","status":"passed","title":"should update catalog state on settings.loaded","duration":0.5745000000000573,"failureMessages":[],"meta":{}},{"ancestorTitles":["EventCatalogView behavior","settings sync"],"fullName":"EventCatalogView behavior settings sync should update catalog state on settings.changed","status":"passed","title":"should update catalog state on settings.changed","duration":0.39179999999998927,"failureMessages":[],"meta":{}},{"ancestorTitles":["EventCatalogView behavior","subscription tracking"],"fullName":"EventCatalogView behavior subscription tracking should replace all subscriptions on subscription.loaded","status":"passed","title":"should replace all subscriptions on subscription.loaded","duration":1.0299999999999727,"failureMessages":[],"meta":{}},{"ancestorTitles":["EventCatalogView behavior","subscription tracking"],"fullName":"EventCatalogView behavior subscription tracking should add or replace on subscription.created","status":"passed","title":"should add or replace on subscription.created","duration":0.5606000000000222,"failureMessages":[],"meta":{}},{"ancestorTitles":["EventCatalogView behavior","subscription tracking"],"fullName":"EventCatalogView behavior subscription tracking should update existing subscription on subscription.updated","status":"passed","title":"should update existing subscription on subscription.updated","duration":5.41680000000008,"failureMessages":[],"meta":{}},{"ancestorTitles":["EventCatalogView behavior","subscription tracking"],"fullName":"EventCatalogView behavior subscription tracking should remove on subscription.deleted","status":"passed","title":"should remove on subscription.deleted","duration":0.61200000000008,"failureMessages":[],"meta":{}},{"ancestorTitles":["EventCatalogView behavior","definition tracking"],"fullName":"EventCatalogView behavior definition tracking should replace all definitions on eventDefinition.loaded","status":"passed","title":"should replace all definitions on eventDefinition.loaded","duration":0.5505000000000564,"failureMessages":[],"meta":{}},{"ancestorTitles":["EventCatalogView behavior","definition tracking"],"fullName":"EventCatalogView behavior definition tracking should add on eventDefinition.created","status":"passed","title":"should add on eventDefinition.created","duration":0.6201999999999543,"failureMessages":[],"meta":{}},{"ancestorTitles":["EventCatalogView behavior","definition tracking"],"fullName":"EventCatalogView behavior definition tracking should update existing definition on eventDefinition.updated","status":"passed","title":"should update existing definition on eventDefinition.updated","duration":2.955500000000029,"failureMessages":[],"meta":{}},{"ancestorTitles":["EventCatalogView behavior","definition tracking"],"fullName":"EventCatalogView behavior definition tracking should remove on eventDefinition.deleted","status":"passed","title":"should remove on eventDefinition.deleted","duration":0.49049999999999727,"failureMessages":[],"meta":{}},{"ancestorTitles":["EventCatalogView behavior","doc lifecycle"],"fullName":"EventCatalogView behavior doc lifecycle should schedule delayed re-render on doc.created","status":"passed","title":"should schedule delayed re-render on doc.created","duration":620.9296,"failureMessages":[],"meta":{}},{"ancestorTitles":["EventCatalogView behavior","doc lifecycle"],"fullName":"EventCatalogView behavior doc lifecycle should schedule immediate re-render on doc.deleted","status":"passed","title":"should schedule immediate re-render on doc.deleted","duration":1.0042000000000826,"failureMessages":[],"meta":{}},{"ancestorTitles":["EventCatalogView behavior","refresh requests on open"],"fullName":"EventCatalogView behavior refresh requests on open should emit subscription.refresh to request current state","status":"passed","title":"should emit subscription.refresh to request current state","duration":0.2481000000000222,"failureMessages":[],"meta":{}},{"ancestorTitles":["EventCatalogView behavior","refresh requests on open"],"fullName":"EventCatalogView behavior refresh requests on open should emit eventDefinition.refresh to request current state","status":"passed","title":"should emit eventDefinition.refresh to request current state","duration":0.18039999999996326,"failureMessages":[],"meta":{}},{"ancestorTitles":["EventCatalogView behavior","cleanup on close"],"fullName":"EventCatalogView behavior cleanup on close should stop receiving events after all unsubscribes","status":"passed","title":"should stop receiving events after all unsubscribes","duration":0.5135000000000218,"failureMessages":[],"meta":{}}],"startTime":1771120635070,"endTime":1771120635722.5134,"status":"passed","message":"","name":"C:/Projects/flowti/Development/flowti/tests/ui/EventCatalogView.test.ts"},{"assertionResults":[{"ancestorTitles":["EventConfigModal event interactions","refresh on open"],"fullName":"EventConfigModal event interactions refresh on open should emit subscription.refresh to request state","status":"passed","title":"should emit subscription.refresh to request state","duration":4.051500000000033,"failureMessages":[],"meta":{}},{"ancestorTitles":["EventConfigModal event interactions","refresh on open"],"fullName":"EventConfigModal event interactions refresh on open should emit eventDefinition.refresh to request state","status":"passed","title":"should emit eventDefinition.refresh to request state","duration":0.45530000000002246,"failureMessages":[],"meta":{}},{"ancestorTitles":["EventConfigModal event interactions","subscription filtering by event type"],"fullName":"EventConfigModal event interactions subscription filtering by event type should filter subscriptions to matching event type","status":"passed","title":"should filter subscriptions to matching event type","duration":2.17289999999997,"failureMessages":[],"meta":{}},{"ancestorTitles":["EventConfigModal event interactions","definition filtering by source event type"],"fullName":"EventConfigModal event interactions definition filtering by source event type should filter definitions to matching source event type","status":"passed","title":"should filter definitions to matching source event type","duration":0.5808000000000106,"failureMessages":[],"meta":{}},{"ancestorTitles":["EventConfigModal event interactions","subscription creation with pre-filled event type"],"fullName":"EventConfigModal event interactions subscription creation with pre-filled event type should emit subscription.create with the catalog event type","status":"passed","title":"should emit subscription.create with the catalog event type","duration":2.579499999999996,"failureMessages":[],"meta":{}},{"ancestorTitles":["EventConfigModal event interactions","definition creation with pre-filled source event type"],"fullName":"EventConfigModal event interactions definition creation with pre-filled source event type should emit eventDefinition.create with the catalog event type","status":"passed","title":"should emit eventDefinition.create with the catalog event type","duration":0.5815999999999804,"failureMessages":[],"meta":{}}],"startTime":1771120637715,"endTime":1771120637726.5815,"status":"passed","message":"","name":"C:/Projects/flowti/Development/flowti/tests/ui/EventConfigModal.test.ts"},{"assertionResults":[{"ancestorTitles":["eventDocTemplate","getEventDocPath"],"fullName":"eventDocTemplate getEventDocPath should combine root path with Events subfolder and event type","status":"passed","title":"should combine root path with Events subfolder and event type","duration":1.7035000000000196,"failureMessages":[],"meta":{}},{"ancestorTitles":["eventDocTemplate","getEventDocPath"],"fullName":"eventDocTemplate getEventDocPath should trim trailing slashes from base path","status":"passed","title":"should trim trailing slashes from base path","duration":0.3073999999999728,"failureMessages":[],"meta":{}},{"ancestorTitles":["eventDocTemplate","getEventDocPath"],"fullName":"eventDocTemplate getEventDocPath should handle the default base path","status":"passed","title":"should handle the default base path","duration":0.1886000000000081,"failureMessages":[],"meta":{}},{"ancestorTitles":["eventDocTemplate","generateEventDocContent"],"fullName":"eventDocTemplate generateEventDocContent should include YAML frontmatter with type EventDoc","status":"passed","title":"should include YAML frontmatter with type EventDoc","duration":1.6100000000000136,"failureMessages":[],"meta":{}},{"ancestorTitles":["eventDocTemplate","generateEventDocContent"],"fullName":"eventDocTemplate generateEventDocContent should include the event type in frontmatter","status":"passed","title":"should include the event type in frontmatter","duration":0.3269000000000233,"failureMessages":[],"meta":{}},{"ancestorTitles":["eventDocTemplate","generateEventDocContent"],"fullName":"eventDocTemplate generateEventDocContent should include stability and visibility in frontmatter","status":"passed","title":"should include stability and visibility in frontmatter","duration":0.23830000000003793,"failureMessages":[],"meta":{}},{"ancestorTitles":["eventDocTemplate","generateEventDocContent"],"fullName":"eventDocTemplate generateEventDocContent should include the event type as heading","status":"passed","title":"should include the event type as heading","duration":0.19069999999999254,"failureMessages":[],"meta":{}},{"ancestorTitles":["eventDocTemplate","generateEventDocContent"],"fullName":"eventDocTemplate generateEventDocContent should include the description in the Description section","status":"passed","title":"should include the description in the Description section","duration":0.265700000000038,"failureMessages":[],"meta":{}},{"ancestorTitles":["eventDocTemplate","generateEventDocContent"],"fullName":"eventDocTemplate generateEventDocContent should include category and direction in header table","status":"passed","title":"should include category and direction in header table","duration":0.27530000000001564,"failureMessages":[],"meta":{}},{"ancestorTitles":["eventDocTemplate","generateEventDocContent"],"fullName":"eventDocTemplate generateEventDocContent should include domain and service in frontmatter","status":"passed","title":"should include domain and service in frontmatter","duration":0.28870000000000573,"failureMessages":[],"meta":{}},{"ancestorTitles":["eventDocTemplate","generateEventDocContent"],"fullName":"eventDocTemplate generateEventDocContent should include stability and visibility in header table","status":"passed","title":"should include stability and visibility in header table","duration":0.19589999999999463,"failureMessages":[],"meta":{}},{"ancestorTitles":["eventDocTemplate","generateEventDocContent"],"fullName":"eventDocTemplate generateEventDocContent should include all 9 body sections","status":"passed","title":"should include all 9 body sections","duration":0.516900000000021,"failureMessages":[],"meta":{}},{"ancestorTitles":["eventDocTemplate","generateEventDocContent"],"fullName":"eventDocTemplate generateEventDocContent should include a payload field table scaffold","status":"passed","title":"should include a payload field table scaffold","duration":0.1693000000000211,"failureMessages":[],"meta":{}},{"ancestorTitles":["eventDocTemplate","generateEventDocContent"],"fullName":"eventDocTemplate generateEventDocContent should include domain and services in Related Domains table","status":"passed","title":"should include domain and services in Related Domains table","duration":0.22420000000005302,"failureMessages":[],"meta":{}},{"ancestorTitles":["eventDocTemplate","generateEventDocContent"],"fullName":"eventDocTemplate generateEventDocContent should include placeholder prompts as blockquotes","status":"passed","title":"should include placeholder prompts as blockquotes","duration":0.18900000000002137,"failureMessages":[],"meta":{}},{"ancestorTitles":["eventDocTemplate","generateEventDocContent"],"fullName":"eventDocTemplate generateEventDocContent should use experimental stability for custom events","status":"passed","title":"should use experimental stability for custom events","duration":0.2097999999999729,"failureMessages":[],"meta":{}},{"ancestorTitles":["eventDocTemplate","getDomainsFolderPath"],"fullName":"eventDocTemplate getDomainsFolderPath should return Domains subfolder path","status":"passed","title":"should return Domains subfolder path","duration":0.23120000000000118,"failureMessages":[],"meta":{}},{"ancestorTitles":["eventDocTemplate","getDomainsFolderPath"],"fullName":"eventDocTemplate getDomainsFolderPath should trim trailing slashes","status":"passed","title":"should trim trailing slashes","duration":0.13400000000001455,"failureMessages":[],"meta":{}},{"ancestorTitles":["eventDocTemplate","getServicesFolderPath"],"fullName":"eventDocTemplate getServicesFolderPath should return Services subfolder path","status":"passed","title":"should return Services subfolder path","duration":0.19760000000002265,"failureMessages":[],"meta":{}},{"ancestorTitles":["eventDocTemplate","getServicesFolderPath"],"fullName":"eventDocTemplate getServicesFolderPath should trim trailing slashes","status":"passed","title":"should trim trailing slashes","duration":0.11480000000000246,"failureMessages":[],"meta":{}},{"ancestorTitles":["eventDocTemplate","getCategoriesFolderPath"],"fullName":"eventDocTemplate getCategoriesFolderPath should return Categories subfolder path","status":"passed","title":"should return Categories subfolder path","duration":0.17599999999998772,"failureMessages":[],"meta":{}},{"ancestorTitles":["eventDocTemplate","getCategoriesFolderPath"],"fullName":"eventDocTemplate getCategoriesFolderPath should trim trailing slashes","status":"passed","title":"should trim trailing slashes","duration":0.12749999999999773,"failureMessages":[],"meta":{}},{"ancestorTitles":["eventDocTemplate","getSystemDocPath"],"fullName":"eventDocTemplate getSystemDocPath should combine root path with Systems subfolder","status":"passed","title":"should combine root path with Systems subfolder","duration":0.1827000000000112,"failureMessages":[],"meta":{}},{"ancestorTitles":["eventDocTemplate","getSystemDocPath"],"fullName":"eventDocTemplate getSystemDocPath should trim trailing slashes","status":"passed","title":"should trim trailing slashes","duration":0.12060000000002447,"failureMessages":[],"meta":{}},{"ancestorTitles":["eventDocTemplate","getSystemsFolderPath"],"fullName":"eventDocTemplate getSystemsFolderPath should return Systems subfolder path","status":"passed","title":"should return Systems subfolder path","duration":0.172300000000007,"failureMessages":[],"meta":{}},{"ancestorTitles":["eventDocTemplate","getSystemsFolderPath"],"fullName":"eventDocTemplate getSystemsFolderPath should trim trailing slashes","status":"passed","title":"should trim trailing slashes","duration":0.12219999999996389,"failureMessages":[],"meta":{}},{"ancestorTitles":["eventDocTemplate","generateSystemDocContent"],"fullName":"eventDocTemplate generateSystemDocContent should include SystemDoc type in frontmatter","status":"passed","title":"should include SystemDoc type in frontmatter","duration":0.21369999999996026,"failureMessages":[],"meta":{}},{"ancestorTitles":["eventDocTemplate","generateSystemDocContent"],"fullName":"eventDocTemplate generateSystemDocContent should include system name in frontmatter","status":"passed","title":"should include system name in frontmatter","duration":0.13040000000000873,"failureMessages":[],"meta":{}},{"ancestorTitles":["eventDocTemplate","generateSystemDocContent"],"fullName":"eventDocTemplate generateSystemDocContent should include heading with system name","status":"passed","title":"should include heading with system name","duration":0.11970000000002301,"failureMessages":[],"meta":{}},{"ancestorTitles":["eventDocTemplate","generateSystemDocContent"],"fullName":"eventDocTemplate generateSystemDocContent should include overview section","status":"passed","title":"should include overview section","duration":0.10710000000000264,"failureMessages":[],"meta":{}},{"ancestorTitles":["eventDocTemplate","generateSystemDocContent"],"fullName":"eventDocTemplate generateSystemDocContent should include empty domains and services arrays","status":"passed","title":"should include empty domains and services arrays","duration":0.14550000000002683,"failureMessages":[],"meta":{}},{"ancestorTitles":["eventDocTemplate","getFlowDocPath"],"fullName":"eventDocTemplate getFlowDocPath should combine root path with Flows subfolder","status":"passed","title":"should combine root path with Flows subfolder","duration":0.18790000000001328,"failureMessages":[],"meta":{}},{"ancestorTitles":["eventDocTemplate","getFlowDocPath"],"fullName":"eventDocTemplate getFlowDocPath should trim trailing slashes","status":"passed","title":"should trim trailing slashes","duration":0.1302000000000021,"failureMessages":[],"meta":{}},{"ancestorTitles":["eventDocTemplate","getFlowsFolderPath"],"fullName":"eventDocTemplate getFlowsFolderPath should return Flows subfolder path","status":"passed","title":"should return Flows subfolder path","duration":0.1765999999999508,"failureMessages":[],"meta":{}},{"ancestorTitles":["eventDocTemplate","getFlowsFolderPath"],"fullName":"eventDocTemplate getFlowsFolderPath should trim trailing slashes","status":"passed","title":"should trim trailing slashes","duration":0.11169999999998481,"failureMessages":[],"meta":{}},{"ancestorTitles":["eventDocTemplate","generateFlowDocContent"],"fullName":"eventDocTemplate generateFlowDocContent should include FlowDoc type in frontmatter","status":"passed","title":"should include FlowDoc type in frontmatter","duration":0.22859999999997171,"failureMessages":[],"meta":{}},{"ancestorTitles":["eventDocTemplate","generateFlowDocContent"],"fullName":"eventDocTemplate generateFlowDocContent should include flow name in frontmatter","status":"passed","title":"should include flow name in frontmatter","duration":0.13450000000000273,"failureMessages":[],"meta":{}},{"ancestorTitles":["eventDocTemplate","generateFlowDocContent"],"fullName":"eventDocTemplate generateFlowDocContent should include heading with flow name","status":"passed","title":"should include heading with flow name","duration":0.14269999999999072,"failureMessages":[],"meta":{}},{"ancestorTitles":["eventDocTemplate","generateFlowDocContent"],"fullName":"eventDocTemplate generateFlowDocContent should include overview section","status":"passed","title":"should include overview section","duration":0.11579999999997881,"failureMessages":[],"meta":{}},{"ancestorTitles":["eventDocTemplate","generateFlowDocContent"],"fullName":"eventDocTemplate generateFlowDocContent should include empty events, domains and services arrays","status":"passed","title":"should include empty events, domains and services arrays","duration":0.1601999999999748,"failureMessages":[],"meta":{}},{"ancestorTitles":["eventDocTemplate","getActorDocPath"],"fullName":"eventDocTemplate getActorDocPath should combine root path with Actors subfolder","status":"passed","title":"should combine root path with Actors subfolder","duration":0.16579999999999018,"failureMessages":[],"meta":{}},{"ancestorTitles":["eventDocTemplate","getActorDocPath"],"fullName":"eventDocTemplate getActorDocPath should trim trailing slashes","status":"passed","title":"should trim trailing slashes","duration":0.09969999999998436,"failureMessages":[],"meta":{}},{"ancestorTitles":["eventDocTemplate","getActorsFolderPath"],"fullName":"eventDocTemplate getActorsFolderPath should return Actors subfolder path","status":"passed","title":"should return Actors subfolder path","duration":0.15350000000000819,"failureMessages":[],"meta":{}},{"ancestorTitles":["eventDocTemplate","getActorsFolderPath"],"fullName":"eventDocTemplate getActorsFolderPath should trim trailing slashes","status":"passed","title":"should trim trailing slashes","duration":0.09410000000002583,"failureMessages":[],"meta":{}},{"ancestorTitles":["eventDocTemplate","generateActorDocContent"],"fullName":"eventDocTemplate generateActorDocContent should include ActorDoc type in frontmatter","status":"passed","title":"should include ActorDoc type in frontmatter","duration":1.343999999999994,"failureMessages":[],"meta":{}},{"ancestorTitles":["eventDocTemplate","generateActorDocContent"],"fullName":"eventDocTemplate generateActorDocContent should include actor name in frontmatter","status":"passed","title":"should include actor name in frontmatter","duration":0.19819999999998572,"failureMessages":[],"meta":{}},{"ancestorTitles":["eventDocTemplate","generateActorDocContent"],"fullName":"eventDocTemplate generateActorDocContent should include heading with actor name","status":"passed","title":"should include heading with actor name","duration":0.13239999999996144,"failureMessages":[],"meta":{}},{"ancestorTitles":["eventDocTemplate","generateActorDocContent"],"fullName":"eventDocTemplate generateActorDocContent should include overview section","status":"passed","title":"should include overview section","duration":0.10849999999999227,"failureMessages":[],"meta":{}},{"ancestorTitles":["eventDocTemplate","generateActorDocContent"],"fullName":"eventDocTemplate generateActorDocContent should include empty events, domains and services arrays","status":"passed","title":"should include empty events, domains and services arrays","duration":0.15270000000003847,"failureMessages":[],"meta":{}},{"ancestorTitles":["eventDocTemplate","resolveEntityPath"],"fullName":"eventDocTemplate resolveEntityPath should use docsRootPath + subfolder when overridePath is empty","status":"passed","title":"should use docsRootPath + subfolder when overridePath is empty","duration":0.22110000000003538,"failureMessages":[],"meta":{}},{"ancestorTitles":["eventDocTemplate","resolveEntityPath"],"fullName":"eventDocTemplate resolveEntityPath should use overridePath when set","status":"passed","title":"should use overridePath when set","duration":0.1302000000000021,"failureMessages":[],"meta":{}},{"ancestorTitles":["eventDocTemplate","resolveEntityPath"],"fullName":"eventDocTemplate resolveEntityPath should trim trailing slashes from override","status":"passed","title":"should trim trailing slashes from override","duration":0.10230000000001382,"failureMessages":[],"meta":{}},{"ancestorTitles":["eventDocTemplate","resolveEntityPath"],"fullName":"eventDocTemplate resolveEntityPath should trim trailing slashes from root path","status":"passed","title":"should trim trailing slashes from root path","duration":0.10160000000001901,"failureMessages":[],"meta":{}},{"ancestorTitles":["eventDocTemplate","resolveEntityPath"],"fullName":"eventDocTemplate resolveEntityPath should ignore whitespace-only overridePath","status":"passed","title":"should ignore whitespace-only overridePath","duration":0.09710000000001173,"failureMessages":[],"meta":{}},{"ancestorTitles":["eventDocTemplate","resolved path functions"],"fullName":"eventDocTemplate resolved path functions getEventDocPathResolved","status":"passed","title":"getEventDocPathResolved","duration":0.16389999999995553,"failureMessages":[],"meta":{}},{"ancestorTitles":["eventDocTemplate","resolved path functions"],"fullName":"eventDocTemplate resolved path functions getDomainDocPathResolved","status":"passed","title":"getDomainDocPathResolved","duration":0.1705000000000041,"failureMessages":[],"meta":{}},{"ancestorTitles":["eventDocTemplate","resolved path functions"],"fullName":"eventDocTemplate resolved path functions getArchitectureDocPathResolved","status":"passed","title":"getArchitectureDocPathResolved","duration":0.1523000000000252,"failureMessages":[],"meta":{}},{"ancestorTitles":["eventDocTemplate","resolved path functions"],"fullName":"eventDocTemplate resolved path functions getServiceDocPathResolved","status":"passed","title":"getServiceDocPathResolved","duration":0.14730000000002974,"failureMessages":[],"meta":{}},{"ancestorTitles":["eventDocTemplate","resolved path functions"],"fullName":"eventDocTemplate resolved path functions getServiceBlueprintPathResolved","status":"passed","title":"getServiceBlueprintPathResolved","duration":0.1512000000000171,"failureMessages":[],"meta":{}},{"ancestorTitles":["eventDocTemplate","resolved path functions"],"fullName":"eventDocTemplate resolved path functions getCategoryDocPathResolved","status":"passed","title":"getCategoryDocPathResolved","duration":0.15330000000000155,"failureMessages":[],"meta":{}},{"ancestorTitles":["eventDocTemplate","resolved path functions"],"fullName":"eventDocTemplate resolved path functions getFlowDocPathResolved","status":"passed","title":"getFlowDocPathResolved","duration":0.15289999999998827,"failureMessages":[],"meta":{}},{"ancestorTitles":["eventDocTemplate","resolved path functions"],"fullName":"eventDocTemplate resolved path functions getSystemDocPathResolved","status":"passed","title":"getSystemDocPathResolved","duration":0.14670000000000982,"failureMessages":[],"meta":{}},{"ancestorTitles":["eventDocTemplate","resolved path functions"],"fullName":"eventDocTemplate resolved path functions getActorDocPathResolved","status":"passed","title":"getActorDocPathResolved","duration":0.12739999999996598,"failureMessages":[],"meta":{}},{"ancestorTitles":["eventDocTemplate","resolved path functions"],"fullName":"eventDocTemplate resolved path functions should trim trailing slashes from folder","status":"passed","title":"should trim trailing slashes from folder","duration":0.0888999999999669,"failureMessages":[],"meta":{}}],"startTime":1771120637326,"endTime":1771120637343.1528,"status":"passed","message":"","name":"C:/Projects/flowti/Development/flowti/tests/ui/eventDocTemplate.test.ts"},{"assertionResults":[{"ancestorTitles":["EventLogView behavior","wildcard subscription"],"fullName":"EventLogView behavior wildcard subscription should receive events via wildcard listener","status":"passed","title":"should receive events via wildcard listener","duration":3.853499999999997,"failureMessages":[],"meta":{}},{"ancestorTitles":["EventLogView behavior","wildcard subscription"],"fullName":"EventLogView behavior wildcard subscription should allow filtering out log.* events","status":"passed","title":"should allow filtering out log.* events","duration":0.5465000000000373,"failureMessages":[],"meta":{}},{"ancestorTitles":["EventLogView behavior","unsubscribe on close"],"fullName":"EventLogView behavior unsubscribe on close should stop receiving events after unsubscribe","status":"passed","title":"should stop receiving events after unsubscribe","duration":1.7367999999999597,"failureMessages":[],"meta":{}},{"ancestorTitles":["EventLogView behavior","circular buffer behavior"],"fullName":"EventLogView behavior circular buffer behavior should cap events at MAX_ENTRIES","status":"passed","title":"should cap events at MAX_ENTRIES","duration":3.3197000000000116,"failureMessages":[],"meta":{}},{"ancestorTitles":["EventLogView behavior","pause behavior"],"fullName":"EventLogView behavior pause behavior should skip events when paused","status":"passed","title":"should skip events when paused","duration":0.9619999999999891,"failureMessages":[],"meta":{}},{"ancestorTitles":["EventLogView behavior","hidden category filtering"],"fullName":"EventLogView behavior hidden category filtering should skip events from hidden categories","status":"passed","title":"should skip events from hidden categories","duration":0.4734999999999445,"failureMessages":[],"meta":{}},{"ancestorTitles":["EventLogView behavior","hidden category filtering"],"fullName":"EventLogView behavior hidden category filtering should pass events from visible categories","status":"passed","title":"should pass events from visible categories","duration":0.30520000000001346,"failureMessages":[],"meta":{}},{"ancestorTitles":["EventLogView behavior","status class resolution"],"fullName":"EventLogView behavior status class resolution should return 'success' for completed events","status":"passed","title":"should return 'success' for completed events","duration":0.3009999999999309,"failureMessages":[],"meta":{}},{"ancestorTitles":["EventLogView behavior","status class resolution"],"fullName":"EventLogView behavior status class resolution should return 'success' for created events","status":"passed","title":"should return 'success' for created events","duration":0.2441000000000031,"failureMessages":[],"meta":{}},{"ancestorTitles":["EventLogView behavior","status class resolution"],"fullName":"EventLogView behavior status class resolution should return 'success' for loaded events","status":"passed","title":"should return 'success' for loaded events","duration":0.2866999999999962,"failureMessages":[],"meta":{}},{"ancestorTitles":["EventLogView behavior","status class resolution"],"fullName":"EventLogView behavior status class resolution should return 'success' for matched events","status":"passed","title":"should return 'success' for matched events","duration":0.16420000000005075,"failureMessages":[],"meta":{}},{"ancestorTitles":["EventLogView behavior","status class resolution"],"fullName":"EventLogView behavior status class resolution should return 'error' for failed events","status":"passed","title":"should return 'error' for failed events","duration":0.17399999999997817,"failureMessages":[],"meta":{}},{"ancestorTitles":["EventLogView behavior","status class resolution"],"fullName":"EventLogView behavior status class resolution should return 'error' for error.* events","status":"passed","title":"should return 'error' for error.* events","duration":0.16590000000007876,"failureMessages":[],"meta":{}},{"ancestorTitles":["EventLogView behavior","status class resolution"],"fullName":"EventLogView behavior status class resolution should return 'info' for started events","status":"passed","title":"should return 'info' for started events","duration":0.15160000000003038,"failureMessages":[],"meta":{}},{"ancestorTitles":["EventLogView behavior","status class resolution"],"fullName":"EventLogView behavior status class resolution should return 'info' for queued events","status":"passed","title":"should return 'info' for queued events","duration":0.13229999999998654,"failureMessages":[],"meta":{}},{"ancestorTitles":["EventLogView behavior","status class resolution"],"fullName":"EventLogView behavior status class resolution should return 'neutral' for other events","status":"passed","title":"should return 'neutral' for other events","duration":0.19919999999990523,"failureMessages":[],"meta":{}},{"ancestorTitles":["EventLogView behavior","context line extraction"],"fullName":"EventLogView behavior context line extraction should extract subscription label from subscription.matched","status":"passed","title":"should extract subscription label from subscription.matched","duration":0.25529999999992015,"failureMessages":[],"meta":{}},{"ancestorTitles":["EventLogView behavior","context line extraction"],"fullName":"EventLogView behavior context line extraction should fall back to eventType when subscriptionLabel is missing","status":"passed","title":"should fall back to eventType when subscriptionLabel is missing","duration":0.14769999999998618,"failureMessages":[],"meta":{}},{"ancestorTitles":["EventLogView behavior","context line extraction"],"fullName":"EventLogView behavior context line extraction should extract file path from ingestion.job.completed","status":"passed","title":"should extract file path from ingestion.job.completed","duration":0.12270000000000891,"failureMessages":[],"meta":{}},{"ancestorTitles":["EventLogView behavior","context line extraction"],"fullName":"EventLogView behavior context line extraction should extract error from ingestion.job.failed","status":"passed","title":"should extract error from ingestion.job.failed","duration":0.12800000000004275,"failureMessages":[],"meta":{}},{"ancestorTitles":["EventLogView behavior","context line extraction"],"fullName":"EventLogView behavior context line extraction should extract domainEventName from eventDefinition.matched","status":"passed","title":"should extract domainEventName from eventDefinition.matched","duration":0.11720000000002528,"failureMessages":[],"meta":{}},{"ancestorTitles":["EventLogView behavior","context line extraction"],"fullName":"EventLogView behavior context line extraction should return null for events without enrichment","status":"passed","title":"should return null for events without enrichment","duration":0.14440000000001874,"failureMessages":[],"meta":{}},{"ancestorTitles":["EventLogView behavior","subscribed mode filtering"],"fullName":"EventLogView behavior subscribed mode filtering should filter to notified types only in subscribed mode","status":"passed","title":"should filter to notified types only in subscribed mode","duration":0.23559999999997672,"failureMessages":[],"meta":{}},{"ancestorTitles":["EventLogView behavior","subscribed mode filtering"],"fullName":"EventLogView behavior subscribed mode filtering should show all events in 'all' mode","status":"passed","title":"should show all events in 'all' mode","duration":0.21749999999997272,"failureMessages":[],"meta":{}},{"ancestorTitles":["EventLogView behavior","subscribed mode filtering"],"fullName":"EventLogView behavior subscribed mode filtering should return empty when no events are subscribed","status":"passed","title":"should return empty when no events are subscribed","duration":0.22019999999997708,"failureMessages":[],"meta":{}}],"startTime":1771120637734,"endTime":1771120637750.2202,"status":"passed","message":"","name":"C:/Projects/flowti/Development/flowti/tests/ui/EventLogView.test.ts"},{"assertionResults":[{"ancestorTitles":["ExportView helpers","getFilePropertyLabel"],"fullName":"ExportView helpers getFilePropertyLabel should return label for known file properties","status":"passed","title":"should return label for known file properties","duration":1.7463999999999942,"failureMessages":[],"meta":{}},{"ancestorTitles":["ExportView helpers","getFilePropertyLabel"],"fullName":"ExportView helpers getFilePropertyLabel should strip file. prefix for unknown properties","status":"passed","title":"should strip file. prefix for unknown properties","duration":0.452699999999993,"failureMessages":[],"meta":{}},{"ancestorTitles":["ExportView helpers","resolveFileProperty"],"fullName":"ExportView helpers resolveFileProperty should resolve file.name to basename","status":"passed","title":"should resolve file.name to basename","duration":0.3734999999999786,"failureMessages":[],"meta":{}},{"ancestorTitles":["ExportView helpers","resolveFileProperty"],"fullName":"ExportView helpers resolveFileProperty should resolve file.basename to basename","status":"passed","title":"should resolve file.basename to basename","duration":0.23799999999999955,"failureMessages":[],"meta":{}},{"ancestorTitles":["ExportView helpers","resolveFileProperty"],"fullName":"ExportView helpers resolveFileProperty should resolve file.fullname to basename.extension","status":"passed","title":"should resolve file.fullname to basename.extension","duration":0.20580000000001064,"failureMessages":[],"meta":{}},{"ancestorTitles":["ExportView helpers","resolveFileProperty"],"fullName":"ExportView helpers resolveFileProperty should resolve file.path to full path","status":"passed","title":"should resolve file.path to full path","duration":0.134900000000016,"failureMessages":[],"meta":{}},{"ancestorTitles":["ExportView helpers","resolveFileProperty"],"fullName":"ExportView helpers resolveFileProperty should resolve file.folder to folder","status":"passed","title":"should resolve file.folder to folder","duration":0.12820000000004939,"failureMessages":[],"meta":{}},{"ancestorTitles":["ExportView helpers","resolveFileProperty"],"fullName":"ExportView helpers resolveFileProperty should resolve file.ext to extension","status":"passed","title":"should resolve file.ext to extension","duration":0.13740000000001373,"failureMessages":[],"meta":{}},{"ancestorTitles":["ExportView helpers","resolveFileProperty"],"fullName":"ExportView helpers resolveFileProperty should resolve file.ctime to ISO string","status":"passed","title":"should resolve file.ctime to ISO string","duration":1.3770999999999844,"failureMessages":[],"meta":{}},{"ancestorTitles":["ExportView helpers","resolveFileProperty"],"fullName":"ExportView helpers resolveFileProperty should resolve file.mtime to ISO string","status":"passed","title":"should resolve file.mtime to ISO string","duration":0.32900000000000773,"failureMessages":[],"meta":{}},{"ancestorTitles":["ExportView helpers","resolveFileProperty"],"fullName":"ExportView helpers resolveFileProperty should resolve file.size to string number","status":"passed","title":"should resolve file.size to string number","duration":0.14879999999999427,"failureMessages":[],"meta":{}},{"ancestorTitles":["ExportView helpers","resolveFileProperty"],"fullName":"ExportView helpers resolveFileProperty should resolve file.tags to comma-separated string","status":"passed","title":"should resolve file.tags to comma-separated string","duration":0.12760000000002947,"failureMessages":[],"meta":{}},{"ancestorTitles":["ExportView helpers","resolveFileProperty"],"fullName":"ExportView helpers resolveFileProperty should return empty string for unknown property","status":"passed","title":"should return empty string for unknown property","duration":0.10509999999999309,"failureMessages":[],"meta":{}},{"ancestorTitles":["ExportView helpers","resolveFileProperty"],"fullName":"ExportView helpers resolveFileProperty should handle missing stat gracefully","status":"passed","title":"should handle missing stat gracefully","duration":0.13229999999998654,"failureMessages":[],"meta":{}},{"ancestorTitles":["ExportView helpers","resolveFileProperty"],"fullName":"ExportView helpers resolveFileProperty should handle missing tags gracefully","status":"passed","title":"should handle missing tags gracefully","duration":0.09640000000001692,"failureMessages":[],"meta":{}},{"ancestorTitles":["ExportView helpers","getFilenameFromPath"],"fullName":"ExportView helpers getFilenameFromPath should extract filename from forward-slash path","status":"passed","title":"should extract filename from forward-slash path","duration":0.18959999999998445,"failureMessages":[],"meta":{}},{"ancestorTitles":["ExportView helpers","getFilenameFromPath"],"fullName":"ExportView helpers getFilenameFromPath should extract filename from backslash path","status":"passed","title":"should extract filename from backslash path","duration":0.09930000000002792,"failureMessages":[],"meta":{}},{"ancestorTitles":["ExportView helpers","getFilenameFromPath"],"fullName":"ExportView helpers getFilenameFromPath should return filename when no slashes","status":"passed","title":"should return filename when no slashes","duration":0.0858000000000061,"failureMessages":[],"meta":{}},{"ancestorTitles":["ExportView helpers","getFilenameFromPath"],"fullName":"ExportView helpers getFilenameFromPath should handle empty string","status":"passed","title":"should handle empty string","duration":0.0787000000000262,"failureMessages":[],"meta":{}},{"ancestorTitles":["ExportView helpers","getOutputFolder"],"fullName":"ExportView helpers getOutputFolder should return folder portion of path","status":"passed","title":"should return folder portion of path","duration":0.1552000000000362,"failureMessages":[],"meta":{}},{"ancestorTitles":["ExportView helpers","getOutputFolder"],"fullName":"ExportView helpers getOutputFolder should normalize backslashes","status":"passed","title":"should normalize backslashes","duration":0.14049999999997453,"failureMessages":[],"meta":{}},{"ancestorTitles":["ExportView helpers","getOutputFolder"],"fullName":"ExportView helpers getOutputFolder should return empty string for filename-only path","status":"passed","title":"should return empty string for filename-only path","duration":0.11239999999997963,"failureMessages":[],"meta":{}},{"ancestorTitles":["ExportView helpers","getOutputFilename"],"fullName":"ExportView helpers getOutputFilename should extract filename from path","status":"passed","title":"should extract filename from path","duration":0.19690000000002783,"failureMessages":[],"meta":{}},{"ancestorTitles":["ExportView helpers","getOutputFilename"],"fullName":"ExportView helpers getOutputFilename should return full string when no slashes","status":"passed","title":"should return full string when no slashes","duration":0.10899999999998045,"failureMessages":[],"meta":{}},{"ancestorTitles":["ExportView helpers","buildOutputPath"],"fullName":"ExportView helpers buildOutputPath should combine folder and filename","status":"passed","title":"should combine folder and filename","duration":0.16079999999999472,"failureMessages":[],"meta":{}},{"ancestorTitles":["ExportView helpers","buildOutputPath"],"fullName":"ExportView helpers buildOutputPath should return filename-only when folder is empty","status":"passed","title":"should return filename-only when folder is empty","duration":0.09759999999999991,"failureMessages":[],"meta":{}},{"ancestorTitles":["ExportView helpers","swapOutputExtension"],"fullName":"ExportView helpers swapOutputExtension should swap .csv to .txt when changing to tab format","status":"passed","title":"should swap .csv to .txt when changing to tab format","duration":0.24959999999998672,"failureMessages":[],"meta":{}},{"ancestorTitles":["ExportView helpers","swapOutputExtension"],"fullName":"ExportView helpers swapOutputExtension should swap .txt to .csv when changing to csv format","status":"passed","title":"should swap .txt to .csv when changing to csv format","duration":0.14969999999999573,"failureMessages":[],"meta":{}},{"ancestorTitles":["ExportView helpers","swapOutputExtension"],"fullName":"ExportView helpers swapOutputExtension should not change when formats are the same","status":"passed","title":"should not change when formats are the same","duration":0.09919999999999618,"failureMessages":[],"meta":{}},{"ancestorTitles":["ExportView helpers","swapOutputExtension"],"fullName":"ExportView helpers swapOutputExtension should not change when extension doesn't match old format","status":"passed","title":"should not change when extension doesn't match old format","duration":0.106899999999996,"failureMessages":[],"meta":{}},{"ancestorTitles":["ExportView helpers","swapOutputExtension"],"fullName":"ExportView helpers swapOutputExtension should handle filename-only paths","status":"passed","title":"should handle filename-only paths","duration":0.181699999999978,"failureMessages":[],"meta":{}},{"ancestorTitles":["ExportView helpers","swapOutputExtension"],"fullName":"ExportView helpers swapOutputExtension should handle deep nested paths","status":"passed","title":"should handle deep nested paths","duration":0.1208000000000311,"failureMessages":[],"meta":{}},{"ancestorTitles":["ExportView helpers","state defaults"],"fullName":"ExportView helpers state defaults should default to csv format","status":"passed","title":"should default to csv format","duration":0.10460000000000491,"failureMessages":[],"meta":{}},{"ancestorTitles":["ExportView helpers","state defaults"],"fullName":"ExportView helpers state defaults should default to overwrite conflict strategy","status":"passed","title":"should default to overwrite conflict strategy","duration":0.08780000000001564,"failureMessages":[],"meta":{}},{"ancestorTitles":["ExportView helpers","state defaults"],"fullName":"ExportView helpers state defaults should default to file.name as selected file property","status":"passed","title":"should default to file.name as selected file property","duration":1.0047999999999888,"failureMessages":[],"meta":{}},{"ancestorTitles":["ExportView helpers","state defaults"],"fullName":"ExportView helpers state defaults should start on configure page","status":"passed","title":"should start on configure page","duration":0.13069999999999027,"failureMessages":[],"meta":{}},{"ancestorTitles":["ExportView helpers","hasUnsavedChanges logic"],"fullName":"ExportView helpers hasUnsavedChanges logic should detect format change","status":"passed","title":"should detect format change","duration":0.12390000000004875,"failureMessages":[],"meta":{}},{"ancestorTitles":["ExportView helpers","hasUnsavedChanges logic"],"fullName":"ExportView helpers hasUnsavedChanges logic should detect output path change","status":"passed","title":"should detect output path change","duration":0.08929999999998017,"failureMessages":[],"meta":{}},{"ancestorTitles":["ExportView helpers","hasUnsavedChanges logic"],"fullName":"ExportView helpers hasUnsavedChanges logic should detect column selection change","status":"passed","title":"should detect column selection change","duration":0.09410000000002583,"failureMessages":[],"meta":{}},{"ancestorTitles":["ExportView helpers","hasUnsavedChanges logic"],"fullName":"ExportView helpers hasUnsavedChanges logic should detect no change when configs match","status":"passed","title":"should detect no change when configs match","duration":0.11610000000001719,"failureMessages":[],"meta":{}}],"startTime":1771120637966,"endTime":1771120637978.1162,"status":"passed","message":"","name":"C:/Projects/flowti/Development/flowti/tests/ui/ExportView.test.ts"},{"assertionResults":[{"ancestorTitles":["IngestionStatusBar"],"fullName":"IngestionStatusBar should render idle by default after register","status":"passed","title":"should render idle by default after register","duration":1.7072000000000003,"failureMessages":[],"meta":{}},{"ancestorTitles":["IngestionStatusBar"],"fullName":"IngestionStatusBar should update on batch started","status":"passed","title":"should update on batch started","duration":1.0152000000000498,"failureMessages":[],"meta":{}},{"ancestorTitles":["IngestionStatusBar"],"fullName":"IngestionStatusBar should update on batch completed","status":"passed","title":"should update on batch completed","duration":0.22200000000003683,"failureMessages":[],"meta":{}},{"ancestorTitles":["IngestionStatusBar"],"fullName":"IngestionStatusBar should show scanning state on catchup","status":"passed","title":"should show scanning state on catchup","duration":0.223700000000008,"failureMessages":[],"meta":{}},{"ancestorTitles":["IngestionStatusBar"],"fullName":"IngestionStatusBar should return to idle after catchup completed","status":"passed","title":"should return to idle after catchup completed","duration":0.20420000000001437,"failureMessages":[],"meta":{}},{"ancestorTitles":["IngestionStatusBar"],"fullName":"IngestionStatusBar should update stats from ingestion.stats","status":"passed","title":"should update stats from ingestion.stats","duration":0.15200000000004366,"failureMessages":[],"meta":{}},{"ancestorTitles":["IngestionStatusBar"],"fullName":"IngestionStatusBar should stop updating after dispose","status":"passed","title":"should stop updating after dispose","duration":0.17320000000000846,"failureMessages":[],"meta":{}}],"startTime":1771120638370,"endTime":1771120638373.2236,"status":"passed","message":"","name":"C:/Projects/flowti/Development/flowti/tests/ui/IngestionStatusBar.test.ts"},{"assertionResults":[{"ancestorTitles":["BaseQueryEngine","parseFilterExpression"],"fullName":"BaseQueryEngine parseFilterExpression should parse file.inFolder expression","status":"passed","title":"should parse file.inFolder expression","duration":1.7948999999999842,"failureMessages":[],"meta":{}},{"ancestorTitles":["BaseQueryEngine","parseFilterExpression"],"fullName":"BaseQueryEngine parseFilterExpression should parse file.folder.contains expression","status":"passed","title":"should parse file.folder.contains expression","duration":0.5536999999999921,"failureMessages":[],"meta":{}},{"ancestorTitles":["BaseQueryEngine","parseFilterExpression"],"fullName":"BaseQueryEngine parseFilterExpression should parse file.folder.containsAny expression","status":"passed","title":"should parse file.folder.containsAny expression","duration":0.352800000000002,"failureMessages":[],"meta":{}},{"ancestorTitles":["BaseQueryEngine","parseFilterExpression"],"fullName":"BaseQueryEngine parseFilterExpression should parse file.ext == expression","status":"passed","title":"should parse file.ext == expression","duration":0.36590000000001055,"failureMessages":[],"meta":{}},{"ancestorTitles":["BaseQueryEngine","parseFilterExpression"],"fullName":"BaseQueryEngine parseFilterExpression should parse file.name.contains expression","status":"passed","title":"should parse file.name.contains expression","duration":0.394800000000032,"failureMessages":[],"meta":{}},{"ancestorTitles":["BaseQueryEngine","parseFilterExpression"],"fullName":"BaseQueryEngine parseFilterExpression should parse frontmatter property == expression","status":"passed","title":"should parse frontmatter property == expression","duration":0.32890000000003283,"failureMessages":[],"meta":{}},{"ancestorTitles":["BaseQueryEngine","parseFilterExpression"],"fullName":"BaseQueryEngine parseFilterExpression should parse negated expression","status":"passed","title":"should parse negated expression","duration":0.2084000000000401,"failureMessages":[],"meta":{}},{"ancestorTitles":["BaseQueryEngine","parseFilterExpression"],"fullName":"BaseQueryEngine parseFilterExpression should handle quoted expressions (single quotes wrapping)","status":"passed","title":"should handle quoted expressions (single quotes wrapping)","duration":0.17250000000001364,"failureMessages":[],"meta":{}},{"ancestorTitles":["BaseQueryEngine","evaluateFilters"],"fullName":"BaseQueryEngine evaluateFilters should filter by inFolder (AND)","status":"passed","title":"should filter by inFolder (AND)","duration":1.2538000000000125,"failureMessages":[],"meta":{}},{"ancestorTitles":["BaseQueryEngine","evaluateFilters"],"fullName":"BaseQueryEngine evaluateFilters should filter by folderContains","status":"passed","title":"should filter by folderContains","duration":0.4368000000000052,"failureMessages":[],"meta":{}},{"ancestorTitles":["BaseQueryEngine","evaluateFilters"],"fullName":"BaseQueryEngine evaluateFilters should filter by extension","status":"passed","title":"should filter by extension","duration":0.38519999999999754,"failureMessages":[],"meta":{}},{"ancestorTitles":["BaseQueryEngine","evaluateFilters"],"fullName":"BaseQueryEngine evaluateFilters should filter by frontmatter property","status":"passed","title":"should filter by frontmatter property","duration":0.2576999999999998,"failureMessages":[],"meta":{}},{"ancestorTitles":["BaseQueryEngine","evaluateFilters"],"fullName":"BaseQueryEngine evaluateFilters should apply AND logic (all must match)","status":"passed","title":"should apply AND logic (all must match)","duration":0.25989999999995916,"failureMessages":[],"meta":{}},{"ancestorTitles":["BaseQueryEngine","evaluateFilters"],"fullName":"BaseQueryEngine evaluateFilters should apply OR logic (any can match)","status":"passed","title":"should apply OR logic (any can match)","duration":0.2592999999999961,"failureMessages":[],"meta":{}},{"ancestorTitles":["BaseQueryEngine","evaluateFilters"],"fullName":"BaseQueryEngine evaluateFilters should apply negation","status":"passed","title":"should apply negation","duration":0.244700000000023,"failureMessages":[],"meta":{}},{"ancestorTitles":["BaseQueryEngine","evaluateFilters"],"fullName":"BaseQueryEngine evaluateFilters should handle nameContains filter","status":"passed","title":"should handle nameContains filter","duration":0.276800000000037,"failureMessages":[],"meta":{}},{"ancestorTitles":["BaseQueryEngine","parseBaseFile"],"fullName":"BaseQueryEngine parseBaseFile should parse a base file with global filters and views","status":"passed","title":"should parse a base file with global filters and views","duration":11.263800000000003,"failureMessages":[],"meta":{}},{"ancestorTitles":["BaseQueryEngine","parseBaseFile"],"fullName":"BaseQueryEngine parseBaseFile should parse a base file with view-level filters","status":"passed","title":"should parse a base file with view-level filters","duration":1.6084999999999923,"failureMessages":[],"meta":{}},{"ancestorTitles":["BaseQueryEngine","parseBaseFile"],"fullName":"BaseQueryEngine parseBaseFile should parse a base file with multiple views","status":"passed","title":"should parse a base file with multiple views","duration":2.0510999999999626,"failureMessages":[],"meta":{}},{"ancestorTitles":["BaseQueryEngine","parseBaseFile"],"fullName":"BaseQueryEngine parseBaseFile should handle empty base file","status":"passed","title":"should handle empty base file","duration":0.26659999999998263,"failureMessages":[],"meta":{}},{"ancestorTitles":["BaseQueryEngine","parseBaseFile"],"fullName":"BaseQueryEngine parseBaseFile should parse properties section with displayName","status":"passed","title":"should parse properties section with displayName","duration":1.1496999999999957,"failureMessages":[],"meta":{}},{"ancestorTitles":["BaseQueryEngine","parseBaseFile"],"fullName":"BaseQueryEngine parseBaseFile should return undefined properties when none defined","status":"passed","title":"should return undefined properties when none defined","duration":0.6782000000000039,"failureMessages":[],"meta":{}},{"ancestorTitles":["BaseQueryEngine","parseBaseFile"],"fullName":"BaseQueryEngine parseBaseFile should parse formulas section","status":"passed","title":"should parse formulas section","duration":0.8417999999999779,"failureMessages":[],"meta":{}},{"ancestorTitles":["BaseQueryEngine","parseBaseFile"],"fullName":"BaseQueryEngine parseBaseFile should return undefined formulas when none defined","status":"passed","title":"should return undefined formulas when none defined","duration":0.5460999999999672,"failureMessages":[],"meta":{}},{"ancestorTitles":["BaseQueryEngine","resolveView"],"fullName":"BaseQueryEngine resolveView should apply global and view-level filters","status":"passed","title":"should apply global and view-level filters","duration":0.9621999999999957,"failureMessages":[],"meta":{}},{"ancestorTitles":["BaseQueryEngine","resolveView"],"fullName":"BaseQueryEngine resolveView should return all files when no filters exist","status":"passed","title":"should return all files when no filters exist","duration":0.7022999999999797,"failureMessages":[],"meta":{}}],"startTime":1771120636394,"endTime":1771120636422.7024,"status":"passed","message":"","name":"C:/Projects/flowti/Development/flowti/tests/domain/dataExchange/BaseQueryEngine.test.ts"},{"assertionResults":[{"ancestorTitles":["sanitizeDocName"],"fullName":"sanitizeDocName returns a normal name unchanged","status":"passed","title":"returns a normal name unchanged","duration":1.859199999999987,"failureMessages":[],"meta":{}},{"ancestorTitles":["sanitizeDocName"],"fullName":"sanitizeDocName strips backslash, colon, asterisk, question mark, quotes, angle brackets, pipe","status":"passed","title":"strips backslash, colon, asterisk, question mark, quotes, angle brackets, pipe","duration":0.223700000000008,"failureMessages":[],"meta":{}},{"ancestorTitles":["sanitizeDocName"],"fullName":"sanitizeDocName strips hash, caret, square brackets","status":"passed","title":"strips hash, caret, square brackets","duration":0.16610000000002856,"failureMessages":[],"meta":{}},{"ancestorTitles":["sanitizeDocName"],"fullName":"sanitizeDocName collapses multiple whitespace characters into a single space","status":"passed","title":"collapses multiple whitespace characters into a single space","duration":0.13639999999998054,"failureMessages":[],"meta":{}},{"ancestorTitles":["sanitizeDocName"],"fullName":"sanitizeDocName trims leading and trailing whitespace","status":"passed","title":"trims leading and trailing whitespace","duration":0.1834999999999809,"failureMessages":[],"meta":{}},{"ancestorTitles":["sanitizeDocName"],"fullName":"sanitizeDocName returns empty string for empty input","status":"passed","title":"returns empty string for empty input","duration":0.12889999999998736,"failureMessages":[],"meta":{}},{"ancestorTitles":["sanitizeDocName"],"fullName":"sanitizeDocName returns empty string when all characters are special","status":"passed","title":"returns empty string when all characters are special","duration":0.13639999999998054,"failureMessages":[],"meta":{}},{"ancestorTitles":["sanitizeDocName"],"fullName":"sanitizeDocName handles forward slash removal","status":"passed","title":"handles forward slash removal","duration":0.14409999999998035,"failureMessages":[],"meta":{}},{"ancestorTitles":["getConfigsFolder"],"fullName":"getConfigsFolder returns Configs under the docs root","status":"passed","title":"returns Configs under the docs root","duration":0.2728000000000179,"failureMessages":[],"meta":{}},{"ancestorTitles":["getConfigsFolder"],"fullName":"getConfigsFolder strips trailing slash from docs root","status":"passed","title":"strips trailing slash from docs root","duration":0.2319999999999709,"failureMessages":[],"meta":{}},{"ancestorTitles":["getConfigsFolder"],"fullName":"getConfigsFolder strips multiple trailing slashes","status":"passed","title":"strips multiple trailing slashes","duration":0.14650000000000318,"failureMessages":[],"meta":{}},{"ancestorTitles":["getConfigsFolder"],"fullName":"getConfigsFolder handles single-segment root","status":"passed","title":"handles single-segment root","duration":0.12830000000002428,"failureMessages":[],"meta":{}},{"ancestorTitles":["getReportsFolder"],"fullName":"getReportsFolder returns Reports under the docs root","status":"passed","title":"returns Reports under the docs root","duration":0.13970000000000482,"failureMessages":[],"meta":{}},{"ancestorTitles":["getReportsFolder"],"fullName":"getReportsFolder strips tr
[...]
ure/ui/UiCommandService.test.ts"},{"assertionResults":[{"ancestorTitles":["DomainsTab","scan"],"fullName":"DomainsTab scan should always include catalog-derived domains after scan","status":"passed","title":"should always include catalog-derived domains after scan","duration":12.845399999999927,"failureMessages":[],"meta":{}},{"ancestorTitles":["DomainsTab","scan"],"fullName":"DomainsTab scan should return entries from catalog events","status":"passed","title":"should return entries from catalog events","duration":1.484700000000089,"failureMessages":[],"meta":{}},{"ancestorTitles":["DomainsTab","renderMaster"],"fullName":"DomainsTab renderMaster should render a header with 'Domains' text","status":"passed","title":"should render a header with 'Domains' text","duration":6.382600000000025,"failureMessages":[],"meta":{}},{"ancestorTitles":["DomainsTab","renderMaster"],"fullName":"DomainsTab renderMaster should render an add button with plus icon","status":"passed","title":"should render an add button with plus icon","duration":2.022399999999948,"failureMessages":[],"meta":{}},{"ancestorTitles":["DomainsTab","renderMaster"],"fullName":"DomainsTab renderMaster should render domain items from catalog","status":"passed","title":"should render domain items from catalog","duration":2.024499999999989,"failureMessages":[],"meta":{}},{"ancestorTitles":["DomainsTab","renderMaster"],"fullName":"DomainsTab renderMaster should filter domains by filterText","status":"passed","title":"should filter domains by filterText","duration":5.285499999999956,"failureMessages":[],"meta":{}},{"ancestorTitles":["DomainsTab","renderDetail"],"fullName":"DomainsTab renderDetail should show empty state when no domain is selected","status":"passed","title":"should show empty state when no domain is selected","duration":1.3535999999999149,"failureMessages":[],"meta":{}},{"ancestorTitles":["DomainsTab","renderDetail"],"fullName":"DomainsTab renderDetail should show quick stats in empty state","status":"passed","title":"should show quick stats in empty state","duration":0.7672000000000025,"failureMessages":[],"meta":{}},{"ancestorTitles":["DomainsTab","selection"],"fullName":"DomainsTab selection should track selected domain via setSelectedDomain","status":"passed","title":"should track selected domain via setSelectedDomain","duration":0.34699999999998,"failureMessages":[],"meta":{}},{"ancestorTitles":["DomainsTab","selection"],"fullName":"DomainsTab selection should clear selection via setSelectedDomain(null)","status":"passed","title":"should clear selection via setSelectedDomain(null)","duration":0.4290999999999485,"failureMessages":[],"meta":{}},{"ancestorTitles":["DomainsTab","createDoc"],"fullName":"DomainsTab createDoc should emit doc.create event with DomainDoc type","status":"passed","title":"should emit doc.create event with DomainDoc type","duration":26.240800000000036,"failureMessages":[],"meta":{}},{"ancestorTitles":["DomainsTab","createDoc"],"fullName":"DomainsTab createDoc should set selectedDomain when creating a doc","status":"passed","title":"should set selectedDomain when creating a doc","duration":0.48240000000009786,"failureMessages":[],"meta":{}},{"ancestorTitles":["DomainsTab","deleteDoc"],"fullName":"DomainsTab deleteDoc should emit doc.delete event with file path","status":"passed","title":"should emit doc.delete event with file path","duration":10.671599999999899,"failureMessages":[],"meta":{}},{"ancestorTitles":["DomainsTab","deleteDoc"],"fullName":"DomainsTab deleteDoc should clear selection when deleting","status":"passed","title":"should clear selection when deleting","duration":0.6003000000000611,"failureMessages":[],"meta":{}},{"ancestorTitles":["DomainsTab","createArea"],"fullName":"DomainsTab createArea should emit doc.create with AreaDoc type","status":"passed","title":"should emit doc.create with AreaDoc type","duration":25.60180000000014,"failureMessages":[],"meta":{}},{"ancestorTitles":["DomainsTab","createArchitectureDoc"],"fullName":"DomainsTab createArchitectureDoc should emit doc.create with ArchitectureDoc type","status":"passed","title":"should emit doc.create with ArchitectureDoc type","duration":11.873599999999897,"failureMessages":[],"meta":{}}],"startTime":1771120635567,"endTime":1771120635676.8735,"status":"passed","message":"","name":"C:/Projects/flowti/Development/flowti/tests/ui/catalog/DomainsTab.test.ts"},{"assertionResults":[{"ancestorTitles":["catalog helpers","fmString"],"fullName":"catalog helpers fmString should return trimmed string value","status":"passed","title":"should return trimmed string value","duration":1.796699999999987,"failureMessages":[],"meta":{}},{"ancestorTitles":["catalog helpers","fmString"],"fullName":"catalog helpers fmString should return undefined for missing key","status":"passed","title":"should return undefined for missing key","duration":0.2663000000000011,"failureMessages":[],"meta":{}},{"ancestorTitles":["catalog helpers","fmString"],"fullName":"catalog helpers fmString should return undefined for empty string","status":"passed","title":"should return undefined for empty string","duration":0.17770000000001573,"failureMessages":[],"meta":{}},{"ancestorTitles":["catalog helpers","fmString"],"fullName":"catalog helpers fmString should return undefined for whitespace-only string","status":"passed","title":"should return undefined for whitespace-only string","duration":0.20429999999998927,"failureMessages":[],"meta":{}},{"ancestorTitles":["catalog helpers","fmString"],"fullName":"catalog helpers fmString should return undefined for non-string value","status":"passed","title":"should return undefined for non-string value","duration":0.20699999999999363,"failureMessages":[],"meta":{}},{"ancestorTitles":["catalog helpers","fmString"],"fullName":"catalog helpers fmString should return undefined when fm is undefined","status":"passed","title":"should return undefined when fm is undefined","duration":0.1361999999999739,"failureMessages":[],"meta":{}},{"ancestorTitles":["catalog helpers","fmStringArray"],"fullName":"catalog helpers fmStringArray should return array of strings","status":"passed","title":"should return array of strings","duration":1.0570999999999913,"failureMessages":[],"meta":{}},{"ancestorTitles":["catalog helpers","fmStringArray"],"fullName":"catalog helpers fmStringArray should filter out non-string elements","status":"passed","title":"should filter out non-string elements","duration":0.2728999999999928,"failureMessages":[],"meta":{}},{"ancestorTitles":["catalog helpers","fmStringArray"],"fullName":"catalog helpers fmStringArray should return empty array for missing key","status":"passed","title":"should return empty array for missing key","duration":0.197400000000016,"failureMessages":[],"meta":{}},{"ancestorTitles":["catalog helpers","fmStringArray"],"fullName":"catalog helpers fmStringArray should return empty array for non-array value","status":"passed","title":"should return empty array for non-array value","duration":0.2266999999999939,"failureMessages":[],"meta":{}},{"ancestorTitles":["catalog helpers","fmStringArray"],"fullName":"catalog helpers fmStringArray should return empty array when fm is undefined","status":"passed","title":"should return empty array when fm is undefined","duration":0.16039999999998145,"failureMessages":[],"meta":{}},{"ancestorTitles":["catalog helpers","isDiscoveredEvent"],"fullName":"catalog helpers isDiscoveredEvent should return true for discovered event types","status":"passed","title":"should return true for discovered event types","duration":0.21749999999997272,"failureMessages":[],"meta":{}},{"ancestorTitles":["catalog helpers","isDiscoveredEvent"],"fullName":"catalog helpers isDiscoveredEvent should return false for unknown event types","status":"passed","title":"should return false for unknown event types","duration":0.13670000000001892,"failureMessages":[],"meta":{}},{"ancestorTitles":["catalog helpers","isDiscoveredEvent"],"fullName":"catalog helpers isDiscoveredEvent should return false for empty discovered list","status":"passed","title":"should return false for empty discovered list","duration":0.11820000000000164,"failureMessages":[],"meta":{}},{"ancestorTitles":["catalog helpers","isSystemOnly"],"fullName":"catalog helpers isSystemOnly should return true when all events have system tag","status":"passed","title":"should return true when all events have system tag","duration":0.18840000000000146,"failureMessages":[],"meta":{}},{"ancestorTitles":["catalog helpers","isSystemOnly"],"fullName":"catalog helpers isSystemOnly should return false when any event lacks system tag","status":"passed","title":"should return false when any event lacks system tag","duration":0.13849999999996498,"failureMessages":[],"meta":{}},{"ancestorTitles":["catalog helpers","isSystemOnly"],"fullName":"catalog helpers isSystemOnly should return false for empty events list","status":"passed","title":"should return false for empty events list","duration":0.11849999999998317,"failureMessages":[],"meta":{}},{"ancestorTitles":["catalog helpers","isConfigured"],"fullName":"catalog helpers isConfigured should return true when subscription matches","status":"passed","title":"should return true when subscription matches","duration":0.22430000000002792,"failureMessages":[],"meta":{}},{"ancestorTitles":["catalog helpers","isConfigured"],"fullName":"catalog helpers isConfigured should return true when definition matches","status":"passed","title":"should return true when definition matches","duration":0.1945999999999799,"failureMessages":[],"meta":{}},{"ancestorTitles":["catalog helpers","isConfigured"],"fullName":"catalog helpers isConfigured should return false when neither matches","status":"passed","title":"should return false when neither matches","duration":0.14549999999997,"failureMessages":[],"meta":{}},{"ancestorTitles":["catalog helpers","isConfigured"],"fullName":"catalog helpers isConfigured should return false for empty lists","status":"passed","title":"should return false for empty lists","duration":0.1127999999999929,"failureMessages":[],"meta":{}},{"ancestorTitles":["catalog helpers","getOrderedCategories"],"fullName":"catalog helpers getOrderedCategories should preserve existing categories","status":"passed","title":"should preserve existing categories","duration":0.5162000000000262,"failureMessages":[],"meta":{}},{"ancestorTitles":["catalog helpers","getOrderedCategories"],"fullName":"catalog helpers getOrderedCategories should add missing known categories as visible","status":"passed","title":"should add missing known categories as visible","duration":1.102800000000002,"failureMessages":[],"meta":{}},{"ancestorTitles":["catalog helpers","getOrderedCategories"],"fullName":"catalog helpers getOrderedCategories should filter out unknown categories from settings","status":"passed","title":"should filter out unknown categories from settings","duration":0.26799999999997226,"failureMessages":[],"meta":{}},{"ancestorTitles":["catalog helpers","getSourcePath"],"fullName":"catalog helpers getSourcePath should return source path for matching event","status":"passed","title":"should return source path for matching event","duration":0.230700000000013,"failureMessages":[],"meta":{}},{"ancestorTitles":["catalog helpers","getSourcePath"],"fullName":"catalog helpers getSourcePath should return undefined for unknown event","status":"passed","title":"should return undefined for unknown event","duration":0.12869999999998072,"failureMessages":[],"meta":{}},{"ancestorTitles":["catalog helpers","getSourcePath"],"fullName":"catalog helpers getSourcePath should return undefined for empty list","status":"passed","title":"should return undefined for empty list","duration":0.10300000000000864,"failureMessages":[],"meta":{}},{"ancestorTitles":["catalog helpers","findRelatedFlows"],"fullName":"catalog helpers findRelatedFlows should match by overlapping events","status":"passed","title":"should match by overlapping events","duration":1.2871999999999844,"failureMessages":[],"meta":{}},{"ancestorTitles":["catalog helpers","findRelatedFlows"],"fullName":"catalog helpers findRelatedFlows should match by overlapping domains","status":"passed","title":"should match by overlapping domains","duration":0.32490000000001373,"failureMessages":[],"meta":{}},{"ancestorTitles":["catalog helpers","findRelatedFlows"],"fullName":"catalog helpers findRelatedFlows should match by overlapping services","status":"passed","title":"should match by overlapping services","duration":0.28460000000001173,"failureMessages":[],"meta":{}},{"ancestorTitles":["catalog helpers","findRelatedFlows"],"fullName":"catalog helpers findRelatedFlows should return multiple matches","status":"passed","title":"should return multiple matches","duration":0.2536000000000058,"failureMessages":[],"meta":{}},{"ancestorTitles":["catalog helpers","findRelatedFlows"],"fullName":"catalog helpers findRelatedFlows should return empty for no overlap","status":"passed","title":"should return empty for no overlap","duration":0.2697000000000003,"failureMessages":[],"meta":{}},{"ancestorTitles":["catalog helpers","findRelatedFlows"],"fullName":"catalog helpers findRelatedFlows should return empty for empty criteria","status":"passed","title":"should return empty for empty criteria","duration":0.22210000000001173,"failureMessages":[],"meta":{}},{"ancestorTitles":["catalog helpers","findRelatedSystems"],"fullName":"catalog helpers findRelatedSystems should match by overlapping events (checks entry.type)","status":"passed","title":"should match by overlapping events (checks entry.type)","duration":0.35370000000000346,"failureMessages":[],"meta":{}},{"ancestorTitles":["catalog helpers","findRelatedSystems"],"fullName":"catalog helpers findRelatedSystems should match by overlapping domains","status":"passed","title":"should match by overlapping domains","duration":0.251199999999983,"failureMessages":[],"meta":{}},{"ancestorTitles":["catalog helpers","findRelatedSystems"],"fullName":"catalog helpers findRelatedSystems should match by overlapping services","status":"passed","title":"should match by overlapping services","duration":0.28059999999999263,"failureMessages":[],"meta":{}},{"ancestorTitles":["catalog helpers","findRelatedSystems"],"fullName":"catalog helpers findRelatedSystems should return empty for no overlap","status":"passed","title":"should return empty for no overlap","duration":0.2077000000000453,"failureMessages":[],"meta":{}},{"ancestorTitles":["catalog helpers","findRelatedActors"],"fullName":"catalog helpers findRelatedActors should match by overlapping events","status":"passed","title":"should match by overlapping events","duration":0.3158999999999992,"failureMessages":[],"meta":{}},{"ancestorTitles":["catalog helpers","findRelatedActors"],"fullName":"catalog helpers findRelatedActors should match by overlapping domains","status":"passed","title":"should match by overlapping domains","duration":0.23460000000000036,"failureMessages":[],"meta":{}},{"ancestorTitles":["catalog helpers","findRelatedActors"],"fullName":"catalog helpers findRelatedActors should return empty for no overlap","status":"passed","title":"should return empty for no overlap","duration":0.204400000000021,"failureMessages":[],"meta":{}},{"ancestorTitles":["catalog helpers","findRelatedProducts"],"fullName":"catalog helpers findRelatedProducts should match by overlapping domains","status":"passed","title":"should match by overlapping domains","duration":0.31239999999996826,"failureMessages":[],"meta":{}},{"ancestorTitles":["catalog helpers","findRelatedProducts"],"fullName":"catalog helpers findRelatedProducts should match by overlapping services","status":"passed","title":"should match by overlapping services","duration":0.22719999999998208,"failureMessages":[],"meta":{}},{"ancestorTitles":["catalog helpers","findRelatedProducts"],"fullName":"catalog helpers findRelatedProducts should match by overlapping events","status":"passed","title":"should match by overlapping events","duration":0.22519999999997253,"failureMessages":[],"meta":{}},{"ancestorTitles":["catalog helpers","findRelatedProducts"],"fullName":"catalog helpers findRelatedProducts should return empty for no overlap","status":"passed","title":"should return empty for no overlap","duration":0.1741000000000099,"failureMessages":[],"meta":{}}],"startTime":1771120637620,"endTime":1771120637636.225,"status":"passed","message":"","name":"C:/Projects/flowti/Development/flowti/tests/ui/catalog/helpers.test.ts"},{"assertionResults":[{"ancestorTitles":["FolderScaffoldStep"],"fullName":"FolderScaffoldStep should have correct metadata","status":"passed","title":"should have correct metadata","duration":1.8937999999999988,"failureMessages":[],"meta":{}},{"ancestorTitles":["FolderScaffoldStep"],"fullName":"FolderScaffoldStep should create a file in each folder from DEFAULT_IBDE_FOLDERS","status":"passed","title":"should create a file in each folder from DEFAULT_IBDE_FOLDERS","duration":6.864100000000008,"failureMessages":[],"meta":{}},{"ancestorTitles":["FolderScaffoldStep"],"fullName":"FolderScaffoldStep should use createFolders: true option","status":"passed","title":"should use createFolders: true option","duration":2.1544999999999845,"failureMessages":[],"meta":{}},{"ancestorTitles":["FolderScaffoldStep"],"fullName":"FolderScaffoldStep should continue if file already exists (idempotent)","status":"passed","title":"should continue if file already exists (idempotent)","duration":1.2595000000000027,"failureMessages":[],"meta":{}},{"ancestorTitles":["FolderScaffoldStep"],"fullName":"FolderScaffoldStep should fail and report which folder failed on other errors","status":"passed","title":"should fail and report which folder failed on other errors","duration":0.6292999999999438,"failureMessages":[],"meta":{}},{"ancestorTitles":["FolderScaffoldStep"],"fullName":"FolderScaffoldStep should set context.createdFolders with all created folder paths","status":"passed","title":"should set context.createdFolders with all created folder paths","duration":0.44259999999997035,"failureMessages":[],"meta":{}},{"ancestorTitles":["FolderScaffoldStep"],"fullName":"FolderScaffoldStep should report partial createdFolders on failure","status":"passed","title":"should report partial createdFolders on failure","duration":0.5691999999999666,"failureMessages":[],"meta":{}}],"startTime":1771120637655,"endTime":1771120637668.569,"status":"passed","message":"","name":"C:/Projects/flowti/Development/flowti/tests/domain/installer/steps/FolderScaffoldStep.test.ts"},{"assertionResults":[{"ancestorTitles":["UserCreationStep"],"fullName":"UserCreationStep should have correct metadata","status":"passed","title":"should have correct metadata","duration":1.8719000000000392,"failureMessages":[],"meta":{}},{"ancestorTitles":["UserCreationStep"],"fullName":"UserCreationStep should create a user via userService.createUser","status":"passed","title":"should create a user via userService.createUser","duration":4.818399999999997,"failureMessages":[],"meta":{}},{"ancestorTitles":["UserCreationStep"],"fullName":"UserCreationStep should skip if user already exists","status":"passed","title":"should skip if user already exists","duration":1.120999999999981,"failureMessages":[],"meta":{}},{"ancestorTitles":["UserCreationStep"],"fullName":"UserCreationStep should fail if userName is missing","status":"passed","title":"should fail if userName is missing","duration":0.6134000000000128,"failureMessages":[],"meta":{}},{"ancestorTitles":["UserCreationStep"],"fullName":"UserCreationStep should fail if userName is empty whitespace","status":"passed","title":"should fail if userName is empty whitespace","duration":0.5464999999999804,"failureMessages":[],"meta":{}}],"startTime":1771120638045,"endTime":1771120638054.5464,"status":"passed","message":"","name":"C:/Projects/flowti/Development/flowti/tests/domain/installer/steps/UserCreationStep.test.ts"}]}