{"numTotalTestSuites":324,"numPassedTestSuites":324,"numFailedTestSuites":0,"numPendingTestSuites":0,"numTotalTests":815,"numPassedTests":811,"numFailedTests":0,"numPendingTests":4,"numTodoTests":0,"snapshot":{"added":0,"failure":false,"filesAdded":0,"filesRemoved":0,"filesRemovedList":[],"filesUnmatched":0,"filesUpdated":0,"matched":0,"total":0,"unchecked":0,"uncheckedKeysByFile":[],"unmatched":0,"updated":0,"didUpdate":false},"startTime":1771095987075,"success":true,"testResults":[{"assertionResults":[{"ancestorTitles":["DataExchangeHubView behavior","config change sync"],"fullName":"DataExchangeHubView behavior config change sync should trigger refresh on dataExchange.config.changed","status":"passed","title":"should trigger refresh on dataExchange.config.changed","duration":4.592800000000011,"failureMessages":[],"meta":{}},{"ancestorTitles":["DataExchangeHubView behavior","completion events"],"fullName":"DataExchangeHubView behavior completion events should trigger re-render on dataExchange.import.completed","status":"passed","title":"should trigger re-render on dataExchange.import.completed","duration":0.45690000000001874,"failureMessages":[],"meta":{}},{"ancestorTitles":["DataExchangeHubView behavior","completion events"],"fullName":"DataExchangeHubView behavior completion events should trigger re-render on dataExchange.export.completed","status":"passed","title":"should trigger re-render on dataExchange.export.completed","duration":0.283299999999997,"failureMessages":[],"meta":{}},{"ancestorTitles":["DataExchangeHubView behavior","property doc file tracking"],"fullName":"DataExchangeHubView behavior property doc file tracking should trigger scan on file.created in properties folder","status":"passed","title":"should trigger scan on file.created in properties folder","duration":0.5745999999999754,"failureMessages":[],"meta":{}},{"ancestorTitles":["DataExchangeHubView behavior","property doc file tracking"],"fullName":"DataExchangeHubView behavior property doc file tracking should trigger scan on file.deleted in properties folder","status":"passed","title":"should trigger scan on file.deleted in properties folder","duration":0.5570999999999913,"failureMessages":[],"meta":{}},{"ancestorTitles":["DataExchangeHubView behavior","property doc file tracking"],"fullName":"DataExchangeHubView behavior property doc file tracking should ignore file events outside properties folder","status":"passed","title":"should ignore file events outside properties folder","duration":0.887299999999982,"failureMessages":[],"meta":{}},{"ancestorTitles":["DataExchangeHubView behavior","state management"],"fullName":"DataExchangeHubView behavior state management should maintain page state","status":"passed","title":"should maintain page state","duration":0.5837000000000216,"failureMessages":[],"meta":{}},{"ancestorTitles":["DataExchangeHubView behavior","state management"],"fullName":"DataExchangeHubView behavior state management should maintain selection state across tabs","status":"passed","title":"should maintain selection state across tabs","duration":0.2506999999999948,"failureMessages":[],"meta":{}},{"ancestorTitles":["DataExchangeHubView behavior","state management"],"fullName":"DataExchangeHubView behavior state management should support filter text across all tabs","status":"passed","title":"should support filter text across all tabs","duration":1.2128999999999905,"failureMessages":[],"meta":{}},{"ancestorTitles":["DataExchangeHubView behavior","cleanup on close"],"fullName":"DataExchangeHubView behavior cleanup on close should stop receiving events after all unsubscribes","status":"passed","title":"should stop receiving events after all unsubscribes","duration":1.9085000000000036,"failureMessages":[],"meta":{}}],"startTime":1771095990206,"endTime":1771095990217.9084,"status":"passed","message":"","name":"C:/Projects/flowti/Development/flowti/tests/ui/DataExchangeHubView.test.ts"},{"assertionResults":[{"ancestorTitles":["EventCatalogView behavior","discovery event sync"],"fullName":"EventCatalogView behavior discovery event sync should replace discovered events on discovery.loaded","status":"passed","title":"should replace discovered events on discovery.loaded","duration":5.077200000000062,"failureMessages":[],"meta":{}},{"ancestorTitles":["EventCatalogView behavior","discovery event sync"],"fullName":"EventCatalogView behavior discovery event sync should upsert on discovery.updated (new event)","status":"passed","title":"should upsert on discovery.updated (new event)","duration":0.580600000000004,"failureMessages":[],"meta":{}},{"ancestorTitles":["EventCatalogView behavior","discovery event sync"],"fullName":"EventCatalogView behavior discovery event sync should upsert on discovery.updated (existing event)","status":"passed","title":"should upsert on discovery.updated (existing event)","duration":0.537900000000036,"failureMessages":[],"meta":{}},{"ancestorTitles":["EventCatalogView behavior","discovery event sync"],"fullName":"EventCatalogView behavior discovery event sync should remove on discovery.removed","status":"passed","title":"should remove on discovery.removed","duration":0.4456000000000131,"failureMessages":[],"meta":{}},{"ancestorTitles":["EventCatalogView behavior","event filter sync"],"fullName":"EventCatalogView behavior event filter sync should update excluded types on eventFilter.loaded","status":"passed","title":"should update excluded types on eventFilter.loaded","duration":0.461400000000026,"failureMessages":[],"meta":{}},{"ancestorTitles":["EventCatalogView behavior","event filter sync"],"fullName":"EventCatalogView behavior event filter sync should update excluded types on eventFilter.changed","status":"passed","title":"should update excluded types on eventFilter.changed","duration":0.27480000000002747,"failureMessages":[],"meta":{}},{"ancestorTitles":["EventCatalogView behavior","notification sync"],"fullName":"EventCatalogView behavior notification sync should update notified types on eventNotify.loaded","status":"passed","title":"should update notified types on eventNotify.loaded","duration":0.32140000000003965,"failureMessages":[],"meta":{}},{"ancestorTitles":["EventCatalogView behavior","notification sync"],"fullName":"EventCatalogView behavior notification sync should update notified types on eventNotify.changed","status":"passed","title":"should update notified types on eventNotify.changed","duration":0.3221999999999525,"failureMessages":[],"meta":{}},{"ancestorTitles":["EventCatalogView behavior","settings sync"],"fullName":"EventCatalogView behavior settings sync should update catalog state on settings.loaded","status":"passed","title":"should update catalog state on settings.loaded","duration":0.4499999999999318,"failureMessages":[],"meta":{}},{"ancestorTitles":["EventCatalogView behavior","settings sync"],"fullName":"EventCatalogView behavior settings sync should update catalog state on settings.changed","status":"passed","title":"should update catalog state on settings.changed","duration":0.26930000000004384,"failureMessages":[],"meta":{}},{"ancestorTitles":["EventCatalogView behavior","subscription tracking"],"fullName":"EventCatalogView behavior subscription tracking should replace all subscriptions on subscription.loaded","status":"passed","title":"should replace all subscriptions on subscription.loaded","duration":0.47900000000004184,"failureMessages":[],"meta":{}},{"ancestorTitles":["EventCatalogView behavior","subscription tracking"],"fullName":"EventCatalogView behavior subscription tracking should add or replace on subscription.created","status":"passed","title":"should add or replace on subscription.created","duration":0.42439999999999145,"failureMessages":[],"meta":{}},{"ancestorTitles":["EventCatalogView behavior","subscription tracking"],"fullName":"EventCatalogView behavior subscription tracking should update existing subscription on subscription.updated","status":"passed","title":"should update existing subscription on subscription.updated","duration":0.3928000000000793,"failureMessages":[],"meta":{}},{"ancestorTitles":["EventCatalogView behavior","subscription tracking"],"fullName":"EventCatalogView behavior subscription tracking should remove on subscription.deleted","status":"passed","title":"should remove on subscription.deleted","duration":0.33989999999994325,"failureMessages":[],"meta":{}},{"ancestorTitles":["EventCatalogView behavior","definition tracking"],"fullName":"EventCatalogView behavior definition tracking should replace all definitions on eventDefinition.loaded","status":"passed","title":"should replace all definitions on eventDefinition.loaded","duration":0.31529999999997926,"failureMessages":[],"meta":{}},{"ancestorTitles":["EventCatalogView behavior","definition tracking"],"fullName":"EventCatalogView behavior definition tracking should add on eventDefinition.created","status":"passed","title":"should add on eventDefinition.created","duration":0.35370000000000346,"failureMessages":[],"meta":{}},{"ancestorTitles":["EventCatalogView behavior","definition tracking"],"fullName":"EventCatalogView behavior definition tracking should update existing definition on eventDefinition.updated","status":"passed","title":"should update existing definition on eventDefinition.updated","duration":0.3673000000000002,"failureMessages":[],"meta":{}},{"ancestorTitles":["EventCatalogView behavior","definition tracking"],"fullName":"EventCatalogView behavior definition tracking should remove on eventDefinition.deleted","status":"passed","title":"should remove on eventDefinition.deleted","duration":0.2641999999999598,"failureMessages":[],"meta":{}},{"ancestorTitles":["EventCatalogView behavior","doc lifecycle"],"fullName":"EventCatalogView behavior doc lifecycle should schedule delayed re-render on doc.created","status":"passed","title":"should schedule delayed re-render on doc.created","duration":601.6152999999999,"failureMessages":[],"meta":{}},{"ancestorTitles":["EventCatalogView behavior","doc lifecycle"],"fullName":"EventCatalogView behavior doc lifecycle should schedule immediate re-render on doc.deleted","status":"passed","title":"should schedule immediate re-render on doc.deleted","duration":0.522899999999936,"failureMessages":[],"meta":{}},{"ancestorTitles":["EventCatalogView behavior","refresh requests on open"],"fullName":"EventCatalogView behavior refresh requests on open should emit subscription.refresh to request current state","status":"passed","title":"should emit subscription.refresh to request current state","duration":0.2969999999997981,"failureMessages":[],"meta":{}},{"ancestorTitles":["EventCatalogView behavior","refresh requests on open"],"fullName":"EventCatalogView behavior refresh requests on open should emit eventDefinition.refresh to request current state","status":"passed","title":"should emit eventDefinition.refresh to request current state","duration":0.19519999999988613,"failureMessages":[],"meta":{}},{"ancestorTitles":["EventCatalogView behavior","cleanup on close"],"fullName":"EventCatalogView behavior cleanup on close should stop receiving events after all unsubscribes","status":"passed","title":"should stop receiving events after all unsubscribes","duration":0.5472999999999502,"failureMessages":[],"meta":{}}],"startTime":1771095987667,"endTime":1771095988283.5474,"status":"passed","message":"","name":"C:/Projects/flowti/Development/flowti/tests/ui/EventCatalogView.test.ts"},{"assertionResults":[{"ancestorTitles":["EventConfigModal event interactions","refresh on open"],"fullName":"EventConfigModal event interactions refresh on open should emit subscription.refresh to request state","status":"passed","title":"should emit subscription.refresh to request state","duration":4.381399999999985,"failureMessages":[],"meta":{}},{"ancestorTitles":["EventConfigModal event interactions","refresh on open"],"fullName":"EventConfigModal event interactions refresh on open should emit eventDefinition.refresh to request state","status":"passed","title":"should emit eventDefinition.refresh to request state","duration":0.402499999999975,"failureMessages":[],"meta":{}},{"ancestorTitles":["EventConfigModal event interactions","subscription filtering by event type"],"fullName":"EventConfigModal event interactions subscription filtering by event type should filter subscriptions to matching event type","status":"passed","title":"should filter subscriptions to matching event type","duration":2.4261999999999944,"failureMessages":[],"meta":{}},{"ancestorTitles":["EventConfigModal event interactions","definition filtering by source event type"],"fullName":"EventConfigModal event interactions definition filtering by source event type should filter definitions to matching source event type","status":"passed","title":"should filter definitions to matching source event type","duration":0.5780000000000314,"failureMessages":[],"meta":{}},{"ancestorTitles":["EventConfigModal event interactions","subscription creation with pre-filled event type"],"fullName":"EventConfigModal event interactions subscription creation with pre-filled event type should emit subscription.create with the catalog event type","status":"passed","title":"should emit subscription.create with the catalog event type","duration":4.451700000000017,"failureMessages":[],"meta":{}},{"ancestorTitles":["EventConfigModal event interactions","definition creation with pre-filled source event type"],"fullName":"EventConfigModal event interactions definition creation with pre-filled source event type should emit eventDefinition.create with the catalog event type","status":"passed","title":"should emit eventDefinition.create with the catalog event type","duration":0.6230000000000473,"failureMessages":[],"meta":{}}],"startTime":1771095990133,"endTime":1771095990146.623,"status":"passed","message":"","name":"C:/Projects/flowti/Development/flowti/tests/ui/EventConfigModal.test.ts"},{"assertionResults":[{"ancestorTitles":["eventDocTemplate","getEventDocPath"],"fullName":"eventDocTemplate getEventDocPath should combine root path with Events subfolder and event type","status":"passed","title":"should combine root path with Events subfolder and event type","duration":2.399400000000014,"failureMessages":[],"meta":{}},{"ancestorTitles":["eventDocTemplate","getEventDocPath"],"fullName":"eventDocTemplate getEventDocPath should trim trailing slashes from base path","status":"passed","title":"should trim trailing slashes from base path","duration":0.36079999999998336,"failureMessages":[],"meta":{}},{"ancestorTitles":["eventDocTemplate","getEventDocPath"],"fullName":"eventDocTemplate getEventDocPath should handle the default base path","status":"passed","title":"should handle the default base path","duration":0.1967000000000212,"failureMessages":[],"meta":{}},{"ancestorTitles":["eventDocTemplate","generateEventDocContent"],"fullName":"eventDocTemplate generateEventDocContent should include YAML frontmatter with type EventDoc","status":"passed","title":"should include YAML frontmatter with type EventDoc","duration":1.4946999999999662,"failureMessages":[],"meta":{}},{"ancestorTitles":["eventDocTemplate","generateEventDocContent"],"fullName":"eventDocTemplate generateEventDocContent should include the event type in frontmatter","status":"passed","title":"should include the event type in frontmatter","duration":0.24250000000000682,"failureMessages":[],"meta":{}},{"ancestorTitles":["eventDocTemplate","generateEventDocContent"],"fullName":"eventDocTemplate generateEventDocContent should include stability and visibility in frontmatter","status":"passed","title":"should include stability and visibility in frontmatter","duration":0.21800000000001774,"failureMessages":[],"meta":{}},{"ancestorTitles":["eventDocTemplate","generateEventDocContent"],"fullName":"eventDocTemplate generateEventDocContent should include the event type as heading","status":"passed","title":"should include the event type as heading","duration":0.158299999999997,"failureMessages":[],"meta":{}},{"ancestorTitles":["eventDocTemplate","generateEventDocContent"],"fullName":"eventDocTemplate generateEventDocContent should include the description in the Description section","status":"passed","title":"should include the description in the Description section","duration":0.2237999999999829,"failureMessages":[],"meta":{}},{"ancestorTitles":["eventDocTemplate","generateEventDocContent"],"fullName":"eventDocTemplate generateEventDocContent should include category and direction in header table","status":"passed","title":"should include category and direction in header table","duration":0.23869999999999436,"failureMessages":[],"meta":{}},{"ancestorTitles":["eventDocTemplate","generateEventDocContent"],"fullName":"eventDocTemplate generateEventDocContent should include domain and service in frontmatter","status":"passed","title":"should include domain and service in frontmatter","duration":0.21429999999998017,"failureMessages":[],"meta":{}},{"ancestorTitles":["eventDocTemplate","generateEventDocContent"],"fullName":"eventDocTemplate generateEventDocContent should include stability and visibility in header table","status":"passed","title":"should include stability and visibility in header table","duration":0.19310000000001537,"failureMessages":[],"meta":{}},{"ancestorTitles":["eventDocTemplate","generateEventDocContent"],"fullName":"eventDocTemplate generateEventDocContent should include all 9 body sections","status":"passed","title":"should include all 9 body sections","duration":0.46530000000001337,"failureMessages":[],"meta":{}},{"ancestorTitles":["eventDocTemplate","generateEventDocContent"],"fullName":"eventDocTemplate generateEventDocContent should include a payload field table scaffold","status":"passed","title":"should include a payload field table scaffold","duration":0.20020000000005211,"failureMessages":[],"meta":{}},{"ancestorTitles":["eventDocTemplate","generateEventDocContent"],"fullName":"eventDocTemplate generateEventDocContent should include domain and services in Related Domains table","status":"passed","title":"should include domain and services in Related Domains table","duration":0.273900000000026,"failureMessages":[],"meta":{}},{"ancestorTitles":["eventDocTemplate","generateEventDocContent"],"fullName":"eventDocTemplate generateEventDocContent should include placeholder prompts as blockquotes","status":"passed","title":"should include placeholder prompts as blockquotes","duration":0.2826999999999771,"failureMessages":[],"meta":{}},{"ancestorTitles":["eventDocTemplate","generateEventDocContent"],"fullName":"eventDocTemplate generateEventDocContent should use experimental stability for custom events","status":"passed","title":"should use experimental stability for custom events","duration":0.47040000000004056,"failureMessages":[],"meta":{}},{"ancestorTitles":["eventDocTemplate","getDomainsFolderPath"],"fullName":"eventDocTemplate getDomainsFolderPath should return Domains subfolder path","status":"passed","title":"should return Domains subfolder path","duration":0.2769000000000119,"failureMessages":[],"meta":{}},{"ancestorTitles":["eventDocTemplate","getDomainsFolderPath"],"fullName":"eventDocTemplate getDomainsFolderPath should trim trailing slashes","status":"passed","title":"should trim trailing slashes","duration":0.14980000000002747,"failureMessages":[],"meta":{}},{"ancestorTitles":["eventDocTemplate","getServicesFolderPath"],"fullName":"eventDocTemplate getServicesFolderPath should return Services subfolder path","status":"passed","title":"should return Services subfolder path","duration":0.23529999999999518,"failureMessages":[],"meta":{}},{"ancestorTitles":["eventDocTemplate","getServicesFolderPath"],"fullName":"eventDocTemplate getServicesFolderPath should trim trailing slashes","status":"passed","title":"should trim trailing slashes","duration":0.17099999999999227,"failureMessages":[],"meta":{}},{"ancestorTitles":["eventDocTemplate","getCategoriesFolderPath"],"fullName":"eventDocTemplate getCategoriesFolderPath should return Categories subfolder path","status":"passed","title":"should return Categories subfolder path","duration":0.23340000000001737,"failureMessages":[],"meta":{}},{"ancestorTitles":["eventDocTemplate","getCategoriesFolderPath"],"fullName":"eventDocTemplate getCategoriesFolderPath should trim trailing slashes","status":"passed","title":"should trim trailing slashes","duration":0.13819999999998345,"failureMessages":[],"meta":{}},{"ancestorTitles":["eventDocTemplate","getSystemDocPath"],"fullName":"eventDocTemplate getSystemDocPath should combine root path with Systems subfolder","status":"passed","title":"should combine root path with Systems subfolder","duration":0.22870000000000346,"failureMessages":[],"meta":{}},{"ancestorTitles":["eventDocTemplate","getSystemDocPath"],"fullName":"eventDocTemplate getSystemDocPath should trim trailing slashes","status":"passed","title":"should trim trailing slashes","duration":0.17020000000002256,"failureMessages":[],"meta":{}},{"ancestorTitles":["eventDocTemplate","getSystemsFolderPath"],"fullName":"eventDocTemplate getSystemsFolderPath should return Systems subfolder path","status":"passed","title":"should return Systems subfolder path","duration":0.20890000000002829,"failureMessages":[],"meta":{}},{"ancestorTitles":["eventDocTemplate","getSystemsFolderPath"],"fullName":"eventDocTemplate getSystemsFolderPath should trim trailing slashes","status":"passed","title":"should trim trailing slashes","duration":0.1289000000000442,"failureMessages":[],"meta":{}},{"ancestorTitles":["eventDocTemplate","generateSystemDocContent"],"fullName":"eventDocTemplate generateSystemDocContent should include SystemDoc type in frontmatter","status":"passed","title":"should include SystemDoc type in frontmatter","duration":0.2388000000000261,"failureMessages":[],"meta":{}},{"ancestorTitles":["eventDocTemplate","generateSystemDocContent"],"fullName":"eventDocTemplate generateSystemDocContent should include system name in frontmatter","status":"passed","title":"should include system name in frontmatter","duration":0.1349999999999909,"failureMessages":[],"meta":{}},{"ancestorTitles":["eventDocTemplate","generateSystemDocContent"],"fullName":"eventDocTemplate generateSystemDocContent should include heading with system name","status":"passed","title":"should include heading with system name","duration":0.16509999999999536,"failureMessages":[],"meta":{}},{"ancestorTitles":["eventDocTemplate","generateSystemDocContent"],"fullName":"eventDocTemplate generateSystemDocContent should include overview section","status":"passed","title":"should include overview section","duration":0.13220000000001164,"failureMessages":[],"meta":{}},{"ancestorTitles":["eventDocTemplate","generateSystemDocContent"],"fullName":"eventDocTemplate generateSystemDocContent should include empty domains and services arrays","status":"passed","title":"should include empty domains and services arrays","duration":0.15100000000001046,"failureMessages":[],"meta":{}},{"ancestorTitles":["eventDocTemplate","getFlowDocPath"],"fullName":"eventDocTemplate getFlowDocPath should combine root path with Flows subfolder","status":"passed","title":"should combine root path with Flows subfolder","duration":0.23840000000001282,"failureMessages":[],"meta":{}},{"ancestorTitles":["eventDocTemplate","getFlowDocPath"],"fullName":"eventDocTemplate getFlowDocPath should trim trailing slashes","status":"passed","title":"should trim trailing slashes","duration":0.13229999999998654,"failureMessages":[],"meta":{}},{"ancestorTitles":["eventDocTemplate","getFlowsFolderPath"],"fullName":"eventDocTemplate getFlowsFolderPath should return Flows subfolder path","status":"passed","title":"should return Flows subfolder path","duration":0.19919999999996207,"failureMessages":[],"meta":{}},{"ancestorTitles":["eventDocTemplate","getFlowsFolderPath"],"fullName":"eventDocTemplate getFlowsFolderPath should trim trailing slashes","status":"passed","title":"should trim trailing slashes","duration":0.11070000000000846,"failureMessages":[],"meta":{}},{"ancestorTitles":["eventDocTemplate","generateFlowDocContent"],"fullName":"eventDocTemplate generateFlowDocContent should include FlowDoc type in frontmatter","status":"passed","title":"should include FlowDoc type in frontmatter","duration":0.18680000000000518,"failureMessages":[],"meta":{}},{"ancestorTitles":["eventDocTemplate","generateFlowDocContent"],"fullName":"eventDocTemplate generateFlowDocContent should include flow name in frontmatter","status":"passed","title":"should include flow name in frontmatter","duration":0.11070000000000846,"failureMessages":[],"meta":{}},{"ancestorTitles":["eventDocTemplate","generateFlowDocContent"],"fullName":"eventDocTemplate generateFlowDocContent should include heading with flow name","status":"passed","title":"should include heading with flow name","duration":0.12280000000004065,"failureMessages":[],"meta":{}},{"ancestorTitles":["eventDocTemplate","generateFlowDocContent"],"fullName":"eventDocTemplate generateFlowDocContent should include overview section","status":"passed","title":"should include overview section","duration":0.11480000000000246,"failureMessages":[],"meta":{}},{"ancestorTitles":["eventDocTemplate","generateFlowDocContent"],"fullName":"eventDocTemplate generateFlowDocContent should include empty events, domains and services arrays","status":"passed","title":"should include empty events, domains and services arrays","duration":0.17070000000001073,"failureMessages":[],"meta":{}},{"ancestorTitles":["eventDocTemplate","getActorDocPath"],"fullName":"eventDocTemplate getActorDocPath should combine root path with Actors subfolder","status":"passed","title":"should combine root path with Actors subfolder","duration":0.21920000000000073,"failureMessages":[],"meta":{}},{"ancestorTitles":["eventDocTemplate","getActorDocPath"],"fullName":"eventDocTemplate getActorDocPath should trim trailing slashes","status":"passed","title":"should trim trailing slashes","duration":0.1382000000000403,"failureMessages":[],"meta":{}},{"ancestorTitles":["eventDocTemplate","getActorsFolderPath"],"fullName":"eventDocTemplate getActorsFolderPath should return Actors subfolder path","status":"passed","title":"should return Actors subfolder path","duration":0.21240000000000236,"failureMessages":[],"meta":{}},{"ancestorTitles":["eventDocTemplate","getActorsFolderPath"],"fullName":"eventDocTemplate getActorsFolderPath should trim trailing slashes","status":"passed","title":"should trim trailing slashes","duration":0.1302000000000021,"failureMessages":[],"meta":{}},{"ancestorTitles":["eventDocTemplate","generateActorDocContent"],"fullName":"eventDocTemplate generateActorDocContent should include ActorDoc type in frontmatter","status":"passed","title":"should include ActorDoc type in frontmatter","duration":0.2536000000000058,"failureMessages":[],"meta":{}},{"ancestorTitles":["eventDocTemplate","generateActorDocContent"],"fullName":"eventDocTemplate generateActorDocContent should include actor name in frontmatter","status":"passed","title":"should include actor name in frontmatter","duration":0.1605000000000132,"failureMessages":[],"meta":{}},{"ancestorTitles":["eventDocTemplate","generateActorDocContent"],"fullName":"eventDocTemplate generateActorDocContent should include heading with actor name","status":"passed","title":"should include heading with actor name","duration":0.14650000000000318,"failureMessages":[],"meta":{}},{"ancestorTitles":["eventDocTemplate","generateActorDocContent"],"fullName":"eventDocTemplate generateActorDocContent should include overview section","status":"passed","title":"should include overview section","duration":0.1313000000000102,"failureMessages":[],"meta":{}},{"ancestorTitles":["eventDocTemplate","generateActorDocContent"],"fullName":"eventDocTemplate generateActorDocContent should include empty events, domains and services arrays","status":"passed","title":"should include empty events, domains and services arrays","duration":0.17039999999997235,"failureMessages":[],"meta":{}},{"ancestorTitles":["eventDocTemplate","resolveEntityPath"],"fullName":"eventDocTemplate resolveEntityPath should use docsRootPath + subfolder when overridePath is empty","status":"passed","title":"should use docsRootPath + subfolder when overridePath is empty","duration":2.8355000000000246,"failureMessages":[],"meta":{}},{"ancestorTitles":["eventDocTemplate","resolveEntityPath"],"fullName":"eventDocTemplate resolveEntityPath should use overridePath when set","status":"passed","title":"should use overridePath when set","duration":0.16430000000002565,"failureMessages":[],"meta":{}},{"ancestorTitles":["eventDocTemplate","resolveEntityPath"],"fullName":"eventDocTemplate resolveEntityPath should trim trailing slashes from override","status":"passed","title":"should trim trailing slashes from override","duration":0.1280999999999608,"failureMessages":[],"meta":{}},{"ancestorTitles":["eventDocTemplate","resolveEntityPath"],"fullName":"eventDocTemplate resolveEntityPath should trim trailing slashes from root path","status":"passed","title":"should trim trailing slashes from root path","duration":0.11669999999998026,"failureMessages":[],"meta":{}},{"ancestorTitles":["eventDocTemplate","resolveEntityPath"],"fullName":"eventDocTemplate resolveEntityPath should ignore whitespace-only overridePath","status":"passed","title":"should ignore whitespace-only overridePath","duration":0.11580000000003565,"failureMessages":[],"meta":{}},{"ancestorTitles":["eventDocTemplate","resolved path functions"],"fullName":"eventDocTemplate resolved path functions getEventDocPathResolved","status":"passed","title":"getEventDocPathResolved","duration":0.21179999999998245,"failureMessages":[],"meta":{}},{"ancestorTitles":["eventDocTemplate","resolved path functions"],"fullName":"eventDocTemplate resolved path functions getDomainDocPathResolved","status":"passed","title":"getDomainDocPathResolved","duration":0.184599999999989,"failureMessages":[],"meta":{}},{"ancestorTitles":["eventDocTemplate","resolved path functions"],"fullName":"eventDocTemplate resolved path functions getArchitectureDocPathResolved","status":"passed","title":"getArchitectureDocPathResolved","duration":0.17380000000002838,"failureMessages":[],"meta":{}},{"ancestorTitles":["eventDocTemplate","resolved path functions"],"fullName":"eventDocTemplate resolved path functions getServiceDocPathResolved","status":"passed","title":"getServiceDocPathResolved","duration":0.17279999999999518,"failureMessages":[],"meta":{}},{"ancestorTitles":["eventDocTemplate","resolved path functions"],"fullName":"eventDocTemplate resolved path functions getServiceBlueprintPathResolved","status":"passed","title":"getServiceBlueprintPathResolved","duration":0.21420000000000528,"failureMessages":[],"meta":{}},{"ancestorTitles":["eventDocTemplate","resolved path functions"],"fullName":"eventDocTemplate resolved path functions getCategoryDocPathResolved","status":"passed","title":"getCategoryDocPathResolved","duration":0.24360000000001492,"failureMessages":[],"meta":{}},{"ancestorTitles":["eventDocTemplate","resolved path functions"],"fullName":"eventDocTemplate resolved path functions getFlowDocPathResolved","status":"passed","title":"getFlowDocPathResolved","duration":0.182200000000023,"failureMessages":[],"meta":{}},{"ancestorTitles":["eventDocTemplate","resolved path functions"],"fullName":"eventDocTemplate resolved path functions getSystemDocPathResolved","status":"passed","title":"getSystemDocPathResolved","duration":0.16370000000000573,"failureMessages":[],"meta":{}},{"ancestorTitles":["eventDocTemplate","resolved path functions"],"fullName":"eventDocTemplate resolved path functions getActorDocPathResolved","status":"passed","title":"getActorDocPathResolved","duration":0.1967000000000212,"failureMessages":[],"meta":{}},{"ancestorTitles":["eventDocTemplate","resolved path functions"],"fullName":"eventDocTemplate resolved path functions should trim trailing slashes from folder","status":"passed","title":"should trim trailing slashes from folder","duration":0.1320999999999799,"failureMessages":[],"meta":{}}],"startTime":1771095989736,"endTime":1771095989757.132,"status":"passed","message":"","name":"C:/Projects/flowti/Development/flowti/tests/ui/eventDocTemplate.test.ts"},{"assertionResults":[{"ancestorTitles":["EventLogView behavior","wildcard subscription"],"fullName":"EventLogView behavior wildcard subscription should receive events via wildcard listener","status":"passed","title":"should receive events via wildcard listener","duration":4.4553999999999405,"failureMessages":[],"meta":{}},{"ancestorTitles":["EventLogView behavior","wildcard subscription"],"fullName":"EventLogView behavior wildcard subscription should allow filtering out log.* events","status":"passed","title":"should allow filtering out log.* events","duration":0.4892000000000962,"failureMessages":[],"meta":{}},{"ancestorTitles":["EventLogView behavior","unsubscribe on close"],"fullName":"EventLogView behavior unsubscribe on close should stop receiving events after unsubscribe","status":"passed","title":"should stop receiving events after unsubscribe","duration":1.8079999999999927,"failureMessages":[],"meta":{}},{"ancestorTitles":["EventLogView behavior","circular buffer behavior"],"fullName":"EventLogView behavior circular buffer behavior should cap events at MAX_ENTRIES","status":"passed","title":"should cap events at MAX_ENTRIES","duration":2.6946000000000367,"failureMessages":[],"meta":{}},{"ancestorTitles":["EventLogView behavior","pause behavior"],"fullName":"EventLogView behavior pause behavior should skip events when paused","status":"passed","title":"should skip events when paused","duration":0.7178000000000111,"failureMessages":[],"meta":{}},{"ancestorTitles":["EventLogView behavior","hidden category filtering"],"fullName":"EventLogView behavior hidden category filtering should skip events from hidden categories","status":"passed","title":"should skip events from hidden categories","duration":0.5459000000000742,"failureMessages":[],"meta":{}},{"ancestorTitles":["EventLogView behavior","hidden category filtering"],"fullName":"EventLogView behavior hidden category filtering should pass events from visible categories","status":"passed","title":"should pass events from visible categories","duration":0.36360000000001946,"failureMessages":[],"meta":{}},{"ancestorTitles":["EventLogView behavior","status class resolution"],"fullName":"EventLogView behavior status class resolution should return 'success' for completed events","status":"passed","title":"should return 'success' for completed events","duration":0.34180000000003474,"failureMessages":[],"meta":{}},{"ancestorTitles":["EventLogView behavior","status class resolution"],"fullName":"EventLogView behavior status class resolution should return 'success' for created events","status":"passed","title":"should return 'success' for created events","duration":0.21600000000000819,"failureMessages":[],"meta":{}},{"ancestorTitles":["EventLogView behavior","status class resolution"],"fullName":"EventLogView behavior status class resolution should return 'success' for loaded events","status":"passed","title":"should return 'success' for loaded events","duration":0.21320000000002892,"failureMessages":[],"meta":{}},{"ancestorTitles":["EventLogView behavior","status class resolution"],"fullName":"EventLogView behavior status class resolution should return 'success' for matched events","status":"passed","title":"should return 'success' for matched events","duration":0.1895999999999276,"failureMessages":[],"meta":{}},{"ancestorTitles":["EventLogView behavior","status class resolution"],"fullName":"EventLogView behavior status class resolution should return 'error' for failed events","status":"passed","title":"should return 'error' for failed events","duration":0.16259999999999764,"failureMessages":[],"meta":{}},{"ancestorTitles":["EventLogView behavior","status class resolution"],"fullName":"EventLogView behavior status class resolution should return 'error' for error.* events","status":"passed","title":"should return 'error' for error.* events","duration":0.19429999999999836,"failureMessages":[],"meta":{}},{"ancestorTitles":["EventLogView behavior","status class resolution"],"fullName":"EventLogView behavior status class resolution should return 'info' for started events","status":"passed","title":"should return 'info' for started events","duration":0.16420000000005075,"failureMessages":[],"meta":{}},{"ancestorTitles":["EventLogView behavior","status class resolution"],"fullName":"EventLogView behavior status class resolution should return 'info' for queued events","status":"passed","title":"should return 'info' for queued events","duration":0.1290000000000191,"failureMessages":[],"meta":{}},{"ancestorTitles":["EventLogView behavior","status class resolution"],"fullName":"EventLogView behavior status class resolution should return 'neutral' for other events","status":"passed","title":"should return 'neutral' for other events","duration":0.1938000000000102,"failureMessages":[],"meta":{}},{"ancestorTitles":["EventLogView behavior","context line extraction"],"fullName":"EventLogView behavior context line extraction should extract subscription label from subscription.matched","status":"passed","title":"should extract subscription label from subscription.matched","duration":0.2658000000000129,"failureMessages":[],"meta":{}},{"ancestorTitles":["EventLogView behavior","context line extraction"],"fullName":"EventLogView behavior context line extraction should fall back to eventType when subscriptionLabel is missing","status":"passed","title":"should fall back to eventType when subscriptionLabel is missing","duration":0.16219999999998436,"failureMessages":[],"meta":{}},{"ancestorTitles":["EventLogView behavior","context line extraction"],"fullName":"EventLogView behavior context line extraction should extract file path from ingestion.job.completed","status":"passed","title":"should extract file path from ingestion.job.completed","duration":0.15670000000000073,"failureMessages":[],"meta":{}},{"ancestorTitles":["EventLogView behavior","context line extraction"],"fullName":"EventLogView behavior context line extraction should extract error from ingestion.job.failed","status":"passed","title":"should extract error from ingestion.job.failed","duration":0.1511000000000422,"failureMessages":[],"meta":{}},{"ancestorTitles":["EventLogView behavior","context line extraction"],"fullName":"EventLogView behavior context line extraction should extract domainEventName from eventDefinition.matched","status":"passed","title":"should extract domainEventName from eventDefinition.matched","duration":0.14049999999997453,"failureMessages":[],"meta":{}},{"ancestorTitles":["EventLogView behavior","context line extraction"],"fullName":"EventLogView behavior context line extraction should return null for events without enrichment","status":"passed","title":"should return null for events without enrichment","duration":0.16869999999994434,"failureMessages":[],"meta":{}},{"ancestorTitles":["EventLogView behavior","subscribed mode filtering"],"fullName":"EventLogView behavior subscribed mode filtering should filter to notified types only in subscribed mode","status":"passed","title":"should filter to notified types only in subscribed mode","duration":0.25699999999994816,"failureMessages":[],"meta":{}},{"ancestorTitles":["EventLogView behavior","subscribed mode filtering"],"fullName":"EventLogView behavior subscribed mode filtering should show all events in 'all' mode","status":"passed","title":"should show all events in 'all' mode","duration":0.21899999999993724,"failureMessages":[],"meta":{}},{"ancestorTitles":["EventLogView behavior","subscribed mode filtering"],"fullName":"EventLogView behavior subscribed mode filtering should return empty when no events are subscribed","status":"passed","title":"should return empty when no events are subscribed","duration":0.24620000000004438,"failureMessages":[],"meta":{}}],"startTime":1771095990165,"endTime":1771095990181.246,"status":"passed","message":"","name":"C:/Projects/flowti/Development/flowti/tests/ui/EventLogView.test.ts"},{"assertionResults":[{"ancestorTitles":["ExportView helpers","getFilePropertyLabel"],"fullName":"ExportView helpers getFilePropertyLabel should return label for known file properties","status":"passed","title":"should return label for known file properties","duration":1.994100000000003,"failureMessages":[],"meta":{}},{"ancestorTitles":["ExportView helpers","getFilePropertyLabel"],"fullName":"ExportView helpers getFilePropertyLabel should strip file. prefix for unknown properties","status":"passed","title":"should strip file. prefix for unknown properties","duration":0.4771000000000072,"failureMessages":[],"meta":{}},{"ancestorTitles":["ExportView helpers","resolveFileProperty"],"fullName":"ExportView helpers resolveFileProperty should resolve file.name to basename","status":"passed","title":"should resolve file.name to basename","duration":0.30469999999996844,"failureMessages":[],"meta":{}},{"ancestorTitles":["ExportView helpers","resolveFileProperty"],"fullName":"ExportView helpers resolveFileProperty should resolve file.basename to basename","status":"passed","title":"should resolve file.basename to basename","duration":0.16170000000005302,"failureMessages":[],"meta":{}},{"ancestorTitles":["ExportView helpers","resolveFileProperty"],"fullName":"ExportView helpers resolveFileProperty should resolve file.fullname to basename.extension","status":"passed","title":"should resolve file.fullname to basename.extension","duration":0.1413000000000011,"failureMessages":[],"meta":{}},{"ancestorTitles":["ExportView helpers","resolveFileProperty"],"fullName":"ExportView helpers resolveFileProperty should resolve file.path to full path","status":"passed","title":"should resolve file.path to full path","duration":0.1302000000000021,"failureMessages":[],"meta":{}},{"ancestorTitles":["ExportView helpers","resolveFileProperty"],"fullName":"ExportView helpers resolveFileProperty should resolve file.folder to folder","status":"passed","title":"should resolve file.folder to folder","duration":0.12719999999995935,"failureMessages":[],"meta":{}},{"ancestorTitles":["ExportView helpers","resolveFileProperty"],"fullName":"ExportView helpers resolveFileProperty should resolve file.ext to extension","status":"passed","title":"should resolve file.ext to extension","duration":0.17000000000001592,"failureMessages":[],"meta":{}},{"ancestorTitles":["ExportView helpers","resolveFileProperty"],"fullName":"ExportView helpers resolveFileProperty should resolve file.ctime to ISO string","status":"passed","title":"should resolve file.ctime to ISO string","duration":1.3832000000000448,"failureMessages":[],"meta":{}},{"ancestorTitles":["ExportView helpers","resolveFileProperty"],"fullName":"ExportView helpers resolveFileProperty should resolve file.mtime to ISO string","status":"passed","title":"should resolve file.mtime to ISO string","duration":0.3019999999999641,"failureMessages":[],"meta":{}},{"ancestorTitles":["ExportView helpers","resolveFileProperty"],"fullName":"ExportView helpers resolveFileProperty should resolve file.size to string number","status":"passed","title":"should resolve file.size to string number","duration":0.220799999999997,"failureMessages":[],"meta":{}},{"ancestorTitles":["ExportView helpers","resolveFileProperty"],"fullName":"ExportView helpers resolveFileProperty should resolve file.tags to comma-separated string","status":"passed","title":"should resolve file.tags to comma-separated string","duration":0.18080000000003338,"failureMessages":[],"meta":{}},{"ancestorTitles":["ExportView helpers","resolveFileProperty"],"fullName":"ExportView helpers resolveFileProperty should return empty string for unknown property","status":"passed","title":"should return empty string for unknown property","duration":0.16590000000002192,"failureMessages":[],"meta":{}},{"ancestorTitles":["ExportView helpers","resolveFileProperty"],"fullName":"ExportView helpers resolveFileProperty should handle missing stat gracefully","status":"passed","title":"should handle missing stat gracefully","duration":0.20580000000001064,"failureMessages":[],"meta":{}},{"ancestorTitles":["ExportView helpers","resolveFileProperty"],"fullName":"ExportView helpers resolveFileProperty should handle missing tags gracefully","status":"passed","title":"should handle missing tags gracefully","duration":0.2115000000000009,"failureMessages":[],"meta":{}},{"ancestorTitles":["ExportView helpers","getFilenameFromPath"],"fullName":"ExportView helpers getFilenameFromPath should extract filename from forward-slash path","status":"passed","title":"should extract filename from forward-slash path","duration":0.28139999999996235,"failureMessages":[],"meta":{}},{"ancestorTitles":["ExportView helpers","getFilenameFromPath"],"fullName":"ExportView helpers getFilenameFromPath should extract filename from backslash path","status":"passed","title":"should extract filename from backslash path","duration":0.1560999999999808,"failureMessages":[],"meta":{}},{"ancestorTitles":["ExportView helpers","getFilenameFromPath"],"fullName":"ExportView helpers getFilenameFromPath should return filename when no slashes","status":"passed","title":"should return filename when no slashes","duration":0.17360000000002174,"failureMessages":[],"meta":{}},{"ancestorTitles":["ExportView helpers","getFilenameFromPath"],"fullName":"ExportView helpers getFilenameFromPath should handle empty string","status":"passed","title":"should handle empty string","duration":0.13179999999999836,"failureMessages":[],"meta":{}},{"ancestorTitles":["ExportView helpers","getOutputFolder"],"fullName":"ExportView helpers getOutputFolder should return folder portion of path","status":"passed","title":"should return folder portion of path","duration":0.1782000000000039,"failureMessages":[],"meta":{}},{"ancestorTitles":["ExportView helpers","getOutputFolder"],"fullName":"ExportView helpers getOutputFolder should normalize backslashes","status":"passed","title":"should normalize backslashes","duration":0.17559999999997444,"failureMessages":[],"meta":{}},{"ancestorTitles":["ExportView helpers","getOutputFolder"],"fullName":"ExportView helpers getOutputFolder should return empty string for filename-only path","status":"passed","title":"should return empty string for filename-only path","duration":0.14400000000000546,"failureMessages":[],"meta":{}},{"ancestorTitles":["ExportView helpers","getOutputFilename"],"fullName":"ExportView helpers getOutputFilename should extract filename from path","status":"passed","title":"should extract filename from path","duration":0.3482000000000198,"failureMessages":[],"meta":{}},{"ancestorTitles":["ExportView helpers","getOutputFilename"],"fullName":"ExportView helpers getOutputFilename should return full string when no slashes","status":"passed","title":"should return full string when no slashes","duration":0.19310000000001537,"failureMessages":[],"meta":{}},{"ancestorTitles":["ExportView helpers","buildOutputPath"],"fullName":"ExportView helpers buildOutputPath should combine folder and filename","status":"passed","title":"should combine folder and filename","duration":0.223700000000008,"failureMessages":[],"meta":{}},{"ancestorTitles":["ExportView helpers","buildOutputPath"],"fullName":"ExportView helpers buildOutputPath should return filename-only when folder is empty","status":"passed","title":"should return filename-only when folder is empty","duration":0.171100000000024,"failureMessages":[],"meta":{}},{"ancestorTitles":["ExportView helpers","swapOutputExtension"],"fullName":"ExportView helpers swapOutputExtension should swap .csv to .txt when changing to tab format","status":"passed","title":"should swap .csv to .txt when changing to tab format","duration":0.34260000000000446,"failureMessages":[],"meta":{}},{"ancestorTitles":["ExportView helpers","swapOutputExtension"],"fullName":"ExportView helpers swapOutputExtension should swap .txt to .csv when changing to csv format","status":"passed","title":"should swap .txt to .csv when changing to csv format","duration":0.21760000000000446,"failureMessages":[],"meta":{}},{"ancestorTitles":["ExportView helpers","swapOutputExtension"],"fullName":"ExportView helpers swapOutputExtension should not change when formats are the same","status":"passed","title":"should not change when formats are the same","duration":0.14260000000001583,"failureMessages":[],"meta":{}},{"ancestorTitles":["ExportView helpers","swapOutputExtension"],"fullName":"ExportView helpers swapOutputExtension should not change when extension doesn't match old format","status":"passed","title":"should not change when extension doesn't match old format","duration":0.154200000000003,"failureMessages":[],"meta":{}},{"ancestorTitles":["ExportView helpers","swapOutputExtension"],"fullName":"ExportView helpers swapOutputExtension should handle filename-only paths","status":"passed","title":"should handle filename-only paths","duration":0.22729999999995698,"failureMessages":[],"meta":{}},{"ancestorTitles":["ExportView helpers","swapOutputExtension"],"fullName":"ExportView helpers swapOutputExtension should handle deep nested paths","status":"passed","title":"should handle deep nested paths","duration":0.1383000000000152,"failureMessages":[],"meta":{}},{"ancestorTitles":["ExportView helpers","state defaults"],"fullName":"ExportView helpers state defaults should default to csv format","status":"passed","title":"should default to csv format","duration":0.1413000000000011,"failureMessages":[],"meta":{}},{"ancestorTitles":["ExportView helpers","state defaults"],"fullName":"ExportView helpers state defaults should default to overwrite conflict strategy","status":"passed","title":"should default to overwrite conflict strategy","duration":0.12349999999997863,"failureMessages":[],"meta":{}},{"ancestorTitles":["ExportView helpers","state defaults"],"fullName":"ExportView helpers state defaults should default to file.name as selected file property","status":"passed","title":"should default to file.name as selected file property","duration":1.2455999999999676,"failureMessages":[],"meta":{}},{"ancestorTitles":["ExportView helpers","state defaults"],"fullName":"ExportView helpers state defaults should start on configure page","status":"passed","title":"should start on configure page","duration":0.18200000000001637,"failureMessages":[],"meta":{}},{"ancestorTitles":["ExportView helpers","hasUnsavedChanges logic"],"fullName":"ExportView helpers hasUnsavedChanges logic should detect format change","status":"passed","title":"should detect format change","duration":0.16460000000000719,"failureMessages":[],"meta":{}},{"ancestorTitles":["ExportView helpers","hasUnsavedChanges logic"],"fullName":"ExportView helpers hasUnsavedChanges logic should detect output path change","status":"passed","title":"should detect output path change","duration":0.1484999999999559,"failureMessages":[],"meta":{}},{"ancestorTitles":["ExportView helpers","hasUnsavedChanges logic"],"fullName":"ExportView helpers hasUnsavedChanges logic should detect column selection change","status":"passed","title":"should detect column selection change","duration":0.1360000000000241,"failureMessages":[],"meta":{}},{"ancestorTitles":["ExportView helpers","hasUnsavedChanges logic"],"fullName":"ExportView helpers hasUnsavedChanges logic should detect no change when configs match","status":"passed","title":"should detect no change when configs match","duration":0.13630000000000564,"failureMessages":[],"meta":{}}],"startTime":1771095990206,"endTime":1771095990219.1362,"status":"passed","message":"","name":"C:/Projects/flowti/Development/flowti/tests/ui/ExportView.test.ts"},{"assertionResults":[{"ancestorTitles":["IngestionStatusBar"],"fullName":"IngestionStatusBar should render idle by default after register","status":"passed","title":"should render idle by default after register","duration":1.509299999999996,"failureMessages":[],"meta":{}},{"ancestorTitles":["IngestionStatusBar"],"fullName":"IngestionStatusBar should update on batch started","status":"passed","title":"should update on batch started","duration":0.9950999999999794,"failureMessages":[],"meta":{}},{"ancestorTitles":["IngestionStatusBar"],"fullName":"IngestionStatusBar should update on batch completed","status":"passed","title":"should update on batch completed","duration":0.17289999999997008,"failureMessages":[],"meta":{}},{"ancestorTitles":["IngestionStatusBar"],"fullName":"IngestionStatusBar should show scanning state on catchup","status":"passed","title":"should show scanning state on catchup","duration":0.14449999999999363,"failureMessages":[],"meta":{}},{"ancestorTitles":["IngestionStatusBar"],"fullName":"IngestionStatusBar should return to idle after catchup completed","status":"passed","title":"should return to idle after catchup completed","duration":0.17970000000002528,"failureMessages":[],"meta":{}},{"ancestorTitles":["IngestionStatusBar"],"fullName":"IngestionStatusBar should update stats from ingestion.stats","status":"passed","title":"should update stats from ingestion.stats","duration":0.1934999999999718,"failureMessages":[],"meta":{}},{"ancestorTitles":["IngestionStatusBar"],"fullName":"IngestionStatusBar should stop updating after dispose","status":"passed","title":"should stop updating after dispose","duration":0.17389999999994643,"failureMessages":[],"meta":{}}],"startTime":1771095990525,"endTime":1771095990528.1936,"status":"passed","message":"","name":"C:/Projects/flowti/Development/flowti/tests/ui/IngestionStatusBar.test.ts"},{"assertionResults":[{"ancestorTitles":["matchGlob","exact match"],"fullName":"matchGlob exact match should match an exact string","status":"passed","title":"should match an exact string","duration":1.890199999999993,"failureMessages":[],"meta":{}},{"ancestorTitles":["matchGlob","exact match"],"fullName":"matchGlob exact match should not match different strings","status":"passed","title":"should not match different strings","duration":0.2899999999999636,"failureMessages":[],"meta":{}},{"ancestorTitles":["matchGlob","single star (*)"],"fullName":"matchGlob single star (*) should match any characters within a segment","status":"passed","title":"should match any characters within a segment","duration":0.2968999999999937,"failureMessages":[],"meta":{}},{"ancestorTitles":["matchGlob","single star (*)"],"fullName":"matchGlob single star (*) should not match across path separators","status":"passed","title":"should not match across path separators","duration":0.21280000000001564,"failureMessages":[],"meta":{}},{"ancestorTitles":["matchGlob","single star (*)"],"fullName":"matchGlob single star (*) should match with prefix","status":"passed","title":"should match with prefix","duration":0.2600999999999658,"failureMessages":[],"meta":{}},{"ancestorTitles":["matchGlob","double star (**)"],"fullName":"matchGlob double star (**) should match across path separators","status":"passed","title":"should match across path separators","duration":0.28649999999998954,"failureMessages":[],"meta":{}},{"ancestorTitles":["matchGlob","double star (**)"],"fullName":"matchGlob double star (**) should match deeply nested paths","status":"passed","title":"should match deeply nested paths","duration":0.1712999999999738,"failureMessages":[],"meta":{}},{"ancestorTitles":["matchGlob","double star (**)"],"fullName":"matchGlob double star (**) should match at the root level too","status":"passed","title":"should match at the root level too","duration":0.1414999999999509,"failureMessages":[],"meta":{}},{"ancestorTitles":["matchGlob","question mark (?)"],"fullName":"matchGlob question mark (?) should match a single character","status":"passed","title":"should match a single character","duration":0.23010000000004993,"failureMessages":[],"meta":{}},{"ancestorTitles":["matchGlob","question mark (?)"],"fullName":"matchGlob question mark (?) should not match zero or multiple characters","status":"passed","title":"should not match zero or multiple characters","duration":0.1693000000000211,"failureMessages":[],"meta":{}},{"ancestorTitles":["matchGlob","regex special characters"],"fullName":"matchGlob regex special characters should handle dots in patterns","status":"passed","title":"should handle dots in patterns","duration":0.18610000000001037,"failureMessages":[],"meta":{}},{"ancestorTitles":["matchGlob","regex special characters"],"fullName":"matchGlob regex special characters should handle parentheses","status":"passed","title":"should handle parentheses","duration":0.14809999999999945,"failureMessages":[],"meta":{}},{"ancestorTitles":["matchGlob","regex special characters"],"fullName":"matchGlob regex special characters should handle brackets","status":"passed","title":"should handle brackets","duration":0.1611000000000331,"failureMessages":[],"meta":{}},{"ancestorTitles":["matchGlob","path patterns"],"fullName":"matchGlob path patterns should match a specific folder prefix","status":"passed","title":"should match a specific folder prefix","duration":0.276299999999992,"failureMessages":[],"meta":{}},{"ancestorTitles":["matchGlob","path patterns"],"fullName":"matchGlob path patterns should match empty path segments with **","status":"passed","title":"should match empty path segments with **","duration":0.28199999999998226,"failureMessages":[],"meta":{}}],"startTime":1771095990432,"endTime":1771095990437.282,"status":"passed","message":"","name":"C:/Projects/flowti/Development/flowti/tests/utils/glob.test.ts"},{"assertionResults":[{"ancestorTitles":["generateUUID"],"fullName":"generateUUID should generate a valid UUID v4 string","status":"passed","title":"should generate a valid UUID v4 string","duration":5.2494000000000085,"failureMessages":[],"meta":{}},{"ancestorTitles":["generateUUID"],"fullName":"generateUUID should generate unique UUIDs","status":"passed","title":"should generate unique UUIDs","duration":0.40980000000001837,"failureMessages":[],"meta":{}}],"startTime":1771095990490,"endTime":1771095990495.41,"status":"passed","message":"","name":"C:/Projects/flowti/Development/flowti/tests/utils/helpers.test.ts"},{"assertionResults":[{"ancestorTitles":["BaseQueryEngine","parseFilterExpression"],"fullName":"BaseQueryEngine parseFilterExpression should parse file.inFolder expression","status":"passed","title":"should parse file.inFolder expression","duration":2.967399999999998,"failureMessages":[],"meta":{}},{"ancestorTitles":["BaseQueryEngine","parseFilterExpression"],"fullName":"BaseQueryEngine parseFilterExpression should parse file.folder.contains expression","status":"passed","title":"should parse file.folder.contains expression","duration":0.7135000000000105,"failureMessages":[],"meta":{}},{"ancestorTitles":["BaseQueryEngine","parseFilterExpression"],"fullName":"BaseQueryEngine parseFilterExpression should parse file.folder.containsAny expression","status":"passed","title":"should parse file.folder.containsAny expression","duration":0.3805999999999585,"failureMessages":[],"meta":{}},{"ancestorTitles":["BaseQueryEngine","parseFilterExpression"],"fullName":"BaseQueryEngine parseFilterExpression should parse file.ext == expression","status":"passed","title":"should parse file.ext == expression","duration":0.369700000000023,"failureMessages":[],"meta":{}},{"ancestorTitles":["BaseQueryEngine","parseFilterExpression"],"fullName":"BaseQueryEngine parseFilterExpression should parse file.name.contains expression","status":"passed","title":"should parse file.name.contains expression","duration":0.34550000000001546,"failureMessages":[],"meta":{}},{"ancestorTitles":["BaseQueryEngine","parseFilterExpression"],"fullName":"BaseQueryEngine parseFilterExpression should parse frontmatter property == expression","status":"passed","title":"should parse frontmatter property == expression","duration":0.34609999999997854,"failureMessages":[],"meta":{}},{"ancestorTitles":["BaseQueryEngine","parseFilterExpression"],"fullName":"BaseQueryEngine parseFilterExpression should parse negated expression","status":"passed","title":"should parse negated expression","duration":0.22919999999999163,"failureMessages":[],"meta":{}},{"ancestorTitles":["BaseQueryEngine","parseFilterExpression"],"fullName":"BaseQueryEngine parseFilterExpression should handle quoted expressions (single quotes wrapping)","status":"passed","title":"should handle quoted expressions (single quotes wrapping)","duration":0.2547999999999888,"failureMessages":[],"meta":{}},{"ancestorTitles":["BaseQueryEngine","evaluateFilters"],"fullName":"BaseQueryEngine evaluateFilters should filter by inFolder (AND)","status":"passed","title":"should filter by inFolder (AND)","duration":1.6441000000000372,"failureMessages":[],"meta":{}},{"ancestorTitles":["BaseQueryEngine","evaluateFilters"],"fullName":"BaseQueryEngine evaluateFilters should filter by folderContains","status":"passed","title":"should filter by folderContains","duration":0.33749999999997726,"failureMessages":[],"meta":{}},{"ancestorTitles":["BaseQueryEngine","evaluateFilters"],"fullName":"BaseQueryEngine evaluateFilters should filter by extension","status":"passed","title":"should filter by extension","duration":0.19790000000000418,"failureMessages":[],"meta":{}},{"ancestorTitles":["BaseQueryEngine","evaluateFilters"],"fullName":"BaseQueryEngine evaluateFilters should filter by frontmatter property","status":"passed","title":"should filter by frontmatter property","duration":0.20139999999997826,"failureMessages":[],"meta":{}},{"ancestorTitles":["BaseQueryEngine","evaluateFilters"],"fullName":"BaseQueryEngine evaluateFilters should apply AND logic (all must match)","status":"passed","title":"should apply AND logic (all must match)","duration":0.18020000000001346,"failureMessages":[],"meta":{}},{"ancestorTitles":["BaseQueryEngine","evaluateFilters"],"fullName":"BaseQueryEngine evaluateFilters should apply OR logic (any can match)","status":"passed","title":"should apply OR logic (any can match)","duration":0.21810000000004948,"failureMessages":[],"meta":{}},{"ancestorTitles":["BaseQueryEngine","evaluateFilters"],"fullName":"BaseQueryEngine evaluateFilters should apply negation","status":"passed","title":"should apply negation","duration":0.24169999999998026,"failureMessages":[],"meta":{}},{"ancestorTitles":["BaseQueryEngine","evaluateFilters"],"fullName":"BaseQueryEngine evaluateFilters should handle nameContains filter","status":"passed","title":"should handle nameContains filter","duration":0.24939999999998008,"failureMessages":[],"meta":{}},{"ancestorTitles":["BaseQueryEngine","parseBaseFile"],"fullName":"BaseQueryEngine parseBaseFile should parse a base file with global filters and views","status":"passed","title":"should parse a base file with global filters and views","duration":12.651599999999974,"failureMessages":[],"meta":{}},{"ancestorTitles":["BaseQueryEngine","parseBaseFile"],"fullName":"BaseQueryEngine parseBaseFile should parse a base file with view-level filters","status":"passed","title":"should parse a base file with view-level filters","duration":1.4814000000000078,"failureMessages":[],"meta":{}},{"ancestorTitles":["BaseQueryEngine","parseBaseFile"],"fullName":"BaseQueryEngine parseBaseFile should parse a base file with multiple views","status":"passed","title":"should parse a base file with multiple views","duration":2.164700000000039,"failureMessages":[],"meta":{}},{"ancestorTitles":["BaseQueryEngine","parseBaseFile"],"fullName":"BaseQueryEngine parseBaseFile should handle empty base file","status":"passed","title":"should handle empty base file","duration":0.29879999999997153,"failureMessages":[],"meta":{}},{"ancestorTitles":["BaseQueryEngine","parseBaseFile"],"fullName":"BaseQueryEngine parseBaseFile should parse properties section with displayName","status":"passed","title":"should parse properties section with displayName","duration":2.2860000000000014,"failureMessages":[],"meta":{}},{"ancestorTitles":["BaseQueryEngine","parseBaseFile"],"fullName":"BaseQueryEngine parseBaseFile should return undefined properties when none defined","status":"passed","title":"should return undefined properties when none defined","duration":0.7035999999999945,"failureMessages":[],"meta":{}},{"ancestorTitles":["BaseQueryEngine","parseBaseFile"],"fullName":"BaseQueryEngine parseBaseFile should parse formulas section","status":"passed","title":"should parse formulas section","duration":0.8355000000000246,"failureMessages":[],"meta":{}},{"ancestorTitles":["BaseQueryEngine","parseBaseFile"],"fullName":"BaseQueryEngine parseBaseFile should return undefined formulas when none defined","status":"passed","title":"should return undefined formulas when none defined","duration":0.37309999999996535,"failureMessages":[],"meta":{}},{"ancestorTitles":["BaseQueryEngine","resolveView"],"fullName":"BaseQueryEngine resolveView should apply global and view-level filters","status":"passed","title":"should apply global and view-level filters","duration":0.9511999999999716,"failureMessages":[],"meta":{}},{"ancestorTitles":["BaseQueryEngine","resolveView"],"fullName":"BaseQueryEngine resolveView should return all files when no filters exist","status":"passed","title":"should return all files when no filters exist","duration":0.7794000000000096,"failureMessages":[],"meta":{}}],"startTime":1771095988596,"endTime":1771095988627.7793,"status":"passed","message":"","name":"C:/Projects/flowti/Development/flowti/tests/domain/dataExchange/BaseQueryEngine.test.ts"},{"assertionResults":[{"ancestorTitles":["CsvParser","parse"],"fullName":"CsvParser parse should parse simple CSV with headers","status":"passed","title":"should parse simple CSV with headers","duration":6.107899999999972,"failureMessages":[],"meta":{}},{"ancestorTitles":["CsvParser","parse"],"fullName":"CsvParser parse should handle quoted fields with commas","status":"passed","title":"should handle quoted fields with commas","duration":0.7596999999999525,"failureMessages":[],"meta":{}},{"ancestorTitles":["CsvParser","parse"],"fullName":"CsvParser parse should handle empty fields","status":"passed","title":"should handle empty fields","duration":0.4364999999999668,"failureMessages":[],"meta":{}},{"ancestorTitles":["CsvParser","parse"],"fullName":"CsvParser parse should skip empty lines","status":"passed","title":"should skip empty lines","duration":0.45760000000001355,"failureMessages":[],"meta":{}},{"ancestorTitles":["CsvParser","parse"],"fullName":"CsvParser parse should handle BOM prefix","status":"passed","title":"should handle BOM prefix","duration":0.3842999999999961,"failureMessages":[],"meta":{}},{"ancestorTitles":["CsvParser","parse"],"fullName":"CsvParser parse should handle tab-delimited content","status":"passed","title":"should handle tab-delimited content","duration":0.2968000000000188,"failureMessages":[],"meta":{}},{"ancestorTitles":["CsvParser","parse"],"fullName":"CsvParser parse should return empty result for empty content","status":"passed","title":"should return empty result for empty content","duration":0.35710000000000264,"failureMessages":[],"meta":{}},{"ancestorTitles":["CsvParser","parse"],"fullName":"CsvParser parse should generate column names when hasHeader is false","status":"passed","title":"should generate column names when hasHeader is false","duration":0.3994999999999891,"failureMessages":[],"meta":{}},{"ancestorTitles":["CsvParser","parse"],"fullName":"CsvParser parse should return headers only when CSV has no data rows","status":"passed","title":"should return headers only when CSV has no data rows","duration":0.410699999999963,"failureMessages":[],"meta":{}},{"ancestorTitles":["CsvParser","generate"],"fullName":"CsvParser generate should generate CSV output","status":"passed","title":"should generate CSV output","duration":1.3555000000000064,"failureMessages":[],"meta":{}},{"ancestorTitles":["CsvParser","generate"],"fullName":"CsvParser generate should generate tab-delimited output","status":"passed","title":"should generate tab-delimited output","duration":0.320699999999988,"failureMessages":[],"meta":{}},{"ancestorTitles":["CsvParser","generate"],"fullName":"CsvParser generate should handle missing values with empty string","status":"passed","title":"should handle missing values with empty string","duration":0.2611999999999739,"failureMessages":[],"meta":{}}],"startTime":1771095990022,"endTime":1771095990034.3208,"status":"passed","message":"","name":"C:/Projects/flowti/Development/flowti/tests/domain/dataExchange/CsvParser.test.ts"},{"assertionResults":[{"ancestorTitles":["DataExchangeService","event handling"],"fullName":"DataExchangeService event handling should emit import.completed on successful import","status":"passed","title":"should emit import.completed on successful import","duration":71.61220000000003,"failureMessages":[],"meta":{}},{"ancestorTitles":["DataExchangeService","event handling"],"fullName":"DataExchangeService event handling should emit import.failed on error","status":"passed","title":"should emit import.failed on error","duration":51.53480000000002,"failureMessages":[],"meta":{}},{"ancestorTitles":["DataExchangeService","event handling"],"fullName":"DataExchangeService event handling should emit export.completed on successful export","status":"passed","title":"should emit export.completed on successful export","duration":58.32899999999995,"failureMessages":[],"meta":{}},{"ancestorTitles":["DataExchangeService","event handling"],"fullName":"DataExchangeService event handling should emit export.failed on error","status":"passed","title":"should emit export.failed on error","duration":51.630300000000034,"failureMessages":[],"meta":{}},{"ancestorTitles":["DataExchangeService","getImportService / getExportService"],"fullName":"DataExchangeService getImportService / getExportService should expose sub-services","status":"passed","title":"should expose sub-services","duration":0.6819000000000415,"failureMessages":[],"meta":{}},{"ancestorTitles":["DataExchangeService","setWriteExternalFile"],"fullName":"DataExchangeService setWriteExternalFile should pass through to export service","status":"passed","title":"should pass through to export service","duration":0.8402999999999565,"failureMessages":[],"meta":{}},{"ancestorTitles":["DataExchangeService","dispose"],"fullName":"DataExchangeService dispose should unsubscribe event listeners","status":"passed","title":"should unsubscribe event listeners","duration":64.59059999999988,"failureMessages":[],"meta":{}},{"ancestorTitles":["DataExchangeService","config persistence","import configs"],"fullName":"DataExchangeService config persistence import configs should save and retrieve import configs","status":"passed","title":"should save and retrieve import configs","duration":4.838500000000067,"failureMessages":[],"meta":{}},{"ancestorTitles":["DataExchangeService","config persistence","import configs"],"fullName":"DataExchangeService config persistence import configs should persist import configs to storage","status":"passed","title":"should persist import configs to storage","duration":1.4817000000000462,"failureMessages":[],"meta":{}},{"ancestorTitles":["DataExchangeService","config persistence","import configs"],"fullName":"DataExchangeService config persistence import configs should delete import configs","status":"passed","title":"should delete import configs","duration":1.0528999999999087,"failureMessages":[],"meta":{}},{"ancestorTitles":["DataExchangeService","config persistence","import configs"],"fullName":"DataExchangeService config persistence import configs should load persisted import configs","status":"passed","title":"should load persisted import configs","duration":1.2950000000000728,"failureMessages":[],"meta":{}},{"ancestorTitles":["DataExchangeService","config persistence","export configs"],"fullName":"DataExchangeService config persistence export configs should save and retrieve export configs","status":"passed","title":"should save and retrieve export configs","duration":1.651700000000119,"failureMessages":[],"meta":{}},{"ancestorTitles":["DataExchangeService","config persistence","export configs"],"fullName":"DataExchangeService config persistence export configs should persist export configs to storage","status":"passed","title":"should persist export configs to storage","duration":0.7912000000001171,"failureMessages":[],"meta":{}},{"ancestorTitles":["DataExchangeService","config persistence","export configs"],"fullName":"DataExchangeService config persistence export configs should delete export configs","status":"passed","title":"should delete export configs","duration":1.5954999999999018,"failureMessages":[],"meta":{}},{"ancestorTitles":["DataExchangeService","config persistence","export configs"],"fullName":"DataExchangeService config persistence export configs should load persisted export configs","status":"passed","title":"should load persisted export configs","duration":1.1152000000001863,"failureMessages":[],"meta":{}},{"ancestorTitles":["DataExchangeService","config persistence"],"fullName":"DataExchangeService config persistence should work without storage (no-op)","status":"passed","title":"should work without storage (no-op)","duration":2.3675000000000637,"failureMessages":[],"meta":{}},{"ancestorTitles":["DataExchangeService","config path tracking on rename","file.renamed"],"fullName":"DataExchangeService config path tracking on rename file.renamed should update export sourcePath when source file is renamed","status":"passed","title":"should update export sourcePath when source file is renamed","duration":64.6842999999999,"failureMessages":[],"meta":{}},{"ancestorTitles":["DataExchangeService","config path tracking on rename","file.renamed"],"fullName":"DataExchangeService config path tracking on rename file.renamed should update export outputPath when output file is renamed","status":"passed","title":"should update export outputPath when output file is renamed","duration":52.6866,"failureMessages":[],"meta":{}},{"ancestorTitles":["DataExchangeService","config path tracking on rename","file.renamed"],"fullName":"DataExchangeService config path tracking on rename file.renamed should NOT update outputPath when config is external","status":"passed","title":"should NOT update outputPath when config is external","duration":65.17039999999997,"failureMessages":[],"meta":{}},{"ancestorTitles":["DataExchangeService","config path tracking on rename","file.renamed"],"fullName":"DataExchangeService config path tracking on rename file.renamed should not modify configs when path does not match","status":"passed","title":"should not modify configs when path does not match","duration":52.48919999999998,"failureMessages":[],"meta":{}},{"ancestorTitles":["DataExchangeService","config path tracking on rename","file.renamed"],"fullName":"DataExchangeService config path tracking on rename file.renamed should persist changes after rename","status":"passed","title":"should persist changes after rename","duration":52.32359999999994,"failureMessages":[],"meta":{}},{"ancestorTitles":["DataExchangeService","config path tracking on rename","folder.renamed"],"fullName":"DataExchangeService config path tracking on rename folder.renamed should update export sourcePath when parent folder is renamed","status":"passed","title":"should update export sourcePath when parent folder is renamed","duration":61.74129999999991,"failureMessages":[],"meta":{}},{"ancestorTitles":["DataExchangeService","config path tracking on rename","folder.renamed"],"fullName":"DataExchangeService config path tracking on rename folder.renamed should update export sourcePath when source folder itself is renamed","status":"passed","title":"should update export sourcePath when source folder itself is renamed","duration":65.95439999999985,"failureMessages":[],"meta":{}},{"ancestorTitles":["DataExchangeService","config path tracking on rename","folder.renamed"],"fullName":"DataExchangeService config path tracking on rename folder.renamed should update import targetFolder when folder is renamed","status":"passed","title":"should update import targetFolder when folder is renamed","duration":54.37339999999995,"failureMessages":[],"meta":{}},{"ancestorTitles":["DataExchangeService","config path tracking on rename","folder.renamed"],"fullName":"DataExchangeService config path tracking on rename folder.renamed should not match partial folder name overlap","status":"passed","title":"should not match partial folder name overlap","duration":61.92399999999998,"failureMessages":[],"meta":{}},{"ancestorTitles":["DataExchangeService","config path tracking on rename","folder.renamed"],"fullName":"DataExchangeService config path tracking on rename folder.renamed should emit config.changed after folder rename updates","status":"passed","title":"should emit config.changed after folder rename updates","duration":52.33940000000007,"failureMessages":[],"meta":{}}],"startTime":1771095987862,"endTime":1771095988763.3394,"status":"passed","message":"","name":"C:/Projects/flowti/Development/flowti/tests/domain/dataExchange/DataExchangeService.test.ts"},{"assertionResults":[{"ancestorTitles":["ExportService","scanColumns"],"fullName":"ExportService scanColumns should discover frontmatter keys from folder files","status":"passed","title":"should discover frontmatter keys from folder files","duration":3.8542000000000485,"failureMessages":[],"meta":{}},{"ancestorTitles":["ExportService","scanColumns"],"fullName":"ExportService scanColumns should return sorted unique columns","status":"passed","title":"should return sorted unique columns","duration":0.874499999999955,"failureMessages":[],"meta":{}},{"ancestorTitles":["ExportService","scanColumns"],"fullName":"ExportService scanColumns should use base view order as columns for base sources","status":"passed","title":"should use base view order as columns for base sources","duration":10.203400000000045,"failureMessages":[],"meta":{}},{"ancestorTitles":["ExportService","scanColumns"],"fullName":"ExportService scanColumns should resolve formula columns via formulas map","status":"passed","title":"should resolve formula columns via formulas map","duration":1.9995999999999867,"failureMessages":[],"meta":{}},{"ancestorTitles":["ExportService","scanColumns"],"fullName":"ExportService scanColumns should fall back to formula name when no formulas section","status":"passed","title":"should fall back to formula name when no formulas section","duration":1.523399999999981,"failureMessages":[],"meta":{}},{"ancestorTitles":["ExportService","scanColumns"],"fullName":"ExportService scanColumns should fall back to frontmatter scan when base view has no order","status":"passed","title":"should fall back to frontmatter scan when base view has no order","duration":1.9472000000000094,"failureMessages":[],"meta":{}},{"ancestorTitles":["ExportService","scanViewFileProperties"],"fullName":"ExportService scanViewFileProperties should return file.* entries from base view order","status":"passed","title":"should return file.* entries from base view order","duration":0.8674000000000319,"failureMessages":[],"meta":{}},{"ancestorTitles":["ExportService","scanViewFileProperties"],"fullName":"ExportService scanViewFileProperties should return empty array when view has no order","status":"passed","title":"should return empty array when view has no order","duration":0.5936000000000377,"failureMessages":[],"meta":{}},{"ancestorTitles":["ExportService","executeExport (folder)"],"fullName":"ExportService executeExport (folder) should export folder as CSV with clean header labels","status":"passed","title":"should export folder as CSV with clean header labels","duration":2.754799999999989,"failureMessages":[],"meta":{}},{"ancestorTitles":["ExportService","execu
[...]
olumn":33},"end":{"line":307,"column":85}}],"line":307},"37":{"loc":{"start":{"line":308,"column":2},"end":{"line":308,"column":null}},"type":"if","locations":[{"start":{"line":308,"column":2},"end":{"line":308,"column":null}},{"start":{},"end":{}}],"line":308},"38":{"loc":{"start":{"line":308,"column":6},"end":{"line":308,"column":88}},"type":"binary-expr","locations":[{"start":{"line":308,"column":6},"end":{"line":308,"column":34}},{"start":{"line":308,"column":34},"end":{"line":308,"column":88}}],"line":308},"39":{"loc":{"start":{"line":309,"column":2},"end":{"line":309,"column":null}},"type":"if","locations":[{"start":{"line":309,"column":2},"end":{"line":309,"column":null}},{"start":{},"end":{}}],"line":309},"40":{"loc":{"start":{"line":309,"column":6},"end":{"line":309,"column":91}},"type":"binary-expr","locations":[{"start":{"line":309,"column":6},"end":{"line":309,"column":35}},{"start":{"line":309,"column":35},"end":{"line":309,"column":91}}],"line":309},"41":{"loc":{"start":{"line":316,"column":2},"end":{"line":316,"column":null}},"type":"if","locations":[{"start":{"line":316,"column":2},"end":{"line":316,"column":null}},{"start":{},"end":{}}],"line":316},"42":{"loc":{"start":{"line":316,"column":6},"end":{"line":316,"column":85}},"type":"binary-expr","locations":[{"start":{"line":316,"column":6},"end":{"line":316,"column":33}},{"start":{"line":316,"column":33},"end":{"line":316,"column":85}}],"line":316},"43":{"loc":{"start":{"line":317,"column":2},"end":{"line":317,"column":null}},"type":"if","locations":[{"start":{"line":317,"column":2},"end":{"line":317,"column":null}},{"start":{},"end":{}}],"line":317},"44":{"loc":{"start":{"line":317,"column":6},"end":{"line":317,"column":88}},"type":"binary-expr","locations":[{"start":{"line":317,"column":6},"end":{"line":317,"column":34}},{"start":{"line":317,"column":34},"end":{"line":317,"column":88}}],"line":317},"45":{"loc":{"start":{"line":318,"column":2},"end":{"line":318,"column":null}},"type":"if","locations":[{"start":{"line":318,"column":2},"end":{"line":318,"column":null}},{"start":{},"end":{}}],"line":318},"46":{"loc":{"start":{"line":318,"column":6},"end":{"line":318,"column":91}},"type":"binary-expr","locations":[{"start":{"line":318,"column":6},"end":{"line":318,"column":35}},{"start":{"line":318,"column":35},"end":{"line":318,"column":91}}],"line":318},"47":{"loc":{"start":{"line":333,"column":1},"end":{"line":336,"column":null}},"type":"if","locations":[{"start":{"line":333,"column":1},"end":{"line":336,"column":null}},{"start":{},"end":{}}],"line":333},"48":{"loc":{"start":{"line":333,"column":5},"end":{"line":333,"column":36}},"type":"binary-expr","locations":[{"start":{"line":333,"column":5},"end":{"line":333,"column":13}},{"start":{"line":333,"column":13},"end":{"line":333,"column":36}}],"line":333},"49":{"loc":{"start":{"line":349,"column":1},"end":{"line":353,"column":null}},"type":"if","locations":[{"start":{"line":349,"column":1},"end":{"line":353,"column":null}},{"start":{},"end":{}}],"line":349},"50":{"loc":{"start":{"line":349,"column":5},"end":{"line":349,"column":36}},"type":"binary-expr","locations":[{"start":{"line":349,"column":5},"end":{"line":349,"column":13}},{"start":{"line":349,"column":13},"end":{"line":349,"column":36}}],"line":349},"51":{"loc":{"start":{"line":367,"column":1},"end":{"line":370,"column":null}},"type":"if","locations":[{"start":{"line":367,"column":1},"end":{"line":370,"column":null}},{"start":{},"end":{}}],"line":367},"52":{"loc":{"start":{"line":367,"column":5},"end":{"line":367,"column":42}},"type":"binary-expr","locations":[{"start":{"line":367,"column":5},"end":{"line":367,"column":16}},{"start":{"line":367,"column":16},"end":{"line":367,"column":42}}],"line":367},"53":{"loc":{"start":{"line":396,"column":8},"end":{"line":396,"column":null}},"type":"cond-expr","locations":[{"start":{"line":396,"column":17},"end":{"line":396,"column":34}},{"start":{"line":396,"column":34},"end":{"line":396,"column":null}}],"line":396},"54":{"loc":{"start":{"line":405,"column":1},"end":{"line":420,"column":null}},"type":"if","locations":[{"start":{"line":405,"column":1},"end":{"line":420,"column":null}},{"start":{"line":411,"column":8},"end":{"line":420,"column":null}}],"line":405},"55":{"loc":{"start":{"line":467,"column":8},"end":{"line":467,"column":null}},"type":"cond-expr","locations":[{"start":{"line":467,"column":17},"end":{"line":467,"column":26}},{"start":{"line":467,"column":26},"end":{"line":467,"column":null}}],"line":467},"56":{"loc":{"start":{"line":482,"column":1},"end":{"line":482,"column":null}},"type":"if","locations":[{"start":{"line":482,"column":1},"end":{"line":482,"column":null}},{"start":{},"end":{}}],"line":482},"57":{"loc":{"start":{"line":483,"column":1},"end":{"line":483,"column":null}},"type":"if","locations":[{"start":{"line":483,"column":1},"end":{"line":483,"column":null}},{"start":{},"end":{}}],"line":483},"58":{"loc":{"start":{"line":484,"column":1},"end":{"line":484,"column":null}},"type":"if","locations":[{"start":{"line":484,"column":1},"end":{"line":484,"column":null}},{"start":{},"end":{}}],"line":484},"59":{"loc":{"start":{"line":485,"column":20},"end":{"line":485,"column":null}},"type":"cond-expr","locations":[{"start":{"line":485,"column":45},"end":{"line":485,"column":70}},{"start":{"line":485,"column":70},"end":{"line":485,"column":null}}],"line":485},"60":{"loc":{"start":{"line":487,"column":17},"end":{"line":487,"column":96}},"type":"cond-expr","locations":[{"start":{"line":487,"column":39},"end":{"line":487,"column":70}},{"start":{"line":487,"column":70},"end":{"line":487,"column":96}}],"line":487},"61":{"loc":{"start":{"line":487,"column":39},"end":{"line":487,"column":70}},"type":"binary-expr","locations":[{"start":{"line":487,"column":39},"end":{"line":487,"column":52}},{"start":{"line":487,"column":52},"end":{"line":487,"column":70}}],"line":487},"62":{"loc":{"start":{"line":487,"column":70},"end":{"line":487,"column":96}},"type":"binary-expr","locations":[{"start":{"line":487,"column":70},"end":{"line":487,"column":83}},{"start":{"line":487,"column":83},"end":{"line":487,"column":96}}],"line":487},"63":{"loc":{"start":{"line":488,"column":17},"end":{"line":488,"column":90}},"type":"cond-expr","locations":[{"start":{"line":488,"column":38},"end":{"line":488,"column":80}},{"start":{"line":488,"column":80},"end":{"line":488,"column":90}}],"line":488}},"s":{"0":0,"1":0,"2":0,"3":0,"4":0,"5":0,"6":0,"7":0,"8":0,"9":0,"10":0,"11":0,"12":2,"13":2,"14":3,"15":2,"16":0,"17":0,"18":0,"19":0,"20":6,"21":6,"22":5,"23":1,"24":4,"25":4,"26":4,"27":2,"28":6,"29":0,"30":0,"31":0,"32":0,"33":0,"34":0,"35":0,"36":0,"37":0,"38":0,"39":0,"40":0,"41":0,"42":0,"43":0,"44":0,"45":0,"46":0,"47":0,"48":0,"49":0,"50":0,"51":0,"52":0,"53":4,"54":2,"55":2,"56":3,"57":4,"58":3,"59":3,"60":5,"61":3,"62":4,"63":3,"64":78,"65":74,"66":3,"67":0,"68":0,"69":0,"70":0,"71":0,"72":0,"73":0,"74":0,"75":0,"76":0,"77":0,"78":0,"79":0,"80":0,"81":0,"82":0,"83":0,"84":0,"85":0,"86":0,"87":0,"88":0,"89":0,"90":0,"91":0,"92":0,"93":0,"94":0,"95":0,"96":0,"97":0,"98":6,"99":18,"100":6,"101":1,"102":17,"103":6,"104":3,"105":14,"106":3,"107":1,"108":13,"109":4,"110":8,"111":4,"112":1,"113":7,"114":2,"115":1,"116":6,"117":2,"118":1,"119":5,"120":3,"121":6,"122":2,"123":1,"124":5,"125":2,"126":1,"127":4,"128":2,"129":0,"130":4,"131":4,"132":8,"133":2,"134":1,"135":7,"136":4,"137":1,"138":6,"139":2,"140":1,"141":5,"142":3,"143":2,"144":0,"145":0,"146":0,"147":0,"148":0,"149":0,"150":0,"151":0,"152":0,"153":0,"154":0,"155":0,"156":0,"157":0,"158":0,"159":0,"160":0,"161":0,"162":0,"163":0,"164":0,"165":0,"166":0,"167":0,"168":0,"169":0,"170":0,"171":0,"172":0,"173":0,"174":0,"175":0,"176":0,"177":0,"178":0,"179":0,"180":0,"181":0,"182":0,"183":0,"184":0,"185":0,"186":0,"187":0,"188":0,"189":0,"190":0,"191":0,"192":0,"193":0,"194":0,"195":0,"196":0,"197":0,"198":0,"199":0,"200":0,"201":0,"202":0,"203":0,"204":0,"205":0,"206":0,"207":0,"208":0,"209":0,"210":0,"211":0,"212":0,"213":0,"214":0,"215":0,"216":0,"217":0,"218":0,"219":0,"220":0,"221":0,"222":0},"f":{"0":0,"1":0,"2":3,"3":2,"4":0,"5":6,"6":5,"7":6,"8":0,"9":0,"10":0,"11":0,"12":4,"13":2,"14":2,"15":3,"16":4,"17":3,"18":5,"19":4,"20":0,"21":0,"22":0,"23":0,"24":0,"25":0,"26":0,"27":0,"28":0,"29":0,"30":0,"31":0,"32":0,"33":0,"34":6,"35":18,"36":6,"37":6,"38":3,"39":4,"40":8,"41":4,"42":2,"43":2,"44":3,"45":6,"46":2,"47":2,"48":2,"49":4,"50":8,"51":2,"52":4,"53":2,"54":3,"55":2,"56":0,"57":0,"58":0,"59":0,"60":0,"61":0,"62":0,"63":0,"64":0,"65":0,"66":0,"67":0,"68":0,"69":0,"70":0,"71":0,"72":0,"73":0,"74":0},"b":{"0":[0,0],"1":[1,5],"2":[6,3],"3":[1,4],"4":[2,2],"5":[0,0],"6":[0,0],"7":[0,0],"8":[0,0],"9":[4,3],"10":[3,2],"11":[74,4],"12":[0,0,0],"13":[0,0,0],"14":[0,0],"15":[0,0],"16":[0,0],"17":[0,0],"18":[0,0],"19":[0,0],"20":[0,0],"21":[0,0],"22":[0,0],"23":[1,17],"24":[18,6],"25":[3,14],"26":[17,6],"27":[1,13],"28":[14,3],"29":[1,7],"30":[8,4],"31":[1,6],"32":[7,2],"33":[1,5],"34":[6,2],"35":[1,5],"36":[6,2],"37":[1,4],"38":[5,2],"39":[0,4],"40":[4,2],"41":[1,7],"42":[8,2],"43":[1,6],"44":[7,4],"45":[1,5],"46":[6,2],"47":[0,0],"48":[0,0],"49":[0,0],"50":[0,0],"51":[0,0],"52":[0,0],"53":[0,0],"54":[0,0],"55":[0,0],"56":[0,0],"57":[0,0],"58":[0,0],"59":[0,0],"60":[0,0],"61":[0,0],"62":[0,0],"63":[0,0]},"meta":{"lastBranch":64,"lastFunction":75,"lastStatement":223,"seen":{"f:42:16:42:33":0,"s:46:21:46:Infinity":0,"s:48:17:48:Infinity":1,"s:50:18:50:Infinity":2,"s:51:24:51:Infinity":3,"s:52:21:52:Infinity":4,"s:53:1:53:Infinity":5,"s:54:1:54:Infinity":6,"s:55:1:55:Infinity":7,"f:55:39:55:45":1,"s:55:45:55:91":8,"s:57:22:57:Infinity":9,"s:58:18:58:Infinity":10,"s:60:1:60:Infinity":11,"s:64:38:64:Infinity":12,"s:67:38:67:Infinity":13,"f:70:16:70:Infinity":2,"s:74:1:74:Infinity":14,"f:74:30:74:31":3,"s:74:37:74:62":15,"f:81:16:81:32":4,"s:82:14:82:Infinity":16,"b:83:1:83:Infinity:undefined:undefined:undefined:undefined":0,"s:83:1:83:Infinity":17,"s:83:31:83:Infinity":18,"s:84:1:84:Infinity":19,"f:89:16:89:25":5,"s:90:13:90:Infinity":20,"s:91:1:91:Infinity":21,"b:91:48:91:61:91:61:91:Infinity":1,"b:91:8:91:35:91:35:91:48":2,"f:94:16:94:30":6,"b:95:1:95:Infinity:undefined:undefined:undefined:undefined":3,"s:95:1:95:Infinity":22,"s:95:10:95:Infinity":23,"s:96:13:96:Infinity":24,"b:97:1:97:Infinity:undefined:undefined:undefined:undefined":4,"s:97:1:97:Infinity":25,"s:97:26:97:Infinity":26,"s:98:1:98:Infinity":27,"f:98:19:98:20":7,"s:98:35:98:56":28,"f:101:16:101:Infinity":8,"s:109:1:119:Infinity":29,"f:109:47:109:48":9,"s:110:2:110:Infinity":30,"s:111:2:111:Infinity":31,"b:112:2:112:Infinity:undefined:undefined:undefined:undefined":5,"s:112:2:112:Infinity":32,"s:112:23:112:Infinity":33,"s:113:2:113:Infinity":34,"s:114:2:114:Infinity":35,"b:115:2:117:Infinity:undefined:undefined:undefined:undefined":6,"s:115:2:117:Infinity":36,"s:116:3:116:Infinity":37,"b:118:2:118:Infinity:undefined:undefined:undefined:undefined":7,"s:118:2:118:Infinity":38,"s:118:19:118:Infinity":39,"f:126:16:126:27":10,"s:127:14:127:Infinity":40,"s:128:1:128:Infinity":41,"s:129:1:129:Infinity":42,"f:132:16:132:Infinity":11,"b:137:1:137:Infinity:undefined:undefined:undefined:undefined":8,"s:137:1:137:Infinity":43,"s:137:25:137:Infinity":44,"s:138:17:138:Infinity":45,"s:139:23:139:Infinity":46,"s:140:1:143:Infinity":47,"s:144:1:149:Infinity":48,"s:145:14:145:Infinity":49,"s:146:2:146:Infinity":50,"s:147:15:147:Infinity":51,"s:148:2:148:Infinity":52,"f:156:16:156:Infinity":12,"s:161:1:163:Infinity":53,"b:162:2:162:Infinity:163:2:163:Infinity":9,"f:162:21:162:22":13,"s:162:28:162:53":54,"f:163:19:163:20":14,"s:163:26:163:57":55,"f:167:16:167:29":15,"s:168:1:168:Infinity":56,"b:168:8:168:29:168:29:168:Infinity":10,"f:168:42:168:43":16,"s:168:49:168:74":57,"f:171:16:171:37":17,"s:172:20:172:Infinity":58,"s:173:16:173:Infinity":59,"f:173:41:173:42":18,"s:173:48:173:70":60,"s:174:23:174:Infinity":61,"f:174:42:174:43":19,"s:174:49:174:55":62,"s:175:1:179:Infinity":63,"b:176:2:178:Infinity:undefined:undefined:undefined:undefined":11,"s:176:2:178:Infinity":64,"s:177:3:177:Infinity":65,"s:180:1:180:Infinity":66,"f:183:16:183:Infinity":20,"s:188:1:213:Infinity":67,"f:188:29:188:30":21,"s:189:19:189:Infinity":68,"s:190:8:190:Infinity":69,"s:191:16:191:Infinity":70,"s:193:2:212:Infinity":71,"b:196:4:196:Infinity:197:4:197:Infinity:198:4:198:Infinity":12,"b:200:4:200:Infinity:201:4:201:Infinity:202:4:202:Infinity":13,"b:204:4:204:36:204:36:204:Infinity":14,"b:206:4:206:33:206:33:206:Infinity":15,"b:208:4:208:35:208:35:208:Infinity":16,"b:209:15:209:82:209:82:209:Infinity":17,"b:210:16:210:85:210:85:210:Infinity":18,"f:216:16:216:Infinity":22,"s:223:27:223:Infinity":72,"s:224:20:224:Infinity":73,"s:225:21:227:Infinity":74,"f:226:49:226:50":23,"s:226:56:226:65":75,"f:226:71:226:72":24,"s:226:78:226:84":76,"s:229:1:229:Infinity":77,"s:229:40:229:Infinity":78,"s:231:25:231:Infinity":79,"f:231:55:231:56":25,"s:231:62:231:68":80,"s:232:1:236:Infinity":81,"f:232:26:232:27":26,"b:233:2:233:Infinity:undefined:undefined:undefined:undefined":19,"s:233:2:233:Infinity":82,"s:233:36:233:Infinity":83,"b:234:2:234:Infinity:undefined:undefined:undefined:undefined":20,"s:234:2:234:Infinity":84,"b:234:6:234:27:234:27:234:57":21,"s:234:57:234:Infinity":85,"s:235:2:235:Infinity":86,"f:239:16:239:Infinity":27,"s:245:16:245:Infinity":87,"f:245:35:245:36":28,"s:245:42:245:62":88,"b:246:1:246:Infinity:undefined:undefined:undefined:undefined":22,"s:246:1:246:Infinity":89,"s:246:13:246:Infinity":90,"s:247:20:248:Infinity":91,"f:248:8:248:9":29,"s:248:15:248:35":92,"s:249:1:249:Infinity":93,"f:252:16:252:Infinity":30,"s:261:1:262:Infinity":94,"f:262:10:262:11":31,"s:262:17:262:65":95,"f:265:16:265:Infinity":32,"s:273:1:274:Infinity":96,"f:274:10:274:11":33,"s:274:17:274:42":97,"f:287:16:287:33":34,"s:288:1:293:Infinity":98,"f:288:27:288:28":35,"b:289:2:289:Infinity:undefined:undefined:undefined:undefined":23,"s:289:2:289:Infinity":99,"b:289:6:289:33:289:33:289:85":24,"f:289:47:289:48":36,"s:289:54:289:82":100,"s:289:85:289:Infinity":101,"b:290:2:290:Infinity:undefined:undefined:undefined:undefined":25,"s:290:2:290:Infinity":102,"b:290:6:290:34:290:34:290:88":26,"f:290:49:290:50":37,"s:290:56:290:85":103,"s:290:88:290:Infinity":104,"b:291:2:291:Infinity:undefined:undefined:undefined:undefined":27,"s:291:2:291:Infinity":105,"b:291:6:291:35:291:35:291:91":28,"f:291:51:291:52":38,"s:291:58:291:88":106,"s:291:91:291:Infinity":107,"s:292:2:292:Infinity":108,"f:296:16:296:35":39,"s:297:1:302:Infinity":109,"f:297:29:297:30":40,"b:298:2:298:Infinity:undefined:undefined:undefined:undefined":29,"s:298:2:298:Infinity":110,"b:298:6:298:33:298:33:298:90":30,"f:298:47:298:48":41,"s:298:54:298:87":111,"s:298:90:298:Infinity":112,"b:299:2:299:Infinity:undefined:undefined:undefined:undefined":31,"s:299:2:299:Infinity":113,"b:299:6:299:34:299:34:299:88":32,"f:299:49:299:50":42,"s:299:56:299:85":114,"s:299:88:299:Infinity":115,"b:300:2:300:Infinity:undefined:undefined:undefined:undefined":33,"s:300:2:300:Infinity":116,"b:300:6:300:35:300:35:300:93":34,"f:300:51:300:52":43,"s:300:59:300:90":117,"s:300:93:300:Infinity":118,"s:301:2:301:Infinity":119,"f:305:16:305:34":44,"s:306:1:311:Infinity":120,"f:306:28:306:29":45,"b:307:2:307:Infinity:undefined:undefined:undefined:undefined":35,"s:307:2:307:Infinity":121,"b:307:6:307:33:307:33:307:85":36,"f:307:47:307:48":46,"s:307:54:307:82":122,"s:307:85:307:Infinity":123,"b:308:2:308:Infinity:undefined:undefined:undefined:undefined":37,"s:308:2:308:Infinity":124,"b:308:6:308:34:308:34:308:88":38,"f:308:49:308:50":47,"s:308:56:308:85":125,"s:308:88:308:Infinity":126,"b:309:2:309:Infinity:undefined:undefined:undefined:undefined":39,"s:309:2:309:Infinity":127,"b:309:6:309:35:309:35:309:91":40,"f:309:51:309:52":48,"s:309:58:309:88":128,"s:309:91:309:Infinity":129,"s:310:2:310:Infinity":130,"f:314:16:314:36":49,"s:315:1:320:Infinity":131,"f:315:30:315:31":50,"b:316:2:316:Infinity:undefined:undefined:undefined:undefined":41,"s:316:2:316:Infinity":132,"b:316:6:316:33:316:33:316:85":42,"f:316:47:316:48":51,"s:316:54:316:82":133,"s:316:85:316:Infinity":134,"b:317:2:317:Infinity:undefined:undefined:undefined:undefined":43,"s:317:2:317:Infinity":135,"b:317:6:317:34:317:34:317:88":44,"f:317:49:317:50":52,"s:317:56:317:85":136,"s:317:88:317:Infinity":137,"b:318:2:318:Infinity:undefined:undefined:undefined:undefined":45,"s:318:2:318:Infinity":138,"b:318:6:318:35:318:35:318:91":46,"f:318:51:318:52":53,"s:318:58:318:88":139,"s:318:91:318:Infinity":140,"s:319:2:319:Infinity":141,"f:327:16:327:30":54,"s:328:1:328:Infinity":142,"f:328:30:328:31":55,"s:328:37:328:62":143,"f:331:22:331:31":56,"s:332:14:332:Infinity":144,"b:333:1:336:Infinity:undefined:undefined:undefined:undefined":47,"s:333:1:336:Infinity":145,"b:333:5:333:13:333:13:333:36":48,"s:334:15:334:Infinity":146,"s:335:2:335:Infinity":147,"f:339:22:339:Infinity":57,"s:345:7:345:Infinity":148,"s:347:14:347:Infinity":149,"b:349:1:353:Infinity:undefined:undefined:undefined:undefined":49,"s:349:1:353:Infinity":150,"b:349:5:349:13:349:13:349:36":50,"s:350:15:350:Infinity":151,"s:351:2:351:Infinity":152,"s:352:2:352:Infinity":153,"s:356:7:356:Infinity":154,"s:357:1:363:Infinity":155,"s:366:17:366:Infinity":156,"b:367:1:370:Infinity:undefined:undefined:undefined:undefined":51,"s:367:1:370:Infinity":157,"b:367:5:367:16:367:16:367:42":52,"s:368:15:368:Infinity":158,"s:369:2:369:Infinity":159,"f:386:16:386:39":58,"s:393:65:393:Infinity":160,"s:395:1:397:Infinity":161,"b:396:17:396:34:396:34:396:Infinity":53,"s:399:1:402:Infinity":162,"s:404:22:404:Infinity":163,"b:405:1:420:Infinity:411:8:420:Infinity":54,"s:405:1:420:Infinity":164,"s:406:2:406:Infinity":165,"s:407:2:410:Infinity":166,"f:407:23:407:24":59,"s:408:3:408:Infinity":167,"s:409:3:409:Infinity":168,"s:412:2:414:Infinity":169,"s:415:2:419:Infinity":170,"f:415:23:415:24":60,"s:416:3:416:Infinity":171,"s:417:3:417:Infinity":172,"s:418:3:418:Infinity":173,"f:418:17:418:18":61,"s:418:30:418:58":174,"s:422:1:429:Infinity":175,"f:425:11:425:12":62,"s:426:3:426:Infinity":176,"s:427:3:427:Infinity":177,"s:428:3:428:Infinity":178,"f:428:17:428:18":63,"s:428:30:428:54":179,"s:431:1:438:Infinity":180,"f:434:11:434:12":64,"s:435:3:435:Infinity":181,"s:436:3:436:Infinity":182,"s:437:3:437:Infinity":183,"f:437:17:437:18":65,"s:437:30:437:60":184,"s:440:1:447:Infinity":185,"f:443:11:443:12":66,"s:444:3:444:Infinity":186,"s:445:3:445:Infinity":187,"s:446:3:446:Infinity":188,"f:446:17:446:18":67,"s:446:30:446:58":189,"s:449:1:456:Infinity":190,"f:452:11:452:12":68,"s:453:3:453:Infinity":191,"s:454:3:454:Infinity":192,"s:455:3:455:Infinity":193,"f:455:17:455:18":69,"s:455:30:455:60":194,"s:458:16:458:Infinity":195,"s:460:19:463:Infinity":196,"s:464:1:464:Infinity":197,"s:466:17:469:Infinity":198,"b:467:17:467:26:467:26:467:Infinity":55,"s:470:1:470:Infinity":199,"f:473:16:473:38":70,"s:479:17:479:Infinity":200,"s:481:31:481:Infinity":201,"b:482:1:482:Infinity:undefined:undefined:undefined:undefined":56,"s:482:1:482:Infinity":202,"s:482:30:482:Infinity":203,"b:483:1:483:Infinity:undefined:undefined:undefined:undefined":57,"s:483:1:483:Infinity":204,"s:483:28:483:Infinity":205,"b:484:1:484:Infinity:undefined:undefined:undefined:undefined":58,"s:484:1:484:Infinity":206,"s:484:30:484:Infinity":207,"s:485:20:485:Infinity":208,"b:485:45:485:70:485:70:485:Infinity":59,"s:487:1:487:Infinity":209,"b:487:39:487:70:487:70:487:96":60,"b:487:39:487:52:487:52:487:70":61,"b:487:70:487:83:487:83:487:96":62,"s:488:1:488:Infinity":210,"b:488:38:488:80:488:80:488:90":63,"s:490:1:498:Infinity":211,"f:490:19:490:20":71,"s:491:2:491:Infinity":212,"s:492:2:497:Infinity":213,"f:492:18:492:19":72,"s:493:3:496:Infinity":214,"s:500:1:504:Infinity":215,"f:500:24:500:25":73,"s:501:2:501:Infinity":216,"s:502:2:502:Infinity":217,"s:503:2:503:Infinity":218,"s:506:1:510:Infinity":219,"f:506:24:506:25":74,"s:507:2:507:Infinity":220,"s:508:2:508:Infinity":221,"s:509:2:509:Infinity":222}}}}}